4972: 00:12:13.788 - ---
4972: 00:12:13.788 - Service: "Photon Socket Server" starting
4972: 00:12:13.788 - Config File: D:\BattleRoyalServer\PhotonBase\deploy\bin_Win64\PhotonServer.config
4972: 00:12:13.789 - Will produce at most: 10 crash dumps
4972: 00:12:13.789 - Service shutting down
4972: 00:12:13.790 - Service shut down complete
12924: 00:12:37.226 - ---
12924: 00:12:37.226 - Service: "Photon Socket Server" starting
12924: 00:12:37.226 - Config File: D:\BattleRoyalServer\PhotonBase\deploy\bin_Win64\PhotonServer.config
12924: 00:12:37.227 - Will produce at most: 10 crash dumps
12924: 00:12:37.227 - Service shutting down
12924: 00:12:37.228 - Service shut down complete
10088: 00:14:17.027 - ---
10088: 00:14:17.027 - Service: "Photon Socket Server" starting
10088: 00:14:17.028 - Config File: D:\BattleRoyalServer\PhotonBase\deploy\bin_Win64\PhotonServer.config
10088: 00:14:17.028 - Will produce at most: 10 crash dumps
10088: 00:14:17.028 - Service shutting down
10088: 00:14:17.029 - Service shut down complete
9852: 00:17:34.433 - ---
9852: 00:17:34.433 - Service: "Photon Socket Server" starting
9852: 00:17:34.433 - Config File: D:\BattleRoyalServer\PhotonBase\deploy\bin_Win64\PhotonServer.config
9852: 00:17:34.441 - Will produce at most: 10 crash dumps
9852: 00:17:34.441 - Service shutting down
9852: 00:17:34.444 - Service shut down complete
6808: 00:20:11.731 - ---
6808: 00:20:11.731 - Service: "Photon Socket Server" starting
6808: 00:20:11.731 - Config File: D:\BattleRoyalServer\PhotonBase\deploy\bin_Win64\PhotonServer.config
6808: 00:20:11.733 - Will produce at most: 10 crash dumps
6808: 00:20:11.733 - Service shutting down
6808: 00:20:11.734 - Service shut down complete
8444: 00:21:52.601 - ---
8444: 00:21:52.601 - Service: "Photon Socket Server" starting
8444: 00:21:52.601 - Config File: D:\BattleRoyalServer\PhotonBase\deploy\bin_Win64\PhotonServer.config
8444: 00:21:52.604 - Will produce at most: 10 crash dumps
8444: 00:21:52.604 - Service shutting down
8444: 00:21:52.605 - Service shut down complete
3752: 00:35:56.761 - ---
3752: 00:35:56.761 - Service: "Photon Socket Server" starting
3752: 00:35:56.761 - Config File: D:\BattleRoyalServer\PhotonBase\deploy\bin_Win64\PhotonServer.config
3752: 00:35:56.763 - Will produce at most: 10 crash dumps
3752: 00:35:56.763 - Service shutting down
3752: 00:35:56.765 - Service shut down complete
13412: 00:39:28.250 - ---
13412: 00:39:28.250 - Service: "Photon Socket Server" starting
13412: 00:39:28.250 - Config File: D:\BattleRoyalServer\PhotonBase\deploy\bin_Win64\PhotonServer.config
13412: 00:39:28.251 - Will produce at most: 10 crash dumps
13412: 00:39:28.251 - Service shutting down
13412: 00:39:28.252 - Service shut down complete
9124: 00:47:42.903 - ---
9124: 00:47:42.903 - Service: "Photon Socket Server" starting
9124: 00:47:42.903 - Config File: D:\BattleRoyalServer\PhotonBase\deploy\bin_Win64\PhotonServer.config
9124: 00:47:42.904 - Will produce at most: 10 crash dumps
9124: 00:47:42.904 - Service shutting down
9124: 00:47:42.904 - Service shut down complete
6904: 00:53:59.621 - ---
6904: 00:53:59.621 - Service: "Photon Socket Server" starting
6904: 00:53:59.621 - Config File: D:\BattleRoyalServer\PhotonBase\deploy\bin_Win64\PhotonServer.config
6904: 00:53:59.623 - Will produce at most: 10 crash dumps
6904: 00:53:59.623 - Service shutting down
6904: 00:53:59.625 - Service shut down complete
6284: 01:55:06.859 - ---
6284: 01:55:06.859 - Service: "Photon Socket Server" starting
6284: 01:55:06.859 - Config File: D:\BattleRoyalServer\PhotonBase\deploy\bin_Win64\PhotonServer.config
6284: 01:55:06.860 - Will produce at most: 10 crash dumps
6284: 01:55:06.860 - Service shutting down
6284: 01:55:06.860 - Service shut down complete
13732: 01:58:04.371 - ---
13732: 01:58:04.371 - Service: "Photon Socket Server" starting
13732: 01:58:04.372 - Config File: D:\BattleRoyalServer\PhotonBase\deploy\bin_Win64\PhotonServer.config
13732: 01:58:04.373 - Will produce at most: 10 crash dumps
13732: 01:58:04.373 - Service shutting down
13732: 01:58:04.374 - Service shut down complete
8316: 02:00:27.895 - ---
8316: 02:00:27.895 - Service: "Photon Socket Server" starting
8316: 02:00:27.896 - Config File: D:\BattleRoyalServer\PhotonBase\deploy\bin_Win64\PhotonServer.config
8316: 02:00:27.896 - Will produce at most: 10 crash dumps
8316: 02:00:27.896 - Service shutting down
8316: 02:00:27.897 - Service shut down complete
6580: 02:03:19.631 - ---
6580: 02:03:19.631 - Service: "Photon Socket Server" starting
6580: 02:03:19.631 - Config File: D:\BattleRoyalServer\PhotonBase\deploy\bin_Win64\PhotonServer.config
6580: 02:03:19.633 - Will produce at most: 10 crash dumps
6580: 02:03:19.633 - Service shutting down
6580: 02:03:19.634 - Service shut down complete
14196: 02:16:17.505 - ---
14196: 02:16:17.505 - Service: "Photon Socket Server" starting
14196: 02:16:17.505 - Config File: D:\BattleRoyalServer\PhotonBase\deploy\bin_Win64\PhotonServer.config
14196: 02:16:17.506 - Will produce at most: 10 crash dumps
14196: 02:16:17.506 - Service shutting down
14196: 02:16:17.506 - Service shut down complete
13876: 02:27:51.603 - ---
13876: 02:27:51.603 - Service: "Photon Socket Server" starting
13876: 02:27:51.603 - Config File: D:\BattleRoyalServer\PhotonBase\deploy\bin_Win64\PhotonServer.config
13876: 02:27:51.604 - Will produce at most: 10 crash dumps
13876: 02:27:51.604 - Service shutting down
13876: 02:27:51.605 - Service shut down complete
9460: 22:18:43.329 - ---
9460: 22:18:43.329 - Service: "Photon Socket Server" starting
9460: 22:18:43.329 - Config File: D:\BattleRoyalServer\PhotonBase\deploy\bin_Win64\PhotonServer.config
9460: 22:18:43.330 - Will produce at most: 10 crash dumps
9460: 22:18:43.331 - Service shutting down
9460: 22:18:43.331 - Service shut down complete
9256: 22:26:28.309 - ---
9256: 22:26:28.309 - Service: "Photon Socket Server" starting
9256: 22:26:28.309 - Config File: D:\BattleRoyalServer\PhotonBase\deploy\bin_Win64\PhotonServer.config
9256: 22:26:28.311 - Will produce at most: 10 crash dumps
9256: 22:26:28.311 - Service shutting down
9256: 22:26:28.311 - Service shut down complete
