10892: 20:08:27.217 - ---
10892: 20:08:27.217 - Service: "Photon Socket Server" starting
10892: 20:08:27.217 - Config File: D:\BattleRoyalServer\PhotonBase\deploy\bin_Win64\PhotonServer.config
10892: 20:08:27.218 - Will produce at most: 10 crash dumps
10892: 20:08:27.219 - Service shutting down
10892: 20:08:27.220 - Service shut down complete
11688: 21:11:39.512 - ---
11688: 21:11:39.512 - Service: "Photon Socket Server" starting
11688: 21:11:39.512 - Config File: D:\BattleRoyalServer\PhotonBase\deploy\bin_Win64\PhotonServer.config
11688: 21:11:39.515 - Will produce at most: 10 crash dumps
11688: 21:11:39.515 - Service shutting down
11688: 21:11:39.518 - Service shut down complete
11984: 21:22:32.779 - ---
11984: 21:22:32.779 - Service: "Photon Socket Server" starting
11984: 21:22:32.779 - Config File: D:\BattleRoyalServer\PhotonBase\deploy\bin_Win64\PhotonServer.config
11984: 21:22:32.780 - Will produce at most: 10 crash dumps
11984: 21:22:32.780 - Service shutting down
11984: 21:22:32.781 - Service shut down complete
7568: 21:32:02.255 - ---
7568: 21:32:02.255 - Service: "Photon Socket Server" starting
7568: 21:32:02.255 - Config File: D:\BattleRoyalServer\PhotonBase\deploy\bin_Win64\PhotonServer.config
7568: 21:32:02.256 - Will produce at most: 10 crash dumps
7568: 21:32:02.256 - Service shutting down
7568: 21:32:02.257 - Service shut down complete
9660: 22:01:03.238 - ---
9660: 22:01:03.238 - Service: "Photon Socket Server" starting
9660: 22:01:03.238 - Config File: D:\BattleRoyalServer\PhotonBase\deploy\bin_Win64\PhotonServer.config
9660: 22:01:03.239 - Will produce at most: 10 crash dumps
9660: 22:01:03.239 - Service shutting down
9660: 22:01:03.239 - Service shut down complete
9376: 22:11:51.687 - ---
9376: 22:11:51.687 - Service: "Photon Socket Server" starting
9376: 22:11:51.687 - Config File: D:\BattleRoyalServer\PhotonBase\deploy\bin_Win64\PhotonServer.config
9376: 22:11:51.688 - Will produce at most: 10 crash dumps
9376: 22:11:51.688 - Service shutting down
9376: 22:11:51.689 - Service shut down complete
11876: 22:15:40.707 - ---
11876: 22:15:40.707 - Service: "Photon Socket Server" starting
11876: 22:15:40.707 - Config File: D:\BattleRoyalServer\PhotonBase\deploy\bin_Win64\PhotonServer.config
11876: 22:15:40.708 - Will produce at most: 10 crash dumps
11876: 22:15:40.708 - Service shutting down
11876: 22:15:40.709 - Service shut down complete
8420: 22:17:28.969 - ---
8420: 22:17:28.969 - Service: "Photon Socket Server" starting
8420: 22:17:28.969 - Config File: D:\BattleRoyalServer\PhotonBase\deploy\bin_Win64\PhotonServer.config
8420: 22:17:28.971 - Will produce at most: 10 crash dumps
8420: 22:17:28.971 - Service shutting down
8420: 22:17:28.972 - Service shut down complete
3948: 23:49:09.280 - ---
3948: 23:49:09.280 - Service: "Photon Socket Server" starting
3948: 23:49:09.280 - Config File: D:\BattleRoyalServer\PhotonBase\deploy\bin_Win64\PhotonServer.config
3948: 23:49:09.281 - Will produce at most: 10 crash dumps
3948: 23:49:09.281 - Service shutting down
3948: 23:49:09.281 - Service shut down complete
