6528: 15:47:13.386 - ---
6528: 15:47:13.386 - Service: "Photon Socket Server" starting
6528: 15:47:13.386 - Config File: D:\BattleRoyalServer\PhotonBase\deploy\bin_Win64\PhotonServer.config
6528: 15:47:13.388 - Will produce at most: 10 crash dumps
6528: 15:47:13.388 - Service shutting down
6528: 15:47:13.390 - Service shut down complete
12456: 15:49:52.916 - ---
12456: 15:49:52.916 - Service: "Photon Socket Server" starting
12456: 15:49:52.916 - Config File: D:\BattleRoyalServer\PhotonBase\deploy\bin_Win64\PhotonServer.config
12456: 15:49:52.918 - Will produce at most: 10 crash dumps
12456: 15:49:52.919 - Service shutting down
12456: 15:49:52.922 - Service shut down complete
13400: 15:52:55.122 - ---
13400: 15:52:55.122 - Service: "Photon Socket Server" starting
13400: 15:52:55.122 - Config File: D:\BattleRoyalServer\PhotonBase\deploy\bin_Win64\PhotonServer.config
13400: 15:52:55.125 - Will produce at most: 10 crash dumps
13400: 15:52:55.125 - Service shutting down
13400: 15:52:55.126 - Service shut down complete
13164: 15:59:30.220 - ---
13164: 15:59:30.220 - Service: "Photon Socket Server" starting
13164: 15:59:30.220 - Config File: D:\BattleRoyalServer\PhotonBase\deploy\bin_Win64\PhotonServer.config
13164: 15:59:30.222 - Will produce at most: 10 crash dumps
13164: 15:59:30.222 - Service shutting down
13164: 15:59:30.223 - Service shut down complete
10356: 16:02:26.219 - ---
10356: 16:02:26.219 - Service: "Photon Socket Server" starting
10356: 16:02:26.219 - Config File: D:\BattleRoyalServer\PhotonBase\deploy\bin_Win64\PhotonServer.config
10356: 16:02:26.220 - Will produce at most: 10 crash dumps
10356: 16:02:26.220 - Service shutting down
10356: 16:02:26.221 - Service shut down complete
12520: 16:04:40.119 - ---
12520: 16:04:40.119 - Service: "Photon Socket Server" starting
12520: 16:04:40.119 - Config File: D:\BattleRoyalServer\PhotonBase\deploy\bin_Win64\PhotonServer.config
12520: 16:04:40.121 - Will produce at most: 10 crash dumps
12520: 16:04:40.121 - Service shutting down
12520: 16:04:40.122 - Service shut down complete
8376: 16:07:10.499 - ---
8376: 16:07:10.499 - Service: "Photon Socket Server" starting
8376: 16:07:10.500 - Config File: D:\BattleRoyalServer\PhotonBase\deploy\bin_Win64\PhotonServer.config
8376: 16:07:10.502 - Will produce at most: 10 crash dumps
8376: 16:07:10.502 - Service shutting down
8376: 16:07:10.503 - Service shut down complete
14004: 16:12:09.489 - ---
14004: 16:12:09.489 - Service: "Photon Socket Server" starting
14004: 16:12:09.490 - Config File: D:\BattleRoyalServer\PhotonBase\deploy\bin_Win64\PhotonServer.config
14004: 16:12:09.491 - Will produce at most: 10 crash dumps
14004: 16:12:09.491 - Service shutting down
14004: 16:12:09.493 - Service shut down complete
1192: 16:14:58.871 - ---
1192: 16:14:58.871 - Service: "Photon Socket Server" starting
1192: 16:14:58.871 - Config File: D:\BattleRoyalServer\PhotonBase\deploy\bin_Win64\PhotonServer.config
1192: 16:14:58.873 - Will produce at most: 10 crash dumps
1192: 16:14:58.873 - Service shutting down
1192: 16:14:58.874 - Service shut down complete
16680: 16:27:03.718 - ---
16680: 16:27:03.718 - Service: "Photon Socket Server" starting
16680: 16:27:03.718 - Config File: D:\BattleRoyalServer\PhotonBase\deploy\bin_Win64\PhotonServer.config
16680: 16:27:03.721 - Will produce at most: 10 crash dumps
16680: 16:27:03.721 - Service shutting down
16680: 16:27:03.722 - Service shut down complete
