5984: 17:57:37.299 - ---
5984: 17:57:37.299 - Service: "Photon Socket Server" starting
5984: 17:57:37.299 - Config File: D:\BattleRoyalServer\PhotonBase\deploy\bin_Win64\PhotonServer.config
5984: 17:57:37.302 - Will produce at most: 10 crash dumps
5984: 17:57:37.302 - Action: run as exe
5984: 17:57:37.304 - Server Starting...
5984: 17:57:37.305 -    Tick count: 14573816 (wraps in: 49.5416 days)
5984: 17:57:37.305 - Tick count 64: 14573816
5984: 17:57:37.305 - Photon Version: 4.0.28.2962
5984: 17:57:37.305 - PID: 8992
5984: 17:57:37.305 - Config File: D:\BattleRoyalServer\PhotonBase\deploy\bin_Win64\PhotonServer.config
5984: 17:57:37.306 - Will NOT log unimportant exceptions
5984: 17:57:37.314 - Not using performance counters as they are not currently installed. Run the service with /InstallCounters to install them.
5984: 17:57:37.315 - Shutdown timeout enabled: 30000ms
5984: 17:57:37.316 - Starting I/O thread pool with 2 threads
5984: 17:57:37.316 - Using Standard allocator
5984: 17:57:37.317 - Max message size: 512000
5984: 17:57:37.317 - Starting business logic thread pool with the following settings
5984: 17:57:37.317 - InitialThreads: 4 threads
5984: 17:57:37.317 - MinThreads: 4 threads
5984: 17:57:37.317 - Thread pool is fixed size
5984: 17:57:37.319 - Starting ENet thread pool with the following settings
5984: 17:57:37.319 - InitialThreads: 2 threads
5984: 17:57:37.320 - MinThreads: 2 threads
5984: 17:57:37.320 - Thread pool is fixed size
5984: 17:57:37.320 - OnlyDispatchTimers: False
5984: 17:57:37.323 - S2S: flow control: Max pending writes: 50
5984: 17:57:37.324 - S2S: flow control: Max queued buffers: 200
5984: 17:57:37.324 - S2S: flow control: Max pending writes MUX: 500
5984: 17:57:37.324 - S2S: flow control: Max queued buffers MUX: 2000
5984: 17:57:37.324 - S2S: MaxInboundMessageSize: 512000
5984: 17:57:37.324 - S2S: MaxOutboundMessageSize: 512000
5984: 17:57:37.324 - S2S: No inactivity timeout
5984: 17:57:37.329 - WebSocket S2S: MaxInboundMessageSize: 512000
5984: 17:57:37.329 - WebSocket S2S: MaxOutboundMessageSize: 512000
5984: 17:57:37.329 - WebSocket S2S: No inactivity timeout
5984: 17:57:37.330 - Max Reliable Data In Transit (awaiting ACKs) per peer : 51200 bytes
5984: 17:57:37.330 - Per peer bandwidth limit
5984: 17:57:37.330 - Transmit Rate Limit: 256 KB/Sec
5984: 17:57:37.330 - Limit period: 200ms
5984: 17:57:37.330 - Limit per period: 52428 bytes
5984: 17:57:37.330 - Max queued data for transmission per peer: 512000 bytes
5984: 17:57:37.330 - Minimum retransmit timeout: 200
5984: 17:57:37.330 - No Maximum retransmit timeout
5984: 17:57:37.330 - Minimum ENet timeout: 5000ms
5984: 17:57:37.330 - Maximum ENet timeout: 30000ms
5984: 17:57:37.330 - Max Inbound Reliable Data Queued (awaiting resends of earlier sequence numbers) per peer : 163840 bytes
5984: 17:57:37.330 - No RTT ACK adjustment timeout
5984: 17:57:37.330 - Outbound ENet: MaxInboundMessageSize: 512000
5984: 17:57:37.330 - Outbound ENet: MaxOutboundMessageSize: 512000
5984: 17:57:37.349 - GetRuntime - About to load CLR - versions available:
5984: 17:57:37.349 - v2.0.50727
5984: 17:57:37.349 - v4.0.30319
5984: 17:57:37.349 - Configuration requests: "v2.0.50727"
5984: 17:57:37.349 - About to load version: "v2.0.50727"
5984: 17:57:37.543 - About to load runtime: PhotonHostRuntime.PhotonDomainManager from PhotonHostRuntime, Culture=neutral, PublicKeyToken=02C301B61B060C4D
5984: 17:57:37.544 - CLRBaseDirectory set to "D:\BattleRoyalServer\PhotonBase\deploy"
5984: 17:57:37.544 - Optimising event broadcast for 20 or more peers
5984: 17:57:37.546 - Start: About to load CLR - versions available:
5984: 17:57:37.546 - v2.0.50727
5984: 17:57:37.546 - v4.0.30319
5984: 17:57:37.546 - No preference in configuration file, will load latest.
5984: 17:57:37.546 - About to load version: "v4.0.30319"
5984: 17:57:37.548 - Loaded version: "v4.0.30319"
5984: 17:57:37.804 - Photon host runtime loaded
5984: 17:57:40.453 - License is valid.
5984: 17:57:40.453 - Licensed for 100 concurrent connections.
5984: 17:57:40.453 - ENet: Max Reliable Data In Transit (awaiting ACKs) per peer : 51200 bytes
5984: 17:57:40.453 - ENet: Per peer bandwidth limit
5984: 17:57:40.453 - ENet: Transmit Rate Limit: 256 KB/Sec
5984: 17:57:40.453 - ENet: Limit period: 200ms
5984: 17:57:40.453 - ENet: Limit per period: 52428 bytes
5984: 17:57:40.453 - ENet: Max queued data for transmission per peer: 512000 bytes
5984: 17:57:40.453 - ENet: Minimum retransmit timeout: 200
5984: 17:57:40.453 - No Maximum retransmit timeout
5984: 17:57:40.453 - ENet: Minimum timeout: 5000ms
5984: 17:57:40.453 - ENet: Maximum timeout: 30000ms
5984: 17:57:40.453 - ENet: Max Inbound Reliable Data Queued (awaiting resends of earlier sequence numbers) per peer : 163840 bytes
5984: 17:57:40.453 - No RTT ACK adjustment timeout
5984: 17:57:40.453 - About to load application: MasterServer from masterServer
5984: 17:57:40.453 - Auto restart is enabled for application, existing connections will be terminated during restart
5984: 17:57:40.453 - Application will restart 1000ms after the last change detected
5984: 17:57:40.453 - Application will restart if files matching the following are changed: "dll;config"
5984: 17:57:40.453 - Application will NOT restart if files matching the following are changed: "log4net.config"
5984: 17:57:40.804 - Taking reference on default app domain
5984: 17:57:40.965 - Application: "MasterServer" started in app domain: 2
5984: 17:57:40.965 - About to load application: GameServer from gameServer
5984: 17:57:40.965 - Auto restart is enabled for application, existing connections will be terminated during restart
5984: 17:57:40.965 - Application will restart 1000ms after the last change detected
5984: 17:57:40.965 - Application will restart if files matching the following are changed: "dll;config"
5984: 17:57:40.965 - Application will NOT restart if files matching the following are changed: "log4net.config"
5984: 17:57:41.039 - Taking reference on default app domain
5984: 17:57:41.090 - Application: "GameServer" started in app domain: 3
5984: 17:57:41.090 - About to load application: CounterPublisher from CounterPublisher
5984: 17:57:41.090 - Auto restart is enabled for application, existing connections will be terminated during restart
5984: 17:57:41.090 - Application will restart 1000ms after the last change detected
5984: 17:57:41.090 - Application will restart if files matching the following are changed: "dll;config"
5984: 17:57:41.090 - Application will NOT restart if files matching the following are changed: "log4net.config"
5984: 17:57:41.191 - Taking reference on default app domain
5984: 17:57:41.285 - Application: "CounterPublisher" started in app domain: 4
5984: 17:57:41.298 - Adding TCP listener on: 0.0.0.0: 4530 with a listen backlog of: 150
5984: 17:57:41.298 - TCP inactivity timeout: 10000ms
5984: 17:57:41.298 - TCP disconnect timeout: 120000ms
5984: 17:57:41.298 - MaxInboundMessageSize: 512000
5984: 17:57:41.298 - MaxOutboundMessageSize: 512000
5984: 17:57:41.298 - Forcing all applications ids to: "MasterServer"
5984: 17:57:41.299 - Serving policy file requests from: "D:\BattleRoyalServer\PhotonBase\deploy\Policy\assets\socket-policy.xml"
5984: 17:57:41.316 - Adding TCP listener on: 0.0.0.0: 4531 with a listen backlog of: 150
5984: 17:57:41.316 - TCP inactivity timeout: 10000ms
5984: 17:57:41.316 - TCP disconnect timeout: 120000ms
5984: 17:57:41.316 - MaxInboundMessageSize: 512000
5984: 17:57:41.316 - MaxOutboundMessageSize: 512000
5984: 17:57:41.316 - Forcing all applications ids to: "GameServer"
5984: 17:57:41.316 - Serving policy file requests from: "D:\BattleRoyalServer\PhotonBase\deploy\Policy\assets\socket-policy.xml"
5984: 17:57:41.316 - Adding TCP listener on: 0.0.0.0: 4520 with a listen backlog of: 150
5984: 17:57:41.316 - TCP inactivity timeout: 5000ms
5984: 17:57:41.316 - TCP disconnect timeout: 120000ms
5984: 17:57:41.316 - MaxInboundMessageSize: 512000
5984: 17:57:41.316 - MaxOutboundMessageSize: 512000
5984: 17:57:41.316 - Forcing all applications ids to: "MasterServer"
5984: 17:57:41.316 - MaxInboundMessageSize: 512000
5984: 17:57:41.317 - MaxOutboundMessageSize: 512000
5984: 17:57:41.317 - UDP address specified as: "0.0.0.0" adding listener to each available IPv4 address
5984: 17:57:41.317 - Adding UDP listener on: 192.168.0.105: 5055 with a listen backlog of: 500
5984: 17:57:41.317 - Adding UDP listener on: 127.0.0.1: 5055 with a listen backlog of: 500
5984: 17:57:41.317 - Forcing all applications ids to: "GameServer"
5984: 17:57:41.317 - MaxInboundMessageSize: 512000
5984: 17:57:41.317 - MaxOutboundMessageSize: 512000
5984: 17:57:41.317 - UDP address specified as: "0.0.0.0" adding listener to each available IPv4 address
5984: 17:57:41.317 - Adding UDP listener on: 192.168.0.105: 5056 with a listen backlog of: 500
5984: 17:57:41.317 - Adding UDP listener on: 127.0.0.1: 5056 with a listen backlog of: 500
5984: 17:57:41.317 - Adding WebSocket TCP listener on: 0.0.0.0: 9090 with a listen backlog of: 150
5984: 17:57:41.317 - Nagle disabled
5984: 17:57:41.317 - TCP inactivity timeout: 10000ms
5984: 17:57:41.317 - MaxInboundMessageSize: 512000
5984: 17:57:41.317 - MaxOutboundMessageSize: 512000
5984: 17:57:41.318 - Forcing all applications ids to: "MasterServer"
5984: 17:57:41.318 - Will accept ANY sub-protocols from the client
5984: 17:57:41.318 - No automatic WebSocket ping
5984: 17:57:41.318 - Adding WebSocket TCP listener on: 0.0.0.0: 9091 with a listen backlog of: 150
5984: 17:57:41.318 - Nagle disabled
5984: 17:57:41.318 - TCP inactivity timeout: 10000ms
5984: 17:57:41.318 - MaxInboundMessageSize: 512000
5984: 17:57:41.318 - MaxOutboundMessageSize: 512000
5984: 17:57:41.318 - Forcing all applications ids to: "GameServer"
5984: 17:57:41.318 - Will accept ANY sub-protocols from the client
5984: 17:57:41.318 - No automatic WebSocket ping
5984: 17:57:41.318 - Adding Policy File listener on: 0.0.0.0: 843 with a listen backlog of: 150 and serving Policy File: "D:\BattleRoyalServer\PhotonBase\deploy\Policy\assets\socket-policy.xml"
5984: 17:57:41.318 - TCP inactivity timeout: 1000ms
5984: 17:57:41.319 - Adding Policy File listener on: 0.0.0.0: 943 with a listen backlog of: 150 and serving Policy File: "D:\BattleRoyalServer\PhotonBase\deploy\Policy\assets\socket-policy-silverlight.xml"
5984: 17:57:41.319 - TCP inactivity timeout: 1000ms
5984: 17:57:41.396 - Service is running...
5984: 18:02:28.475 - Service is stopped...
5984: 18:02:28.475 - Server shutting down...
5984: 18:02:28.475 - Shutdown monitoring enabled, 30000ms before process abort
5984: 18:02:28.475 - Notifying CLR applications of shutdown...
5984: 18:02:28.475 - RequestApplicationStop: 4
5984: 18:02:28.479 - RequestApplicationStop: 3
5984: 18:02:28.481 - RequestApplicationStop: 2
5984: 18:02:28.484 - RequestStop: defalt app domain
5984: 18:02:28.485 - Shutting down WebSocket Outbound Connection Manager...
5984: 18:02:28.493 - Shutting down TCP Outbound Connection Manager...
5984: 18:02:28.494 - Shutting down ENet Outbound Connection Manager...
5984: 18:02:28.494 - Disconnecting all outbound peers...
5984: 18:02:28.500 - Shutting down ENet host...
5984: 18:02:28.500 - Disconnecting all peers...
5984: 18:02:28.500 - CUDPSocketServer::OnError() - CUDPSocketServer::OnSendToCompletionError(): —делана попытка выполнить операцию на объекте, не €вл€ющемс€ сокетом.
5984: 18:02:28.500 - CUDPSocketServer::OnError() - CUDPSocketServer::OnSendToCompletionError(): —делана попытка выполнить операцию на объекте, не €вл€ющемс€ сокетом.
5984: 18:02:28.500 - CUDPSocketServer::OnError() - CUDPSocketServer::OnSendToCompletionError(): —делана попытка выполнить операцию на объекте, не €вл€ющемс€ сокетом.
5984: 18:02:28.500 - CUDPSocketServer::OnError() - CUDPSocketServer::OnSendToCompletionError(): —делана попытка выполнить операцию на объекте, не €вл€ющемс€ сокетом.
5984: 18:02:28.500 - 4 disconnected
5984: 18:02:28.500 - Shutting down socket servers...
5984: 18:02:28.500 - Shutting down ENet thread pool...
5984: 18:02:28.503 - Shutting down TCP inactivity timers...
5984: 18:02:28.504 - ENet Host - Resetting all peers...
5984: 18:02:28.504 - WaitingForShutdownToComplete: NativePolicy:0.0.0.0:843
5984: 18:02:28.504 - OnShutdownCompleted: NativePolicy:0.0.0.0:843
5984: 18:02:28.504 - WaitingForShutdownToComplete: NativePolicy:0.0.0.0:943
5984: 18:02:28.504 - OnShutdownCompleted: NativePolicy:0.0.0.0:943
5984: 18:02:28.504 - WaitingForShutdownToComplete: TCP:0.0.0.0:4520
5984: 18:02:28.504 - OnShutdownCompleted: TCP:0.0.0.0:4520
5984: 18:02:28.504 - WaitingForShutdownToComplete: TCP:0.0.0.0:4530
5984: 18:02:28.504 - OnShutdownCompleted: TCP:0.0.0.0:4530
5984: 18:02:28.504 - WaitingForShutdownToComplete: TCP:0.0.0.0:4531
5984: 18:02:28.504 - OnShutdownCompleted: TCP:0.0.0.0:4531
5984: 18:02:28.504 - WaitingForShutdownToComplete: UDP:127.0.0.1:5055
5984: 18:02:28.504 - OnShutdownCompleted: UDP:127.0.0.1:5055
5984: 18:02:28.504 - WaitingForShutdownToComplete: UDP:127.0.0.1:5056
5984: 18:02:28.504 - OnShutdownCompleted: UDP:127.0.0.1:5056
5984: 18:02:28.504 - WaitingForShutdownToComplete: UDP:192.168.0.105:5055
5984: 18:02:28.504 - OnShutdownCompleted: UDP:192.168.0.105:5055
5984: 18:02:28.504 - WaitingForShutdownToComplete: UDP:192.168.0.105:5056
5984: 18:02:28.504 - OnShutdownCompleted: UDP:192.168.0.105:5056
5984: 18:02:28.504 - WaitingForShutdownToComplete: WebSocket:0.0.0.0:9090
5984: 18:02:28.504 - OnShutdownCompleted: WebSocket:0.0.0.0:9090
5984: 18:02:28.504 - WaitingForShutdownToComplete: WebSocket:0.0.0.0:9091
5984: 18:02:28.504 - OnShutdownCompleted: WebSocket:0.0.0.0:9091
5984: 18:02:28.504 - Shutting down CLR applications...
6552: 18:02:28.591 - CManagedHost::OnDefaultAction() - OPR_AppDomainUnload - eUnloadAppDomain
8224: 18:02:28.604 - Unloading Domain: ApplicationName = 'CounterPublisher', DomainId='4'
6552: 18:02:28.604 - CManagedHost::OnDomainUnload() - 4
5984: 18:02:28.757 - Shutting down business logic thread pool...
5984: 18:02:28.758 - Shutting down I/O thread pool...
5984: 18:02:28.758 - Destroying servers
5984: 18:02:28.758 - Destroying WebSocket Outbound Connection Manager
5984: 18:02:28.758 - Destroying TCP Outbound Connection Manager
5984: 18:02:28.758 - Destroying TCP inactivity timer
5984: 18:02:28.758 - Destroying ENet timer wheel
5984: 18:02:28.758 - Destroying ENet host
5984: 18:02:28.758 - Destroying ENet outbound host
5984: 18:02:28.758 - Destroying HTTP inactivity timer
5984: 18:02:28.758 - Destroying HTTP host
5984: 18:02:28.758 - Destroying HTTP Chunk host
5984: 18:02:28.758 - Flushing ENET buffer allocator...
5984: 18:02:28.763 - Flushing TCP buffer handle allocator...
5984: 18:02:28.763 - Flushing stream socket allocator...
5984: 18:02:28.764 - Flushing inbound datagram socket allocator...
5984: 18:02:28.769 - Flushing outbound datagram socket allocator...
5984: 18:02:28.769 - Destroying CLR dispatcher
5984: 18:02:28.769 - Destroying CLR applications
5984: 18:02:28.770 - ~CCLRApplicationCollection() - Waiting up to 10 seconds for the CLR to release all of our objects
6552: 18:02:28.801 - CManagedHost::OnDefaultAction() - OPR_AppDomainUnload - eUnloadAppDomain
8224: 18:02:28.812 - Unloading Domain: ApplicationName = 'MasterServer', DomainId='2'
6552: 18:02:28.844 - CManagedHost::OnDomainUnload() - 2
6552: 18:02:28.865 - CManagedHost::OnDefaultAction() - OPR_AppDomainUnload - eUnloadAppDomain
8224: 18:02:28.874 - Unloading Domain: ApplicationName = 'GameServer', DomainId='3'
6552: 18:02:28.875 - CManagedHost::OnDomainUnload() - 3
5984: 18:02:28.880 - ~CCLRApplicationCollection() - Done. All objects released
5984: 18:02:28.881 - ~CManagedHost() - Release default app domain
5984: 18:02:28.881 - CManagedHost::OnDomainUnload() - 1
5984: 18:02:28.881 - ~CManagedHost() - Waiting up to 10 seconds for CLR shutdown...
5984: 18:02:28.881 - ~CManagedHost
5984: 18:02:28.881 - Destroying ENet thread pool
5984: 18:02:28.881 - Destroying Business logic thread pool
5984: 18:02:28.881 - Destroying I/O thread pool
5984: 18:02:28.881 - Destroying ENet buffer allocator
5984: 18:02:28.881 - Destroying TCP buffer allocator
5984: 18:02:28.881 - Destroying TCP socket allocator
5984: 18:02:28.881 - Destroying ENet inbound socket allocator
5984: 18:02:28.881 - Destroying ENet outbound socket allocator
5984: 18:02:28.881 - Destroying shared datagram flow control data
5984: 18:02:28.900 - Shutdown complete...
5984: 18:02:28.900 - Service shutting down
5984: 18:02:28.901 - Service shut down complete
8772: 18:02:37.908 - ---
8772: 18:02:37.908 - Service: "Photon Socket Server" starting
8772: 18:02:37.908 - Config File: D:\BattleRoyalServer\PhotonBase\deploy\bin_Win64\PhotonServer.config
8772: 18:02:37.909 - Will produce at most: 10 crash dumps
8772: 18:02:37.909 - Action: run as exe
8772: 18:02:37.909 - Server Starting...
8772: 18:02:37.909 -    Tick count: 14874414 (wraps in: 49.5381 days)
8772: 18:02:37.909 - Tick count 64: 14874414
8772: 18:02:37.909 - Photon Version: 4.0.28.2962
8772: 18:02:37.909 - PID: 816
8772: 18:02:37.909 - Config File: D:\BattleRoyalServer\PhotonBase\deploy\bin_Win64\PhotonServer.config
8772: 18:02:37.910 - Will NOT log unimportant exceptions
8772: 18:02:37.912 - Not using performance counters as they are not currently installed. Run the service with /InstallCounters to install them.
8772: 18:02:37.912 - Shutdown timeout enabled: 30000ms
8772: 18:02:37.912 - Starting I/O thread pool with 2 threads
8772: 18:02:37.912 - Using Standard allocator
8772: 18:02:37.912 - Max message size: 512000
8772: 18:02:37.912 - Starting business logic thread pool with the following settings
8772: 18:02:37.912 - InitialThreads: 4 threads
8772: 18:02:37.912 - MinThreads: 4 threads
8772: 18:02:37.912 - Thread pool is fixed size
8772: 18:02:37.913 - Starting ENet thread pool with the following settings
8772: 18:02:37.913 - InitialThreads: 2 threads
8772: 18:02:37.913 - MinThreads: 2 threads
8772: 18:02:37.913 - Thread pool is fixed size
8772: 18:02:37.913 - OnlyDispatchTimers: False
8772: 18:02:37.913 - S2S: flow control: Max pending writes: 50
8772: 18:02:37.913 - S2S: flow control: Max queued buffers: 200
8772: 18:02:37.913 - S2S: flow control: Max pending writes MUX: 500
8772: 18:02:37.913 - S2S: flow control: Max queued buffers MUX: 2000
8772: 18:02:37.913 - S2S: MaxInboundMessageSize: 512000
8772: 18:02:37.913 - S2S: MaxOutboundMessageSize: 512000
8772: 18:02:37.913 - S2S: No inactivity timeout
8772: 18:02:37.916 - WebSocket S2S: MaxInboundMessageSize: 512000
8772: 18:02:37.916 - WebSocket S2S: MaxOutboundMessageSize: 512000
8772: 18:02:37.916 - WebSocket S2S: No inactivity timeout
8772: 18:02:37.916 - Max Reliable Data In Transit (awaiting ACKs) per peer : 51200 bytes
8772: 18:02:37.916 - Per peer bandwidth limit
8772: 18:02:37.916 - Transmit Rate Limit: 256 KB/Sec
8772: 18:02:37.916 - Limit period: 200ms
8772: 18:02:37.916 - Limit per period: 52428 bytes
8772: 18:02:37.916 - Max queued data for transmission per peer: 512000 bytes
8772: 18:02:37.916 - Minimum retransmit timeout: 200
8772: 18:02:37.916 - No Maximum retransmit timeout
8772: 18:02:37.916 - Minimum ENet timeout: 5000ms
8772: 18:02:37.916 - Maximum ENet timeout: 30000ms
8772: 18:02:37.916 - Max Inbound Reliable Data Queued (awaiting resends of earlier sequence numbers) per peer : 163840 bytes
8772: 18:02:37.916 - No RTT ACK adjustment timeout
8772: 18:02:37.916 - Outbound ENet: MaxInboundMessageSize: 512000
8772: 18:02:37.916 - Outbound ENet: MaxOutboundMessageSize: 512000
8772: 18:02:37.918 - GetRuntime - About to load CLR - versions available:
8772: 18:02:37.918 - v2.0.50727
8772: 18:02:37.918 - v4.0.30319
8772: 18:02:37.918 - Configuration requests: "v2.0.50727"
8772: 18:02:37.918 - About to load version: "v2.0.50727"
8772: 18:02:37.927 - About to load runtime: PhotonHostRuntime.PhotonDomainManager from PhotonHostRuntime, Culture=neutral, PublicKeyToken=02C301B61B060C4D
8772: 18:02:37.928 - CLRBaseDirectory set to "D:\BattleRoyalServer\PhotonBase\deploy"
8772: 18:02:37.928 - Optimising event broadcast for 20 or more peers
8772: 18:02:37.928 - Start: About to load CLR - versions available:
8772: 18:02:37.928 - v2.0.50727
8772: 18:02:37.928 - v4.0.30319
8772: 18:02:37.928 - No preference in configuration file, will load latest.
8772: 18:02:37.928 - About to load version: "v4.0.30319"
8772: 18:02:37.930 - Loaded version: "v4.0.30319"
8772: 18:02:38.077 - Photon host runtime loaded
8772: 18:02:40.210 - License is valid.
8772: 18:02:40.210 - Licensed for 100 concurrent connections.
8772: 18:02:40.210 - ENet: Max Reliable Data In Transit (awaiting ACKs) per peer : 51200 bytes
8772: 18:02:40.210 - ENet: Per peer bandwidth limit
8772: 18:02:40.210 - ENet: Transmit Rate Limit: 256 KB/Sec
8772: 18:02:40.210 - ENet: Limit period: 200ms
8772: 18:02:40.210 - ENet: Limit per period: 52428 bytes
8772: 18:02:40.210 - ENet: Max queued data for transmission per peer: 512000 bytes
8772: 18:02:40.210 - ENet: Minimum retransmit timeout: 200
8772: 18:02:40.210 - No Maximum retransmit timeout
8772: 18:02:40.210 - ENet: Minimum timeout: 5000ms
8772: 18:02:40.210 - ENet: Maximum timeout: 30000ms
8772: 18:02:40.211 - ENet: Max Inbound Reliable Data Queued (awaiting resends of earlier sequence numbers) per peer : 163840 bytes
8772: 18:02:40.211 - No RTT ACK adjustment timeout
8772: 18:02:40.211 - About to load application: MasterServer from masterServer
8772: 18:02:40.211 - Auto restart is enabled for application, existing connections will be terminated during restart
8772: 18:02:40.211 - Application will restart 1000ms after the last change detected
8772: 18:02:40.211 - Application will restart if files matching the following are changed: "dll;config"
8772: 18:02:40.211 - Application will NOT restart if files matching the following are changed: "log4net.config"
8772: 18:02:40.507 - Taking reference on default app domain
8772: 18:02:40.578 - Application: "MasterServer" started in app domain: 2
8772: 18:02:40.578 - About to load application: GameServer from gameServer
8772: 18:02:40.578 - Auto restart is enabled for application, existing connections will be terminated during restart
8772: 18:02:40.578 - Application will restart 1000ms after the last change detected
8772: 18:02:40.578 - Application will restart if files matching the following are changed: "dll;config"
8772: 18:02:40.578 - Application will NOT restart if files matching the following are changed: "log4net.config"
8772: 18:02:40.631 - Taking reference on default app domain
8772: 18:02:40.662 - Application: "GameServer" started in app domain: 3
8772: 18:02:40.662 - About to load application: CounterPublisher from CounterPublisher
8772: 18:02:40.662 - Auto restart is enabled for application, existing connections will be terminated during restart
8772: 18:02:40.662 - Application will restart 1000ms after the last change detected
8772: 18:02:40.662 - Application will restart if files matching the following are changed: "dll;config"
8772: 18:02:40.662 - Application will NOT restart if files matching the following are changed: "log4net.config"
8772: 18:02:40.713 - Taking reference on default app domain
8772: 18:02:40.743 - Application: "CounterPublisher" started in app domain: 4
8772: 18:02:40.743 - Adding TCP listener on: 0.0.0.0: 4530 with a listen backlog of: 150
8772: 18:02:40.743 - TCP inactivity timeout: 10000ms
8772: 18:02:40.743 - TCP disconnect timeout: 120000ms
8772: 18:02:40.743 - MaxInboundMessageSize: 512000
8772: 18:02:40.743 - MaxOutboundMessageSize: 512000
8772: 18:02:40.743 - Forcing all applications ids to: "MasterServer"
8772: 18:02:40.743 - Serving policy file requests from: "D:\BattleRoyalServer\PhotonBase\deploy\Policy\assets\socket-policy.xml"
8772: 18:02:40.743 - Adding TCP listener on: 0.0.0.0: 4531 with a listen backlog of: 150
8772: 18:02:40.743 - TCP inactivity timeout: 10000ms
8772: 18:02:40.743 - TCP disconnect timeout: 120000ms
8772: 18:02:40.743 - MaxInboundMessageSize: 512000
8772: 18:02:40.743 - MaxOutboundMessageSize: 512000
8772: 18:02:40.743 - Forcing all applications ids to: "GameServer"
8772: 18:02:40.743 - Serving policy file requests from: "D:\BattleRoyalServer\PhotonBase\deploy\Policy\assets\socket-policy.xml"
8772: 18:02:40.743 - Adding TCP listener on: 0.0.0.0: 4520 with a listen backlog of: 150
8772: 18:02:40.743 - TCP inactivity timeout: 5000ms
8772: 18:02:40.743 - TCP disconnect timeout: 120000ms
8772: 18:02:40.743 - MaxInboundMessageSize: 512000
8772: 18:02:40.743 - MaxOutboundMessageSize: 512000
8772: 18:02:40.743 - Forcing all applications ids to: "MasterServer"
8772: 18:02:40.743 - MaxInboundMessageSize: 512000
8772: 18:02:40.743 - MaxOutboundMessageSize: 512000
8772: 18:02:40.743 - UDP address specified as: "0.0.0.0" adding listener to each available IPv4 address
8772: 18:02:40.744 - Adding UDP listener on: 192.168.0.105: 5055 with a listen backlog of: 500
8772: 18:02:40.744 - Adding UDP listener on: 127.0.0.1: 5055 with a listen backlog of: 500
8772: 18:02:40.744 - Forcing all applications ids to: "GameServer"
8772: 18:02:40.744 - MaxInboundMessageSize: 512000
8772: 18:02:40.744 - MaxOutboundMessageSize: 512000
8772: 18:02:40.744 - UDP address specified as: "0.0.0.0" adding listener to each available IPv4 address
8772: 18:02:40.744 - Adding UDP listener on: 192.168.0.105: 5056 with a listen backlog of: 500
8772: 18:02:40.744 - Adding UDP listener on: 127.0.0.1: 5056 with a listen backlog of: 500
8772: 18:02:40.744 - Adding WebSocket TCP listener on: 0.0.0.0: 9090 with a listen backlog of: 150
8772: 18:02:40.744 - Nagle disabled
8772: 18:02:40.744 - TCP inactivity timeout: 10000ms
8772: 18:02:40.744 - MaxInboundMessageSize: 512000
8772: 18:02:40.744 - MaxOutboundMessageSize: 512000
8772: 18:02:40.744 - Forcing all applications ids to: "MasterServer"
8772: 18:02:40.744 - Will accept ANY sub-protocols from the client
8772: 18:02:40.744 - No automatic WebSocket ping
8772: 18:02:40.744 - Adding WebSocket TCP listener on: 0.0.0.0: 9091 with a listen backlog of: 150
8772: 18:02:40.744 - Nagle disabled
8772: 18:02:40.744 - TCP inactivity timeout: 10000ms
8772: 18:02:40.744 - MaxInboundMessageSize: 512000
8772: 18:02:40.744 - MaxOutboundMessageSize: 512000
8772: 18:02:40.744 - Forcing all applications ids to: "GameServer"
8772: 18:02:40.744 - Will accept ANY sub-protocols from the client
8772: 18:02:40.744 - No automatic WebSocket ping
8772: 18:02:40.745 - Adding Policy File listener on: 0.0.0.0: 843 with a listen backlog of: 150 and serving Policy File: "D:\BattleRoyalServer\PhotonBase\deploy\Policy\assets\socket-policy.xml"
8772: 18:02:40.745 - TCP inactivity timeout: 1000ms
8772: 18:02:40.745 - Adding Policy File listener on: 0.0.0.0: 943 with a listen backlog of: 150 and serving Policy File: "D:\BattleRoyalServer\PhotonBase\deploy\Policy\assets\socket-policy-silverlight.xml"
8772: 18:02:40.745 - TCP inactivity timeout: 1000ms
8772: 18:02:40.801 - Service is running...
8772: 18:42:25.855 - Service is stopped...
8772: 18:42:25.855 - Server shutting down...
8772: 18:42:25.855 - Shutdown monitoring enabled, 30000ms before process abort
8772: 18:42:25.855 - Notifying CLR applications of shutdown...
8772: 18:42:25.855 - RequestApplicationStop: 4
8772: 18:42:25.973 - RequestApplicationStop: 3
8772: 18:42:25.975 - RequestApplicationStop: 2
8772: 18:42:25.978 - RequestStop: defalt app domain
8772: 18:42:25.979 - Shutting down WebSocket Outbound Connection Manager...
8772: 18:42:25.979 - Shutting down TCP Outbound Connection Manager...
8772: 18:42:25.979 - Shutting down ENet Outbound Connection Manager...
8772: 18:42:25.979 - Disconnecting all outbound peers...
8772: 18:42:25.979 - Shutting down ENet host...
8772: 18:42:25.979 - Disconnecting all peers...
8772: 18:42:25.980 - CUDPSocketServer::OnError() - CUDPSocketServer::OnSendToCompletionError(): —делана попытка выполнить операцию на объекте, не €вл€ющемс€ сокетом.
8772: 18:42:25.980 - CUDPSocketServer::OnError() - CUDPSocketServer::OnSendToCompletionError(): —делана попытка выполнить операцию на объекте, не €вл€ющемс€ сокетом.
8772: 18:42:25.980 - CUDPSocketServer::OnError() - CUDPSocketServer::OnSendToCompletionError(): —делана попытка выполнить операцию на объекте, не €вл€ющемс€ сокетом.
8772: 18:42:25.980 - CUDPSocketServer::OnError() - CUDPSocketServer::OnSendToCompletionError(): —делана попытка выполнить операцию на объекте, не €вл€ющемс€ сокетом.
8772: 18:42:25.980 - 4 disconnected
8772: 18:42:25.980 - Shutting down socket servers...
8772: 18:42:25.980 - Shutting down ENet thread pool...
8772: 18:42:25.980 - Shutting down TCP inactivity timers...
8772: 18:42:25.980 - ENet Host - Resetting all peers...
8772: 18:42:25.980 - WaitingForShutdownToComplete: NativePolicy:0.0.0.0:843
8772: 18:42:25.980 - OnShutdownCompleted: NativePolicy:0.0.0.0:843
8772: 18:42:25.980 - WaitingForShutdownToComplete: NativePolicy:0.0.0.0:943
8772: 18:42:25.980 - OnShutdownCompleted: NativePolicy:0.0.0.0:943
8772: 18:42:25.980 - WaitingForShutdownToComplete: TCP:0.0.0.0:4520
8772: 18:42:25.980 - OnShutdownCompleted: TCP:0.0.0.0:4520
8772: 18:42:25.980 - WaitingForShutdownToComplete: TCP:0.0.0.0:4530
8772: 18:42:25.980 - OnShutdownCompleted: TCP:0.0.0.0:4530
8772: 18:42:25.980 - WaitingForShutdownToComplete: TCP:0.0.0.0:4531
8772: 18:42:25.980 - OnShutdownCompleted: TCP:0.0.0.0:4531
8772: 18:42:25.980 - WaitingForShutdownToComplete: UDP:127.0.0.1:5055
8772: 18:42:25.983 - OnShutdownCompleted: UDP:127.0.0.1:5055
8772: 18:42:25.983 - WaitingForShutdownToComplete: UDP:127.0.0.1:5056
8772: 18:42:25.984 - OnShutdownCompleted: UDP:127.0.0.1:5056
8772: 18:42:25.984 - WaitingForShutdownToComplete: UDP:192.168.0.105:5055
8772: 18:42:25.984 - OnShutdownCompleted: UDP:192.168.0.105:5055
8772: 18:42:25.984 - WaitingForShutdownToComplete: UDP:192.168.0.105:5056
8772: 18:42:25.984 - OnShutdownCompleted: UDP:192.168.0.105:5056
8772: 18:42:25.984 - WaitingForShutdownToComplete: WebSocket:0.0.0.0:9090
8772: 18:42:25.984 - OnShutdownCompleted: WebSocket:0.0.0.0:9090
8772: 18:42:25.984 - WaitingForShutdownToComplete: WebSocket:0.0.0.0:9091
8772: 18:42:25.984 - OnShutdownCompleted: WebSocket:0.0.0.0:9091
8772: 18:42:25.984 - Shutting down CLR applications...
2416: 18:42:25.985 - CManagedHost::OnDefaultAction() - OPR_AppDomainUnload - eUnloadAppDomain
8772: 18:42:25.992 - Shutting down business logic thread pool...
8772: 18:42:25.992 - Shutting down I/O thread pool...
8772: 18:42:25.993 - Destroying servers
8772: 18:42:25.993 - Destroying WebSocket Outbound Connection Manager
8772: 18:42:25.993 - Destroying TCP Outbound Connection Manager
8772: 18:42:25.993 - Destroying TCP inactivity timer
8772: 18:42:25.993 - Destroying ENet timer wheel
8772: 18:42:25.993 - Destroying ENet host
8772: 18:42:25.993 - Destroying ENet outbound host
8772: 18:42:25.993 - Destroying HTTP inactivity timer
8772: 18:42:25.993 - Destroying HTTP host
8772: 18:42:25.993 - Destroying HTTP Chunk host
8772: 18:42:25.993 - Flushing ENET buffer allocator...
8772: 18:42:25.996 - Flushing TCP buffer handle allocator...
8772: 18:42:25.996 - Flushing stream socket allocator...
8772: 18:42:25.996 - Flushing inbound datagram socket allocator...
2152: 18:42:25.997 - Unloading Domain: ApplicationName = 'CounterPublisher', DomainId='4'
2416: 18:42:25.997 - CManagedHost::OnDomainUnload() - 4
8772: 18:42:25.998 - Flushing outbound datagram socket allocator...
8772: 18:42:25.998 - Destroying CLR dispatcher
8772: 18:42:25.998 - Destroying CLR applications
8772: 18:42:25.998 - ~CCLRApplicationCollection() - Waiting up to 10 seconds for the CLR to release all of our objects
2416: 18:42:26.005 - CManagedHost::OnDefaultAction() - OPR_AppDomainUnload - eUnloadAppDomain
2152: 18:42:26.014 - Unloading Domain: ApplicationName = 'MasterServer', DomainId='2'
2416: 18:42:26.022 - CManagedHost::OnDomainUnload() - 2
2416: 18:42:26.041 - CManagedHost::OnDefaultAction() - OPR_AppDomainUnload - eUnloadAppDomain
2152: 18:42:26.050 - Unloading Domain: ApplicationName = 'GameServer', DomainId='3'
2416: 18:42:26.050 - CManagedHost::OnDomainUnload() - 3
8772: 18:42:26.056 - ~CCLRApplicationCollection() - Done. All objects released
8772: 18:42:26.056 - ~CManagedHost() - Release default app domain
8772: 18:42:26.056 - CManagedHost::OnDomainUnload() - 1
8772: 18:42:26.056 - ~CManagedHost() - Waiting up to 10 seconds for CLR shutdown...
8772: 18:42:26.056 - ~CManagedHost
8772: 18:42:26.057 - Destroying ENet thread pool
8772: 18:42:26.057 - Destroying Business logic thread pool
8772: 18:42:26.057 - Destroying I/O thread pool
8772: 18:42:26.057 - Destroying ENet buffer allocator
8772: 18:42:26.057 - Destroying TCP buffer allocator
8772: 18:42:26.057 - Destroying TCP socket allocator
8772: 18:42:26.057 - Destroying ENet inbound socket allocator
8772: 18:42:26.057 - Destroying ENet outbound socket allocator
8772: 18:42:26.057 - Destroying shared datagram flow control data
8772: 18:42:26.057 - Shutdown complete...
8772: 18:42:26.057 - Service shutting down
8772: 18:42:26.058 - Service shut down complete
10236: 18:42:30.446 - ---
10236: 18:42:30.446 - Service: "Photon Socket Server" starting
10236: 18:42:30.446 - Config File: D:\BattleRoyalServer\PhotonBase\deploy\bin_Win64\PhotonServer.config
10236: 18:42:30.447 - Will produce at most: 10 crash dumps
10236: 18:42:30.447 - Action: run as exe
10236: 18:42:30.447 - Server Starting...
10236: 18:42:30.447 -    Tick count: 17266955 (wraps in: 49.5104 days)
10236: 18:42:30.447 - Tick count 64: 17266955
10236: 18:42:30.447 - Photon Version: 4.0.28.2962
10236: 18:42:30.447 - PID: 6192
10236: 18:42:30.447 - Config File: D:\BattleRoyalServer\PhotonBase\deploy\bin_Win64\PhotonServer.config
10236: 18:42:30.448 - Will NOT log unimportant exceptions
10236: 18:42:30.450 - Not using performance counters as they are not currently installed. Run the service with /InstallCounters to install them.
10236: 18:42:30.450 - Shutdown timeout enabled: 30000ms
10236: 18:42:30.450 - Starting I/O thread pool with 2 threads
10236: 18:42:30.450 - Using Standard allocator
10236: 18:42:30.450 - Max message size: 512000
10236: 18:42:30.450 - Starting business logic thread pool with the following settings
10236: 18:42:30.450 - InitialThreads: 4 threads
10236: 18:42:30.450 - MinThreads: 4 threads
10236: 18:42:30.450 - Thread pool is fixed size
10236: 18:42:30.450 - Starting ENet thread pool with the following settings
10236: 18:42:30.450 - InitialThreads: 2 threads
10236: 18:42:30.451 - MinThreads: 2 threads
10236: 18:42:30.451 - Thread pool is fixed size
10236: 18:42:30.451 - OnlyDispatchTimers: False
10236: 18:42:30.451 - S2S: flow control: Max pending writes: 50
10236: 18:42:30.451 - S2S: flow control: Max queued buffers: 200
10236: 18:42:30.451 - S2S: flow control: Max pending writes MUX: 500
10236: 18:42:30.451 - S2S: flow control: Max queued buffers MUX: 2000
10236: 18:42:30.451 - S2S: MaxInboundMessageSize: 512000
10236: 18:42:30.451 - S2S: MaxOutboundMessageSize: 512000
10236: 18:42:30.451 - S2S: No inactivity timeout
10236: 18:42:30.454 - WebSocket S2S: MaxInboundMessageSize: 512000
10236: 18:42:30.454 - WebSocket S2S: MaxOutboundMessageSize: 512000
10236: 18:42:30.454 - WebSocket S2S: No inactivity timeout
10236: 18:42:30.454 - Max Reliable Data In Transit (awaiting ACKs) per peer : 51200 bytes
10236: 18:42:30.454 - Per peer bandwidth limit
10236: 18:42:30.454 - Transmit Rate Limit: 256 KB/Sec
10236: 18:42:30.454 - Limit period: 200ms
10236: 18:42:30.454 - Limit per period: 52428 bytes
10236: 18:42:30.454 - Max queued data for transmission per peer: 512000 bytes
10236: 18:42:30.454 - Minimum retransmit timeout: 200
10236: 18:42:30.454 - No Maximum retransmit timeout
10236: 18:42:30.454 - Minimum ENet timeout: 5000ms
10236: 18:42:30.454 - Maximum ENet timeout: 30000ms
10236: 18:42:30.454 - Max Inbound Reliable Data Queued (awaiting resends of earlier sequence numbers) per peer : 163840 bytes
10236: 18:42:30.454 - No RTT ACK adjustment timeout
10236: 18:42:30.454 - Outbound ENet: MaxInboundMessageSize: 512000
10236: 18:42:30.454 - Outbound ENet: MaxOutboundMessageSize: 512000
10236: 18:42:30.456 - GetRuntime - About to load CLR - versions available:
10236: 18:42:30.456 - v2.0.50727
10236: 18:42:30.456 - v4.0.30319
10236: 18:42:30.456 - Configuration requests: "v2.0.50727"
10236: 18:42:30.456 - About to load version: "v2.0.50727"
10236: 18:42:30.464 - About to load runtime: PhotonHostRuntime.PhotonDomainManager from PhotonHostRuntime, Culture=neutral, PublicKeyToken=02C301B61B060C4D
10236: 18:42:30.464 - CLRBaseDirectory set to "D:\BattleRoyalServer\PhotonBase\deploy"
10236: 18:42:30.464 - Optimising event broadcast for 20 or more peers
10236: 18:42:30.464 - Start: About to load CLR - versions available:
10236: 18:42:30.464 - v2.0.50727
10236: 18:42:30.464 - v4.0.30319
10236: 18:42:30.464 - No preference in configuration file, will load latest.
10236: 18:42:30.464 - About to load version: "v4.0.30319"
10236: 18:42:30.466 - Loaded version: "v4.0.30319"
10236: 18:42:30.631 - Photon host runtime loaded
10236: 18:42:32.763 - License is valid.
10236: 18:42:32.763 - Licensed for 100 concurrent connections.
10236: 18:42:32.763 - ENet: Max Reliable Data In Transit (awaiting ACKs) per peer : 51200 bytes
10236: 18:42:32.763 - ENet: Per peer bandwidth limit
10236: 18:42:32.763 - ENet: Transmit Rate Limit: 256 KB/Sec
10236: 18:42:32.763 - ENet: Limit period: 200ms
10236: 18:42:32.763 - ENet: Limit per period: 52428 bytes
10236: 18:42:32.763 - ENet: Max queued data for transmission per peer: 512000 bytes
10236: 18:42:32.763 - ENet: Minimum retransmit timeout: 200
10236: 18:42:32.763 - No Maximum retransmit timeout
10236: 18:42:32.763 - ENet: Minimum timeout: 5000ms
10236: 18:42:32.763 - ENet: Maximum timeout: 30000ms
10236: 18:42:32.763 - ENet: Max Inbound Reliable Data Queued (awaiting resends of earlier sequence numbers) per peer : 163840 bytes
10236: 18:42:32.763 - No RTT ACK adjustment timeout
10236: 18:42:32.763 - About to load application: MasterServer from masterServer
10236: 18:42:32.763 - Auto restart is enabled for application, existing connections will be terminated during restart
10236: 18:42:32.763 - Application will restart 1000ms after the last change detected
10236: 18:42:32.763 - Application will restart if files matching the following are changed: "dll;config"
10236: 18:42:32.763 - Application will NOT restart if files matching the following are changed: "log4net.config"
10236: 18:42:33.064 - Taking reference on default app domain
10236: 18:42:33.138 - Application: "MasterServer" started in app domain: 2
10236: 18:42:33.138 - About to load application: GameServer from gameServer
10236: 18:42:33.138 - Auto restart is enabled for application, existing connections will be terminated during restart
10236: 18:42:33.138 - Application will restart 1000ms after the last change detected
10236: 18:42:33.138 - Application will restart if files matching the following are changed: "dll;config"
10236: 18:42:33.138 - Application will NOT restart if files matching the following are changed: "log4net.config"
10236: 18:42:33.192 - Taking reference on default app domain
10236: 18:42:33.225 - Application: "GameServer" started in app domain: 3
10236: 18:42:33.225 - About to load application: CounterPublisher from CounterPublisher
10236: 18:42:33.225 - Auto restart is enabled for application, existing connections will be terminated during restart
10236: 18:42:33.225 - Application will restart 1000ms after the last change detected
10236: 18:42:33.225 - Application will restart if files matching the following are changed: "dll;config"
10236: 18:42:33.225 - Application will NOT restart if files matching the following are changed: "log4net.config"
10236: 18:42:33.281 - Taking reference on default app domain
10236: 18:42:33.315 - Application: "CounterPublisher" started in app domain: 4
10236: 18:42:33.315 - Adding TCP listener on: 0.0.0.0: 4530 with a listen backlog of: 150
10236: 18:42:33.315 - TCP inactivity timeout: 10000ms
10236: 18:42:33.315 - TCP disconnect timeout: 120000ms
10236: 18:42:33.315 - MaxInboundMessageSize: 512000
10236: 18:42:33.315 - MaxOutboundMessageSize: 512000
10236: 18:42:33.315 - Forcing all applications ids to: "MasterServer"
10236: 18:42:33.315 - Serving policy file requests from: "D:\BattleRoyalServer\PhotonBase\deploy\Policy\assets\socket-policy.xml"
10236: 18:42:33.316 - Adding TCP listener on: 0.0.0.0: 4531 with a listen backlog of: 150
10236: 18:42:33.316 - TCP inactivity timeout: 10000ms
10236: 18:42:33.316 - TCP disconnect timeout: 120000ms
10236: 18:42:33.316 - MaxInboundMessageSize: 512000
10236: 18:42:33.316 - MaxOutboundMessageSize: 512000
10236: 18:42:33.316 - Forcing all applications ids to: "GameServer"
10236: 18:42:33.316 - Serving policy file requests from: "D:\BattleRoyalServer\PhotonBase\deploy\Policy\assets\socket-policy.xml"
10236: 18:42:33.316 - Adding TCP listener on: 0.0.0.0: 4520 with a listen backlog of: 150
10236: 18:42:33.316 - TCP inactivity timeout: 5000ms
10236: 18:42:33.316 - TCP disconnect timeout: 120000ms
10236: 18:42:33.316 - MaxInboundMessageSize: 512000
10236: 18:42:33.316 - MaxOutboundMessageSize: 512000
10236: 18:42:33.316 - Forcing all applications ids to: "MasterServer"
10236: 18:42:33.316 - MaxInboundMessageSize: 512000
10236: 18:42:33.316 - MaxOutboundMessageSize: 512000
10236: 18:42:33.316 - UDP address specified as: "0.0.0.0" adding listener to each available IPv4 address
10236: 18:42:33.317 - Adding UDP listener on: 192.168.0.105: 5055 with a listen backlog of: 500
10236: 18:42:33.317 - Adding UDP listener on: 127.0.0.1: 5055 with a listen backlog of: 500
10236: 18:42:33.317 - Forcing all applications ids to: "GameServer"
10236: 18:42:33.317 - MaxInboundMessageSize: 512000
10236: 18:42:33.317 - MaxOutboundMessageSize: 512000
10236: 18:42:33.317 - UDP address specified as: "0.0.0.0" adding listener to each available IPv4 address
10236: 18:42:33.317 - Adding UDP listener on: 192.168.0.105: 5056 with a listen backlog of: 500
10236: 18:42:33.317 - Adding UDP listener on: 127.0.0.1: 5056 with a listen backlog of: 500
10236: 18:42:33.317 - Adding WebSocket TCP listener on: 0.0.0.0: 9090 with a listen backlog of: 150
10236: 18:42:33.317 - Nagle disabled
10236: 18:42:33.317 - TCP inactivity timeout: 10000ms
10236: 18:42:33.317 - MaxInboundMessageSize: 512000
10236: 18:42:33.317 - MaxOutboundMessageSize: 512000
10236: 18:42:33.317 - Forcing all applications ids to: "MasterServer"
10236: 18:42:33.317 - Will accept ANY sub-protocols from the client
10236: 18:42:33.317 - No automatic WebSocket ping
10236: 18:42:33.317 - Adding WebSocket TCP listener on: 0.0.0.0: 9091 with a listen backlog of: 150
10236: 18:42:33.317 - Nagle disabled
10236: 18:42:33.317 - TCP inactivity timeout: 10000ms
10236: 18:42:33.317 - MaxInboundMessageSize: 512000
10236: 18:42:33.317 - MaxOutboundMessageSize: 512000
10236: 18:42:33.317 - Forcing all applications ids to: "GameServer"
10236: 18:42:33.317 - Will accept ANY sub-protocols from the client
10236: 18:42:33.317 - No automatic WebSocket ping
10236: 18:42:33.318 - Adding Policy File listener on: 0.0.0.0: 843 with a listen backlog of: 150 and serving Policy File: "D:\BattleRoyalServer\PhotonBase\deploy\Policy\assets\socket-policy.xml"
10236: 18:42:33.318 - TCP inactivity timeout: 1000ms
10236: 18:42:33.318 - Adding Policy File listener on: 0.0.0.0: 943 with a listen backlog of: 150 and serving Policy File: "D:\BattleRoyalServer\PhotonBase\deploy\Policy\assets\socket-policy-silverlight.xml"
10236: 18:42:33.318 - TCP inactivity timeout: 1000ms
10236: 18:42:33.380 - Service is running...
10236: 19:50:17.512 - Service is stopped...
10236: 19:50:17.512 - Server shutting down...
10236: 19:50:17.512 - Shutdown monitoring enabled, 30000ms before process abort
10236: 19:50:17.512 - Notifying CLR applications of shutdown...
10236: 19:50:17.512 - RequestApplicationStop: 4
10236: 19:50:17.516 - RequestApplicationStop: 3
10236: 19:50:17.520 - RequestApplicationStop: 2
10236: 19:50:17.522 - RequestStop: defalt app domain
10236: 19:50:17.524 - Shutting down WebSocket Outbound Connection Manager...
10236: 19:50:17.524 - Shutting down TCP Outbound Connection Manager...
10236: 19:50:17.524 - Shutting down ENet Outbound Connection Manager...
10236: 19:50:17.524 - Disconnecting all outbound peers...
10236: 19:50:17.524 - Shutting down ENet host...
10236: 19:50:17.524 - Disconnecting all peers...
10236: 19:50:17.524 - CUDPSocketServer::OnError() - CUDPSocketServer::OnSendToCompletionError(): —делана попытка выполнить операцию на объекте, не €вл€ющемс€ сокетом.
10236: 19:50:17.524 - CUDPSocketServer::OnError() - CUDPSocketServer::OnSendToCompletionError(): —делана попытка выполнить операцию на объекте, не €вл€ющемс€ сокетом.
10236: 19:50:17.524 - CUDPSocketServer::OnError() - CUDPSocketServer::OnSendToCompletionError(): —делана попытка выполнить операцию на объекте, не €вл€ющемс€ сокетом.
10236: 19:50:17.524 - CUDPSocketServer::OnError() - CUDPSocketServer::OnSendToCompletionError(): —делана попытка выполнить операцию на объекте, не €вл€ющемс€ сокетом.
10236: 19:50:17.524 - 4 disconnected
10236: 19:50:17.524 - Shutting down socket servers...
10236: 19:50:17.524 - Shutting down ENet thread pool...
10236: 19:50:17.527 - Shutting down TCP inactivity timers...
10236: 19:50:17.527 - ENet Host - Resetting all peers...
10236: 19:50:17.527 - WaitingForShutdownToComplete: NativePolicy:0.0.0.0:843
10236: 19:50:17.527 - OnShutdownCompleted: NativePolicy:0.0.0.0:843
10236: 19:50:17.527 - WaitingForShutdownToComplete: NativePolicy:0.0.0.0:943
10236: 19:50:17.527 - OnShutdownCompleted: NativePolicy:0.0.0.0:943
10236: 19:50:17.527 - WaitingForShutdownToComplete: TCP:0.0.0.0:4520
10236: 19:50:17.527 - OnShutdownCompleted: TCP:0.0.0.0:4520
10236: 19:50:17.527 - WaitingForShutdownToComplete: TCP:0.0.0.0:4530
10236: 19:50:17.527 - OnShutdownCompleted: TCP:0.0.0.0:4530
10236: 19:50:17.527 - WaitingForShutdownToComplete: TCP:0.0.0.0:4531
10236: 19:50:17.527 - OnShutdownCompleted: TCP:0.0.0.0:4531
10236: 19:50:17.527 - WaitingForShutdownToComplete: UDP:127.0.0.1:5055
10236: 19:50:17.530 - OnShutdownCompleted: UDP:127.0.0.1:5055
10236: 19:50:17.530 - WaitingForShutdownToComplete: UDP:127.0.0.1:5056
10236: 19:50:17.530 - OnShutdownCompleted: UDP:127.0.0.1:5056
10236: 19:50:17.530 - WaitingForShutdownToComplete: UDP:192.168.0.105:5055
10236: 19:50:17.530 - OnShutdownCompleted: UDP:192.168.0.105:5055
10236: 19:50:17.530 - WaitingForShutdownToComplete: UDP:192.168.0.105:5056
10236: 19:50:17.530 - OnShutdownCompleted: UDP:192.168.0.105:5056
10236: 19:50:17.530 - WaitingForShutdownToComplete: WebSocket:0.0.0.0:9090
10236: 19:50:17.530 - OnShutdownCompleted: WebSocket:0.0.0.0:9090
10236: 19:50:17.530 - WaitingForShutdownToComplete: WebSocket:0.0.0.0:9091
10236: 19:50:17.530 - OnShutdownCompleted: WebSocket:0.0.0.0:9091
10236: 19:50:17.530 - Shutting down CLR applications...
9520: 19:50:17.532 - CManagedHost::OnDefaultAction() - OPR_AppDomainUnload - eUnloadAppDomain
4832: 19:50:17.542 - Unloading Domain: ApplicationName = 'CounterPublisher', DomainId='4'
9520: 19:50:17.542 - CManagedHost::OnDomainUnload() - 4
10236: 19:50:17.556 - Shutting down business logic thread pool...
9520: 19:50:17.560 - CManagedHost::OnDefaultAction() - OPR_AppDomainUnload - eUnloadAppDomain
10236: 19:50:17.563 - Shutting down I/O thread pool...
4832: 19:50:17.570 - Unloading Domain: ApplicationName = 'MasterServer', DomainId='2'
10236: 19:50:17.572 - Destroying servers
10236: 19:50:17.572 - Destroying WebSocket Outbound Connection Manager
10236: 19:50:17.572 - Destroying TCP Outbound Connection Manager
10236: 19:50:17.572 - Destroying TCP inactivity timer
10236: 19:50:17.572 - Destroying ENet timer wheel
10236: 19:50:17.572 - Destroying ENet host
10236: 19:50:17.572 - Destroying ENet outbound host
10236: 19:50:17.572 - Destroying HTTP inactivity timer
10236: 19:50:17.572 - Destroying HTTP host
10236: 19:50:17.572 - Destroying HTTP Chunk host
10236: 19:50:17.572 - Flushing ENET buffer allocator...
10236: 19:50:17.577 - Flushing TCP buffer handle allocator...
10236: 19:50:17.577 - Flushing stream socket allocator...
10236: 19:50:17.578 - Flushing inbound datagram socket allocator...
10236: 19:50:17.580 - Flushing outbound datagram socket allocator...
10236: 19:50:17.580 - Destroying CLR dispatcher
10236: 19:50:17.580 - Destroying CLR applications
9520: 19:50:17.585 - CManagedHost::OnDomainUnload() - 2
10236: 19:50:17.591 - ~CCLRApplicationCollection() - Waiting up to 10 seconds for the CLR to release all of our objects
9520: 19:50:17.609 - CManagedHost::OnDefaultAction() - OPR_AppDomainUnload - eUnloadAppDomain
4832: 19:50:17.620 - Unloading Domain: ApplicationName = 'GameServer', DomainId='3'
9520: 19:50:17.620 - CManagedHost::OnDomainUnload() - 3
10236: 19:50:17.627 - ~CCLRApplicationCollection() - Done. All objects released
10236: 19:50:17.627 - ~CManagedHost() - Release default app domain
10236: 19:50:17.627 - CManagedHost::OnDomainUnload() - 1
10236: 19:50:17.627 - ~CManagedHost() - Waiting up to 10 seconds for CLR shutdown...
10236: 19:50:17.627 - ~CManagedHost
10236: 19:50:17.627 - Destroying ENet thread pool
10236: 19:50:17.628 - Destroying Business logic thread pool
10236: 19:50:17.628 - Destroying I/O thread pool
10236: 19:50:17.628 - Destroying ENet buffer allocator
10236: 19:50:17.628 - Destroying TCP buffer allocator
10236: 19:50:17.628 - Destroying TCP socket allocator
10236: 19:50:17.628 - Destroying ENet inbound socket allocator
10236: 19:50:17.628 - Destroying ENet outbound socket allocator
10236: 19:50:17.628 - Destroying shared datagram flow control data
10236: 19:50:17.628 - Shutdown complete...
10236: 19:50:17.628 - Service shutting down
10236: 19:50:17.630 - Service shut down complete
8640: 19:50:21.353 - ---
8640: 19:50:21.353 - Service: "Photon Socket Server" starting
8640: 19:50:21.353 - Config File: D:\BattleRoyalServer\PhotonBase\deploy\bin_Win64\PhotonServer.config
8640: 19:50:21.354 - Will produce at most: 10 crash dumps
8640: 19:50:21.354 - Action: run as exe
8640: 19:50:21.355 - Server Starting...
8640: 19:50:21.355 -    Tick count: 21337863 (wraps in: 49.4633 days)
8640: 19:50:21.355 - Tick count 64: 21337863
8640: 19:50:21.355 - Photon Version: 4.0.28.2962
8640: 19:50:21.355 - PID: 10848
8640: 19:50:21.355 - Config File: D:\BattleRoyalServer\PhotonBase\deploy\bin_Win64\PhotonServer.config
8640: 19:50:21.355 - Will NOT log unimportant exceptions
8640: 19:50:21.357 - Not using performance counters as they are not currently installed. Run the service with /InstallCounters to install them.
8640: 19:50:21.358 - Shutdown timeout enabled: 30000ms
8640: 19:50:21.358 - Starting I/O thread pool with 2 threads
8640: 19:50:21.358 - Using Standard allocator
8640: 19:50:21.358 - Max message size: 512000
8640: 19:50:21.358 - Starting business logic thread pool with the following settings
8640: 19:50:21.358 - InitialThreads: 4 threads
8640: 19:50:21.358 - MinThreads: 4 threads
8640: 19:50:21.358 - Thread pool is fixed size
8640: 19:50:21.358 - Starting ENet thread pool with the following settings
8640: 19:50:21.358 - InitialThreads: 2 threads
8640: 19:50:21.358 - MinThreads: 2 threads
8640: 19:50:21.358 - Thread pool is fixed size
8640: 19:50:21.358 - OnlyDispatchTimers: False
8640: 19:50:21.358 - S2S: flow control: Max pending writes: 50
8640: 19:50:21.358 - S2S: flow control: Max queued buffers: 200
8640: 19:50:21.358 - S2S: flow control: Max pending writes MUX: 500
8640: 19:50:21.358 - S2S: flow control: Max queued buffers MUX: 2000
8640: 19:50:21.358 - S2S: MaxInboundMessageSize: 512000
8640: 19:50:21.358 - S2S: MaxOutboundMessageSize: 512000
8640: 19:50:21.358 - S2S: No inactivity timeout
8640: 19:50:21.361 - WebSocket S2S: MaxInboundMessageSize: 512000
8640: 19:50:21.361 - WebSocket S2S: MaxOutboundMessageSize: 512000
8640: 19:50:21.361 - WebSocket S2S: No inactivity timeout
8640: 19:50:21.362 - Max Reliable Data In Transit (awaiting ACKs) per peer : 51200 bytes
8640: 19:50:21.362 - Per peer bandwidth limit
8640: 19:50:21.362 - Transmit Rate Limit: 256 KB/Sec
8640: 19:50:21.362 - Limit period: 200ms
8640: 19:50:21.362 - Limit per period: 52428 bytes
8640: 19:50:21.362 - Max queued data for transmission per peer: 512000 bytes
8640: 19:50:21.362 - Minimum retransmit timeout: 200
8640: 19:50:21.362 - No Maximum retransmit timeout
8640: 19:50:21.362 - Minimum ENet timeout: 5000ms
8640: 19:50:21.362 - Maximum ENet timeout: 30000ms
8640: 19:50:21.362 - Max Inbound Reliable Data Queued (awaiting resends of earlier sequence numbers) per peer : 163840 bytes
8640: 19:50:21.362 - No RTT ACK adjustment timeout
8640: 19:50:21.362 - Outbound ENet: MaxInboundMessageSize: 512000
8640: 19:50:21.362 - Outbound ENet: MaxOutboundMessageSize: 512000
8640: 19:50:21.364 - GetRuntime - About to load CLR - versions available:
8640: 19:50:21.364 - v2.0.50727
8640: 19:50:21.364 - v4.0.30319
8640: 19:50:21.364 - Configuration requests: "v2.0.50727"
8640: 19:50:21.364 - About to load version: "v2.0.50727"
8640: 19:50:21.371 - About to load runtime: PhotonHostRuntime.PhotonDomainManager from PhotonHostRuntime, Culture=neutral, PublicKeyToken=02C301B61B060C4D
8640: 19:50:21.371 - CLRBaseDirectory set to "D:\BattleRoyalServer\PhotonBase\deploy"
8640: 19:50:21.371 - Optimising event broadcast for 20 or more peers
8640: 19:50:21.372 - Start: About to load CLR - versions available:
8640: 19:50:21.372 - v2.0.50727
8640: 19:50:21.372 - v4.0.30319
8640: 19:50:21.372 - No preference in configuration file, will load latest.
8640: 19:50:21.372 - About to load version: "v4.0.30319"
8640: 19:50:21.373 - Loaded version: "v4.0.30319"
8640: 19:50:21.525 - Photon host runtime loaded
8640: 19:50:23.683 - License is valid.
8640: 19:50:23.683 - Licensed for 100 concurrent connections.
8640: 19:50:23.683 - ENet: Max Reliable Data In Transit (awaiting ACKs) per peer : 51200 bytes
8640: 19:50:23.683 - ENet: Per peer bandwidth limit
8640: 19:50:23.683 - ENet: Transmit Rate Limit: 256 KB/Sec
8640: 19:50:23.683 - ENet: Limit period: 200ms
8640: 19:50:23.683 - ENet: Limit per period: 52428 bytes
8640: 19:50:23.683 - ENet: Max queued data for transmission per peer: 512000 bytes
8640: 19:50:23.683 - ENet: Minimum retransmit timeout: 200
8640: 19:50:23.683 - No Maximum retransmit timeout
8640: 19:50:23.683 - ENet: Minimum timeout: 5000ms
8640: 19:50:23.683 - ENet: Maximum timeout: 30000ms
8640: 19:50:23.683 - ENet: Max Inbound Reliable Data Queued (awaiting resends of earlier sequence numbers) per peer : 163840 bytes
8640: 19:50:23.683 - No RTT ACK adjustment timeout
8640: 19:50:23.683 - About to load application: MasterServer from masterServer
8640: 19:50:23.683 - Auto restart is enabled for application, existing connections will be terminated during restart
8640: 19:50:23.683 - Application will restart 1000ms after the last change detected
8640: 19:50:23.683 - Application will restart if files matching the following are changed: "dll;config"
8640: 19:50:23.683 - Application will NOT restart if files matching the following are changed: "log4net.config"
8640: 19:50:23.989 - Taking reference on default app domain
8640: 19:50:24.061 - Application: "MasterServer" started in app domain: 2
8640: 19:50:24.061 - About to load application: GameServer from gameServer
8640: 19:50:24.061 - Auto restart is enabled for application, existing connections will be terminated during restart
8640: 19:50:24.061 - Application will restart 1000ms after the last change detected
8640: 19:50:24.061 - Application will restart if files matching the following are changed: "dll;config"
8640: 19:50:24.061 - Application will NOT restart if files matching the following are changed: "log4net.config"
8640: 19:50:24.114 - Taking reference on default app domain
8640: 19:50:24.147 - Application: "GameServer" started in app domain: 3
8640: 19:50:24.147 - About to load application: CounterPublisher from CounterPublisher
8640: 19:50:24.147 - Auto restart is enabled for application, existing connections will be terminated during restart
8640: 19:50:24.147 - Application will restart 1000ms after the last change detected
8640: 19:50:24.147 - Application will restart if files matching the following are changed: "dll;config"
8640: 19:50:24.147 - Application will NOT restart if files matching the following are changed: "log4net.config"
8640: 19:50:24.201 - Taking reference on default app domain
8640: 19:50:24.232 - Application: "CounterPublisher" started in app domain: 4
8640: 19:50:24.232 - Adding TCP listener on: 0.0.0.0: 4530 with a listen backlog of: 150
8640: 19:50:24.232 - TCP inactivity timeout: 10000ms
8640: 19:50:24.232 - TCP disconnect timeout: 120000ms
8640: 19:50:24.232 - MaxInboundMessageSize: 512000
8640: 19:50:24.232 - MaxOutboundMessageSize: 512000
8640: 19:50:24.232 - Forcing all applications ids to: "MasterServer"
8640: 19:50:24.233 - Serving policy file requests from: "D:\BattleRoyalServer\PhotonBase\deploy\Policy\assets\socket-policy.xml"
8640: 19:50:24.233 - Adding TCP listener on: 0.0.0.0: 4531 with a listen backlog of: 150
8640: 19:50:24.233 - TCP inactivity timeout: 10000ms
8640: 19:50:24.233 - TCP disconnect timeout: 120000ms
8640: 19:50:24.233 - MaxInboundMessageSize: 512000
8640: 19:50:24.233 - MaxOutboundMessageSize: 512000
8640: 19:50:24.233 - Forcing all applications ids to: "GameServer"
8640: 19:50:24.233 - Serving policy file requests from: "D:\BattleRoyalServer\PhotonBase\deploy\Policy\assets\socket-policy.xml"
8640: 19:50:24.233 - Adding TCP listener on: 0.0.0.0: 4520 with a listen backlog of: 150
8640: 19:50:24.233 - TCP inactivity timeout: 5000ms
8640: 19:50:24.233 - TCP disconnect timeout: 120000ms
8640: 19:50:24.233 - MaxInboundMessageSize: 512000
8640: 19:50:24.233 - MaxOutboundMessageSize: 512000
8640: 19:50:24.233 - Forcing all applications ids to: "MasterServer"
8640: 19:50:24.233 - MaxInboundMessageSize: 512000
8640: 19:50:24.233 - MaxOutboundMessageSize: 512000
8640: 19:50:24.233 - UDP address specified as: "0.0.0.0" adding listener to each available IPv4 address
8640: 19:50:24.234 - Adding UDP listener on: 192.168.0.105: 5055 with a listen backlog of: 500
8640: 19:50:24.234 - Adding UDP listener on: 127.0.0.1: 5055 with a listen backlog of: 500
8640: 19:50:24.234 - Forcing all applications ids to: "GameServer"
8640: 19:50:24.234 - MaxInboundMessageSize: 512000
8640: 19:50:24.234 - MaxOutboundMessageSize: 512000
8640: 19:50:24.234 - UDP address specified as: "0.0.0.0" adding listener to each available IPv4 address
8640: 19:50:24.234 - Adding UDP listener on: 192.168.0.105: 5056 with a listen backlog of: 500
8640: 19:50:24.234 - Adding UDP listener on: 127.0.0.1: 5056 with a listen backlog of: 500
8640: 19:50:24.234 - Adding WebSocket TCP listener on: 0.0.0.0: 9090 with a listen backlog of: 150
8640: 19:50:24.234 - Nagle disabled
8640: 19:50:24.234 - TCP inactivity timeout: 10000ms
8640: 19:50:24.234 - MaxInboundMessageSize: 512000
8640: 19:50:24.234 - MaxOutboundMessageSize: 512000
8640: 19:50:24.234 - Forcing all applications ids to: "MasterServer"
8640: 19:50:24.234 - Will accept ANY sub-protocols from the client
8640: 19:50:24.234 - No automatic WebSocket ping
8640: 19:50:24.234 - Adding WebSocket TCP listener on: 0.0.0.0: 9091 with a listen backlog of: 150
8640: 19:50:24.234 - Nagle disabled
8640: 19:50:24.234 - TCP inactivity timeout: 10000ms
8640: 19:50:24.234 - MaxInboundMessageSize: 512000
8640: 19:50:24.234 - MaxOutboundMessageSize: 512000
8640: 19:50:24.234 - Forcing all applications ids to: "GameServer"
8640: 19:50:24.234 - Will accept ANY sub-protocols from the client
8640: 19:50:24.234 - No automatic WebSocket ping
8640: 19:50:24.235 - Adding Policy File listener on: 0.0.0.0: 843 with a listen backlog of: 150 and serving Policy File: "D:\BattleRoyalServer\PhotonBase\deploy\Policy\assets\socket-policy.xml"
8640: 19:50:24.235 - TCP inactivity timeout: 1000ms
8640: 19:50:24.235 - Adding Policy File listener on: 0.0.0.0: 943 with a listen backlog of: 150 and serving Policy File: "D:\BattleRoyalServer\PhotonBase\deploy\Policy\assets\socket-policy-silverlight.xml"
8640: 19:50:24.235 - TCP inactivity timeout: 1000ms
8640: 19:50:24.300 - Service is running...
8640: 19:58:38.929 - Service is stopped...
8640: 19:58:38.929 - Server shutting down...
8640: 19:58:38.929 - Shutdown monitoring enabled, 30000ms before process abort
8640: 19:58:38.929 - Notifying CLR applications of shutdown...
8640: 19:58:38.929 - RequestApplicationStop: 4
8640: 19:58:38.933 - RequestApplicationStop: 3
8640: 19:58:38.939 - RequestApplicationStop: 2
8640: 19:58:38.942 - RequestStop: defalt app domain
8640: 19:58:38.943 - Shutting down WebSocket Outbound Connection Manager...
8640: 19:58:38.943 - Shutting down TCP Outbound Connection Manager...
8640: 19:58:38.943 - Shutting down ENet Outbound Connection Manager...
8640: 19:58:38.943 - Disconnecting all outbound peers...
8640: 19:58:38.943 - Shutting down ENet host...
8640: 19:58:38.943 - Disconnecting all peers...
8640: 19:58:38.943 - Shutting down socket servers...
8640: 19:58:38.946 - Shutting down ENet thread pool...
8640: 19:58:38.948 - Shutting down TCP inactivity timers...
8640: 19:58:38.948 - WaitingForShutdownToComplete: NativePolicy:0.0.0.0:843
8640: 19:58:38.948 - OnShutdownCompleted: NativePolicy:0.0.0.0:843
8640: 19:58:38.948 - WaitingForShutdownToComplete: NativePolicy:0.0.0.0:943
8640: 19:58:38.948 - OnShutdownCompleted: NativePolicy:0.0.0.0:943
8640: 19:58:38.948 - WaitingForShutdownToComplete: TCP:0.0.0.0:4520
8640: 19:58:38.948 - OnShutdownCompleted: TCP:0.0.0.0:4520
8640: 19:58:38.948 - WaitingForShutdownToComplete: TCP:0.0.0.0:4530
8640: 19:58:38.948 - OnShutdownCompleted: TCP:0.0.0.0:4530
8640: 19:58:38.948 - WaitingForShutdownToComplete: TCP:0.0.0.0:4531
8640: 19:58:38.948 - OnShutdownCompleted: TCP:0.0.0.0:4531
8640: 19:58:38.948 - WaitingForShutdownToComplete: UDP:127.0.0.1:5055
8640: 19:58:38.948 - OnShutdownCompleted: UDP:127.0.0.1:5055
8640: 19:58:38.948 - WaitingForShutdownToComplete: UDP:127.0.0.1:5056
8640: 19:58:38.948 - OnShutdownCompleted: UDP:127.0.0.1:5056
8640: 19:58:38.948 - WaitingForShutdownToComplete: UDP:192.168.0.105:5055
8640: 19:58:38.948 - OnShutdownCompleted: UDP:192.168.0.105:5055
8640: 19:58:38.948 - WaitingForShutdownToComplete: UDP:192.168.0.105:5056
8640: 19:58:38.948 - OnShutdownCompleted: UDP:192.168.0.105:5056
8640: 19:58:38.948 - WaitingForShutdownToComplete: WebSocket:0.0.0.0:9090
8640: 19:58:38.948 - OnShutdownCompleted: WebSocket:0.0.0.0:9090
8640: 19:58:38.948 - WaitingForShutdownToComplete: WebSocket:0.0.0.0:9091
8640: 19:58:38.948 - OnShutdownCompleted: WebSocket:0.0.0.0:9091
8640: 19:58:38.948 - Shutting down CLR applications...
6436: 19:58:38.951 - CManagedHost::OnDefaultAction() - OPR_AppDomainUnload - eUnloadAppDomain
8640: 19:58:38.956 - Shutting down business logic thread pool...
4128: 19:58:38.961 - Unloading Domain: ApplicationName = 'CounterPublisher', DomainId='4'
8640: 19:58:38.965 - Shutting down I/O thread pool...
8640: 19:58:38.965 - Destroying servers
8640: 19:58:38.965 - Destroying WebSocket Outbound Connection Manager
8640: 19:58:38.965 - Destroying TCP Outbound Connection Manager
8640: 19:58:38.965 - Destroying TCP inactivity timer
8640: 19:58:38.965 - Destroying ENet timer wheel
8640: 19:58:38.965 - Destroying ENet host
8640: 19:58:38.965 - Destroying ENet outbound host
8640: 19:58:38.965 - Destroying HTTP inactivity timer
8640: 19:58:38.965 - Destroying HTTP host
8640: 19:58:38.965 - Destroying HTTP Chunk host
8640: 19:58:38.965 - Flushing ENET buffer allocator...
8640: 19:58:38.967 - Flushing TCP buffer handle allocator...
8640: 19:58:38.967 - Flushing stream socket allocator...
8640: 19:58:38.968 - Flushing inbound datagram socket allocator...
8640: 19:58:38.969 - Flushing outbound datagram socket allocator...
8640: 19:58:38.969 - Destroying CLR dispatcher
8640: 19:58:38.969 - Destroying CLR applications
8640: 19:58:38.970 - ~CCLRApplicationCollection() - Waiting up to 10 seconds for the CLR to release all of our objects
6436: 19:58:39.093 - CManagedHost::OnDomainUnload() - 4
6436: 19:58:39.101 - CManagedHost::OnDefaultAction() - OPR_AppDomainUnload - eUnloadAppDomain
4128: 19:58:39.111 - Unloading Domain: ApplicationName = 'MasterServer', DomainId='2'
6436: 19:58:39.117 - CManagedHost::OnDomainUnload() - 2
6436: 19:58:39.137 - CManagedHost::OnDefaultAction() - OPR_AppDomainUnload - eUnloadAppDomain
4128: 19:58:39.146 - Unloading Domain: ApplicationName = 'GameServer', DomainId='3'
6436: 19:58:39.146 - CManagedHost::OnDomainUnload() - 3
8640: 19:58:39.152 - ~CCLRApplicationCollection() - Done. All objects released
8640: 19:58:39.153 - ~CManagedHost() - Release default app domain
8640: 19:58:39.153 - CManagedHost::OnDomainUnload() - 1
8640: 19:58:39.153 - ~CManagedHost() - Waiting up to 10 seconds for CLR shutdown...
8640: 19:58:39.153 - ~CManagedHost
8640: 19:58:39.153 - Destroying ENet thread pool
8640: 19:58:39.153 - Destroying Business logic thread pool
8640: 19:58:39.153 - Destroying I/O thread pool
8640: 19:58:39.153 - Destroying ENet buffer allocator
8640: 19:58:39.153 - Destroying TCP buffer allocator
8640: 19:58:39.153 - Destroying TCP socket allocator
8640: 19:58:39.153 - Destroying ENet inbound socket allocator
8640: 19:58:39.153 - Destroying ENet outbound socket allocator
8640: 19:58:39.153 - Destroying shared datagram flow control data
8640: 19:58:39.153 - Shutdown complete...
8640: 19:58:39.153 - Service shutting down
8640: 19:58:39.154 - Service shut down complete
11536: 19:58:43.737 - ---
11536: 19:58:43.737 - Service: "Photon Socket Server" starting
11536: 19:58:43.737 - Config File: D:\BattleRoyalServer\PhotonBase\deploy\bin_Win64\PhotonServer.config
11536: 19:58:43.738 - Will produce at most: 10 crash dumps
11536: 19:58:43.738 - Action: run as exe
11536: 19:58:43.739 - Server Starting...
11536: 19:58:43.739 -    Tick count: 21840249 (wraps in: 49.4575 days)
11536: 19:58:43.739 - Tick count 64: 21840249
11536: 19:58:43.739 - Photon Version: 4.0.28.2962
11536: 19:58:43.739 - PID: 12000
11536: 19:58:43.739 - Config File: D:\BattleRoyalServer\PhotonBase\deploy\bin_Win64\PhotonServer.config
11536: 19:58:43.739 - Will NOT log unimportant exceptions
11536: 19:58:43.741 - Not using performance counters as they are not currently installed. Run the service with /InstallCounters to install them.
11536: 19:58:43.741 - Shutdown timeout enabled: 30000ms
11536: 19:58:43.741 - Starting I/O thread pool with 2 threads
11536: 19:58:43.741 - Using Standard allocator
11536: 19:58:43.741 - Max message size: 512000
11536: 19:58:43.741 - Starting business logic thread pool with the following settings
11536: 19:58:43.741 - InitialThreads: 4 threads
11536: 19:58:43.741 - MinThreads: 4 threads
11536: 19:58:43.741 - Thread pool is fixed size
11536: 19:58:43.742 - Starting ENet thread pool with the following settings
11536: 19:58:43.742 - InitialThreads: 2 threads
11536: 19:58:43.742 - MinThreads: 2 threads
11536: 19:58:43.742 - Thread pool is fixed size
11536: 19:58:43.742 - OnlyDispatchTimers: False
11536: 19:58:43.742 - S2S: flow control: Max pending writes: 50
11536: 19:58:43.742 - S2S: flow control: Max queued buffers: 200
11536: 19:58:43.742 - S2S: flow control: Max pending writes MUX: 500
11536: 19:58:43.742 - S2S: flow control: Max queued buffers MUX: 2000
11536: 19:58:43.742 - S2S: MaxInboundMessageSize: 512000
11536: 19:58:43.742 - S2S: MaxOutboundMessageSize: 512000
11536: 19:58:43.742 - S2S: No inactivity timeout
11536: 19:58:43.745 - WebSocket S2S: MaxInboundMessageSize: 512000
11536: 19:58:43.745 - WebSocket S2S: MaxOutboundMessageSize: 512000
11536: 19:58:43.745 - WebSocket S2S: No inactivity timeout
11536: 19:58:43.745 - Max Reliable Data In Transit (awaiting ACKs) per peer : 51200 bytes
11536: 19:58:43.745 - Per peer bandwidth limit
11536: 19:58:43.745 - Transmit Rate Limit: 256 KB/Sec
11536: 19:58:43.745 - Limit period: 200ms
11536: 19:58:43.745 - Limit per period: 52428 bytes
11536: 19:58:43.745 - Max queued data for transmission per peer: 512000 bytes
11536: 19:58:43.745 - Minimum retransmit timeout: 200
11536: 19:58:43.745 - No Maximum retransmit timeout
11536: 19:58:43.745 - Minimum ENet timeout: 5000ms
11536: 19:58:43.745 - Maximum ENet timeout: 30000ms
11536: 19:58:43.745 - Max Inbound Reliable Data Queued (awaiting resends of earlier sequence numbers) per peer : 163840 bytes
11536: 19:58:43.745 - No RTT ACK adjustment timeout
11536: 19:58:43.745 - Outbound ENet: MaxInboundMessageSize: 512000
11536: 19:58:43.745 - Outbound ENet: MaxOutboundMessageSize: 512000
11536: 19:58:43.747 - GetRuntime - About to load CLR - versions available:
11536: 19:58:43.747 - v2.0.50727
11536: 19:58:43.747 - v4.0.30319
11536: 19:58:43.747 - Configuration requests: "v2.0.50727"
11536: 19:58:43.747 - About to load version: "v2.0.50727"
11536: 19:58:43.753 - About to load runtime: PhotonHostRuntime.PhotonDomainManager from PhotonHostRuntime, Culture=neutral, PublicKeyToken=02C301B61B060C4D
11536: 19:58:43.753 - CLRBaseDirectory set to "D:\BattleRoyalServer\PhotonBase\deploy"
11536: 19:58:43.753 - Optimising event broadcast for 20 or more peers
11536: 19:58:43.754 - Start: About to load CLR - versions available:
11536: 19:58:43.754 - v2.0.50727
11536: 19:58:43.754 - v4.0.30319
11536: 19:58:43.754 - No preference in configuration file, will load latest.
11536: 19:58:43.754 - About to load version: "v4.0.30319"
11536: 19:58:43.755 - Loaded version: "v4.0.30319"
11536: 19:58:43.897 - Photon host runtime loaded
11536: 19:58:46.139 - License is valid.
11536: 19:58:46.139 - Licensed for 100 concurrent connections.
11536: 19:58:46.139 - ENet: Max Reliable Data In Transit (awaiting ACKs) per peer : 51200 bytes
11536: 19:58:46.139 - ENet: Per peer bandwidth limit
11536: 19:58:46.139 - ENet: Transmit Rate Limit: 256 KB/Sec
11536: 19:58:46.139 - ENet: Limit period: 200ms
11536: 19:58:46.139 - ENet: Limit per period: 52428 bytes
11536: 19:58:46.139 - ENet: Max queued data for transmission per peer: 512000 bytes
11536: 19:58:46.139 - ENet: Minimum retransmit timeout: 200
11536: 19:58:46.139 - No Maximum retransmit timeout
11536: 19:58:46.139 - ENet: Minimum timeout: 5000ms
11536: 19:58:46.139 - ENet: Maximum timeout: 30000ms
11536: 19:58:46.139 - ENet: Max Inbound Reliable Data Queued (awaiting resends of earlier sequence numbers) per peer : 163840 bytes
11536: 19:58:46.139 - No RTT ACK adjustment timeout
11536: 19:58:46.139 - About to load application: MasterServer from masterServer
11536: 19:58:46.139 - Auto restart is enabled for application, existing connections will be terminated during restart
11536: 19:58:46.139 - Application will restart 1000ms after the last change detected
11536: 19:58:46.139 - Application will restart if files matching the following are changed: "dll;config"
11536: 19:58:46.139 - Application will NOT restart if files matching the following are changed: "log4net.config"
11536: 19:58:46.488 - Taking reference on default app domain
11536: 19:58:46.566 - Application: "MasterServer" started in app domain: 2
11536: 19:58:46.566 - About to load application: GameServer from gameServer
11536: 19:58:46.566 - Auto restart is enabled for application, existing connections will be terminated during restart
11536: 19:58:46.566 - Application will restart 1000ms after the last change detected
11536: 19:58:46.566 - Application will restart if files matching the following are changed: "dll;config"
11536: 19:58:46.566 - Application will NOT restart if files matching the following are changed: "log4net.config"
11536: 19:58:46.627 - Taking reference on default app domain
11536: 19:58:46.661 - Application: "GameServer" started in app domain: 3
11536: 19:58:46.661 - About to load application: CounterPublisher from CounterPublisher
11536: 19:58:46.661 - Auto restart is enabled for application, existing connections will be terminated during restart
11536: 19:58:46.661 - Application will restart 1000ms after the last change detected
11536: 19:58:46.661 - Application will restart if files matching the following are changed: "dll;config"
11536: 19:58:46.661 - Application will NOT restart if files matching the following are changed: "log4net.config"
11536: 19:58:46.729 - Taking reference on default app domain
11536: 19:58:46.761 - Application: "CounterPublisher" started in app domain: 4
11536: 19:58:46.761 - Adding TCP listener on: 0.0.0.0: 4530 with a listen backlog of: 150
11536: 19:58:46.761 - TCP inactivity timeout: 10000ms
11536: 19:58:46.761 - TCP disconnect timeout: 120000ms
11536: 19:58:46.761 - MaxInboundMessageSize: 512000
11536: 19:58:46.761 - MaxOutboundMessageSize: 512000
11536: 19:58:46.761 - Forcing all applications ids to: "MasterServer"
11536: 19:58:46.761 - Serving policy file requests from: "D:\BattleRoyalServer\PhotonBase\deploy\Policy\assets\socket-policy.xml"
11536: 19:58:46.761 - Adding TCP listener on: 0.0.0.0: 4531 with a listen backlog of: 150
11536: 19:58:46.761 - TCP inactivity timeout: 10000ms
11536: 19:58:46.761 - TCP disconnect timeout: 120000ms
11536: 19:58:46.761 - MaxInboundMessageSize: 512000
11536: 19:58:46.761 - MaxOutboundMessageSize: 512000
11536: 19:58:46.761 - Forcing all applications ids to: "GameServer"
11536: 19:58:46.762 - Serving policy file requests from: "D:\BattleRoyalServer\PhotonBase\deploy\Policy\assets\socket-policy.xml"
11536: 19:58:46.762 - Adding TCP listener on: 0.0.0.0: 4520 with a listen backlog of: 150
11536: 19:58:46.762 - TCP inactivity timeout: 5000ms
11536: 19:58:46.762 - TCP disconnect timeout: 120000ms
11536: 19:58:46.762 - MaxInboundMessageSize: 512000
11536: 19:58:46.762 - MaxOutboundMessageSize: 512000
11536: 19:58:46.762 - Forcing all applications ids to: "MasterServer"
11536: 19:58:46.762 - MaxInboundMessageSize: 512000
11536: 19:58:46.762 - MaxOutboundMessageSize: 512000
11536: 19:58:46.762 - UDP address specified as: "0.0.0.0" adding listener to each available IPv4 address
11536: 19:58:46.762 - Adding UDP listener on: 192.168.0.105: 5055 with a listen backlog of: 500
11536: 19:58:46.762 - Adding UDP listener on: 127.0.0.1: 5055 with a listen backlog of: 500
11536: 19:58:46.762 - Forcing all applications ids to: "GameServer"
11536: 19:58:46.762 - MaxInboundMessageSize: 512000
11536: 19:58:46.762 - MaxOutboundMessageSize: 512000
11536: 19:58:46.762 - UDP address specified as: "0.0.0.0" adding listener to each available IPv4 address
11536: 19:58:46.763 - Adding UDP listener on: 192.168.0.105: 5056 with a listen backlog of: 500
11536: 19:58:46.763 - Adding UDP listener on: 127.0.0.1: 5056 with a listen backlog of: 500
11536: 19:58:46.763 - Adding WebSocket TCP listener on: 0.0.0.0: 9090 with a listen backlog of: 150
11536: 19:58:46.763 - Nagle disabled
11536: 19:58:46.763 - TCP inactivity timeout: 10000ms
11536: 19:58:46.763 - MaxInboundMessageSize: 512000
11536: 19:58:46.763 - MaxOutboundMessageSize: 512000
11536: 19:58:46.763 - Forcing all applications ids to: "MasterServer"
11536: 19:58:46.763 - Will accept ANY sub-protocols from the client
11536: 19:58:46.763 - No automatic WebSocket ping
11536: 19:58:46.763 - Adding WebSocket TCP listener on: 0.0.0.0: 9091 with a listen backlog of: 150
11536: 19:58:46.763 - Nagle disabled
11536: 19:58:46.763 - TCP inactivity timeout: 10000ms
11536: 19:58:46.763 - MaxInboundMessageSize: 512000
11536: 19:58:46.763 - MaxOutboundMessageSize: 512000
11536: 19:58:46.763 - Forcing all applications ids to: "GameServer"
11536: 19:58:46.763 - Will accept ANY sub-protocols from the client
11536: 19:58:46.763 - No automatic WebSocket ping
11536: 19:58:46.763 - Adding Policy File listener on: 0.0.0.0: 843 with a listen backlog of: 150 and serving Policy File: "D:\BattleRoyalServer\PhotonBase\deploy\Policy\assets\socket-policy.xml"
11536: 19:58:46.763 - TCP inactivity timeout: 1000ms
11536: 19:58:46.763 - Adding Policy File listener on: 0.0.0.0: 943 with a listen backlog of: 150 and serving Policy File: "D:\BattleRoyalServer\PhotonBase\deploy\Policy\assets\socket-policy-silverlight.xml"
11536: 19:58:46.763 - TCP inactivity timeout: 1000ms
11536: 19:58:46.828 - Service is running...
