6292: 15:28:03.282 - ---
6292: 15:28:03.282 - Service: "Photon Socket Server" starting
6292: 15:28:03.282 - Config File: D:\BattleRoyalServer\PhotonBase\deploy\bin_Win64\PhotonServer.config
6292: 15:28:03.285 - Will produce at most: 10 crash dumps
6292: 15:28:03.285 - Action: run as exe
6292: 15:28:03.287 - Server Starting...
6292: 15:28:03.287 -    Tick count: 82193182 (wraps in: 48.759 days)
6292: 15:28:03.287 - Tick count 64: 82193182
6292: 15:28:03.287 - Photon Version: 4.0.28.2962
6292: 15:28:03.287 - PID: 8472
6292: 15:28:03.288 - Config File: D:\BattleRoyalServer\PhotonBase\deploy\bin_Win64\PhotonServer.config
6292: 15:28:03.289 - Will NOT log unimportant exceptions
6292: 15:28:03.299 - Not using performance counters as they are not currently installed. Run the service with /InstallCounters to install them.
6292: 15:28:03.299 - Shutdown timeout enabled: 30000ms
6292: 15:28:03.300 - Starting I/O thread pool with 2 threads
6292: 15:28:03.300 - Using Standard allocator
6292: 15:28:03.300 - Max message size: 512000
6292: 15:28:03.302 - Starting business logic thread pool with the following settings
6292: 15:28:03.302 - InitialThreads: 4 threads
6292: 15:28:03.302 - MinThreads: 4 threads
6292: 15:28:03.302 - Thread pool is fixed size
6292: 15:28:03.302 - Starting ENet thread pool with the following settings
6292: 15:28:03.302 - InitialThreads: 2 threads
6292: 15:28:03.302 - MinThreads: 2 threads
6292: 15:28:03.302 - Thread pool is fixed size
6292: 15:28:03.302 - OnlyDispatchTimers: False
6292: 15:28:03.303 - S2S: flow control: Max pending writes: 50
6292: 15:28:03.303 - S2S: flow control: Max queued buffers: 200
6292: 15:28:03.303 - S2S: flow control: Max pending writes MUX: 500
6292: 15:28:03.303 - S2S: flow control: Max queued buffers MUX: 2000
6292: 15:28:03.303 - S2S: MaxInboundMessageSize: 512000
6292: 15:28:03.303 - S2S: MaxOutboundMessageSize: 512000
6292: 15:28:03.303 - S2S: No inactivity timeout
6292: 15:28:03.315 - WebSocket S2S: MaxInboundMessageSize: 512000
6292: 15:28:03.315 - WebSocket S2S: MaxOutboundMessageSize: 512000
6292: 15:28:03.315 - WebSocket S2S: No inactivity timeout
6292: 15:28:03.315 - Max Reliable Data In Transit (awaiting ACKs) per peer : 51200 bytes
6292: 15:28:03.315 - Per peer bandwidth limit
6292: 15:28:03.315 - Transmit Rate Limit: 256 KB/Sec
6292: 15:28:03.315 - Limit period: 200ms
6292: 15:28:03.315 - Limit per period: 52428 bytes
6292: 15:28:03.315 - Max queued data for transmission per peer: 512000 bytes
6292: 15:28:03.315 - Minimum retransmit timeout: 200
6292: 15:28:03.315 - No Maximum retransmit timeout
6292: 15:28:03.315 - Minimum ENet timeout: 5000ms
6292: 15:28:03.315 - Maximum ENet timeout: 30000ms
6292: 15:28:03.315 - Max Inbound Reliable Data Queued (awaiting resends of earlier sequence numbers) per peer : 163840 bytes
6292: 15:28:03.315 - No RTT ACK adjustment timeout
6292: 15:28:03.315 - Outbound ENet: MaxInboundMessageSize: 512000
6292: 15:28:03.315 - Outbound ENet: MaxOutboundMessageSize: 512000
6292: 15:28:03.334 - GetRuntime - About to load CLR - versions available:
6292: 15:28:03.334 - v2.0.50727
6292: 15:28:03.334 - v4.0.30319
6292: 15:28:03.334 - Configuration requests: "v2.0.50727"
6292: 15:28:03.334 - About to load version: "v2.0.50727"
6292: 15:28:03.455 - About to load runtime: PhotonHostRuntime.PhotonDomainManager from PhotonHostRuntime, Culture=neutral, PublicKeyToken=02C301B61B060C4D
6292: 15:28:03.455 - CLRBaseDirectory set to "D:\BattleRoyalServer\PhotonBase\deploy"
6292: 15:28:03.455 - Optimising event broadcast for 20 or more peers
6292: 15:28:03.457 - Start: About to load CLR - versions available:
6292: 15:28:03.457 - v2.0.50727
6292: 15:28:03.457 - v4.0.30319
6292: 15:28:03.457 - No preference in configuration file, will load latest.
6292: 15:28:03.457 - About to load version: "v4.0.30319"
6292: 15:28:03.458 - Loaded version: "v4.0.30319"
6292: 15:28:03.661 - Photon host runtime loaded
6292: 15:28:06.180 - License is valid.
6292: 15:28:06.180 - Licensed for 100 concurrent connections.
6292: 15:28:06.180 - ENet: Max Reliable Data In Transit (awaiting ACKs) per peer : 51200 bytes
6292: 15:28:06.180 - ENet: Per peer bandwidth limit
6292: 15:28:06.180 - ENet: Transmit Rate Limit: 256 KB/Sec
6292: 15:28:06.180 - ENet: Limit period: 200ms
6292: 15:28:06.180 - ENet: Limit per period: 52428 bytes
6292: 15:28:06.180 - ENet: Max queued data for transmission per peer: 512000 bytes
6292: 15:28:06.180 - ENet: Minimum retransmit timeout: 200
6292: 15:28:06.180 - No Maximum retransmit timeout
6292: 15:28:06.180 - ENet: Minimum timeout: 5000ms
6292: 15:28:06.180 - ENet: Maximum timeout: 30000ms
6292: 15:28:06.180 - ENet: Max Inbound Reliable Data Queued (awaiting resends of earlier sequence numbers) per peer : 163840 bytes
6292: 15:28:06.180 - No RTT ACK adjustment timeout
6292: 15:28:06.180 - About to load application: MasterServer from masterServer
6292: 15:28:06.180 - Auto restart is enabled for application, existing connections will be terminated during restart
6292: 15:28:06.181 - Application will restart 1000ms after the last change detected
6292: 15:28:06.181 - Application will restart if files matching the following are changed: "dll;config"
6292: 15:28:06.181 - Application will NOT restart if files matching the following are changed: "log4net.config"
6292: 15:28:06.647 - Taking reference on default app domain
6292: 15:28:06.833 - Application: "MasterServer" started in app domain: 2
6292: 15:28:06.833 - About to load application: GameServer from gameServer
6292: 15:28:06.833 - Auto restart is enabled for application, existing connections will be terminated during restart
6292: 15:28:06.833 - Application will restart 1000ms after the last change detected
6292: 15:28:06.833 - Application will restart if files matching the following are changed: "dll;config"
6292: 15:28:06.833 - Application will NOT restart if files matching the following are changed: "log4net.config"
6292: 15:28:06.966 - Taking reference on default app domain
6292: 15:28:07.067 - Application: "GameServer" started in app domain: 3
6292: 15:28:07.067 - About to load application: CounterPublisher from CounterPublisher
6292: 15:28:07.067 - Auto restart is enabled for application, existing connections will be terminated during restart
6292: 15:28:07.067 - Application will restart 1000ms after the last change detected
6292: 15:28:07.067 - Application will restart if files matching the following are changed: "dll;config"
6292: 15:28:07.067 - Application will NOT restart if files matching the following are changed: "log4net.config"
6292: 15:28:07.267 - Taking reference on default app domain
6292: 15:28:07.335 - Application: "CounterPublisher" started in app domain: 4
6292: 15:28:07.341 - Adding TCP listener on: 0.0.0.0: 4530 with a listen backlog of: 150
6292: 15:28:07.341 - TCP inactivity timeout: 10000ms
6292: 15:28:07.341 - TCP disconnect timeout: 120000ms
6292: 15:28:07.341 - MaxInboundMessageSize: 512000
6292: 15:28:07.341 - MaxOutboundMessageSize: 512000
6292: 15:28:07.341 - Forcing all applications ids to: "MasterServer"
6292: 15:28:07.341 - Serving policy file requests from: "D:\BattleRoyalServer\PhotonBase\deploy\Policy\assets\socket-policy.xml"
6292: 15:28:07.342 - Adding TCP listener on: 0.0.0.0: 4531 with a listen backlog of: 150
6292: 15:28:07.342 - TCP inactivity timeout: 10000ms
6292: 15:28:07.342 - TCP disconnect timeout: 120000ms
6292: 15:28:07.342 - MaxInboundMessageSize: 512000
6292: 15:28:07.342 - MaxOutboundMessageSize: 512000
6292: 15:28:07.342 - Forcing all applications ids to: "GameServer"
6292: 15:28:07.342 - Serving policy file requests from: "D:\BattleRoyalServer\PhotonBase\deploy\Policy\assets\socket-policy.xml"
6292: 15:28:07.342 - Adding TCP listener on: 0.0.0.0: 4520 with a listen backlog of: 150
6292: 15:28:07.342 - TCP inactivity timeout: 5000ms
6292: 15:28:07.342 - TCP disconnect timeout: 120000ms
6292: 15:28:07.342 - MaxInboundMessageSize: 512000
6292: 15:28:07.342 - MaxOutboundMessageSize: 512000
6292: 15:28:07.342 - Forcing all applications ids to: "MasterServer"
6292: 15:28:07.342 - MaxInboundMessageSize: 512000
6292: 15:28:07.342 - MaxOutboundMessageSize: 512000
6292: 15:28:07.342 - UDP address specified as: "0.0.0.0" adding listener to each available IPv4 address
6292: 15:28:07.342 - Adding UDP listener on: 192.168.0.105: 5055 with a listen backlog of: 500
6292: 15:28:07.342 - Adding UDP listener on: 127.0.0.1: 5055 with a listen backlog of: 500
6292: 15:28:07.342 - Forcing all applications ids to: "GameServer"
6292: 15:28:07.342 - MaxInboundMessageSize: 512000
6292: 15:28:07.342 - MaxOutboundMessageSize: 512000
6292: 15:28:07.342 - UDP address specified as: "0.0.0.0" adding listener to each available IPv4 address
6292: 15:28:07.343 - Adding UDP listener on: 192.168.0.105: 5056 with a listen backlog of: 500
6292: 15:28:07.343 - Adding UDP listener on: 127.0.0.1: 5056 with a listen backlog of: 500
6292: 15:28:07.343 - Adding WebSocket TCP listener on: 0.0.0.0: 9090 with a listen backlog of: 150
6292: 15:28:07.343 - Nagle disabled
6292: 15:28:07.343 - TCP inactivity timeout: 10000ms
6292: 15:28:07.343 - MaxInboundMessageSize: 512000
6292: 15:28:07.343 - MaxOutboundMessageSize: 512000
6292: 15:28:07.343 - Forcing all applications ids to: "MasterServer"
6292: 15:28:07.343 - Will accept ANY sub-protocols from the client
6292: 15:28:07.343 - No automatic WebSocket ping
6292: 15:28:07.346 - Adding WebSocket TCP listener on: 0.0.0.0: 9091 with a listen backlog of: 150
6292: 15:28:07.346 - Nagle disabled
6292: 15:28:07.346 - TCP inactivity timeout: 10000ms
6292: 15:28:07.346 - MaxInboundMessageSize: 512000
6292: 15:28:07.346 - MaxOutboundMessageSize: 512000
6292: 15:28:07.346 - Forcing all applications ids to: "GameServer"
6292: 15:28:07.346 - Will accept ANY sub-protocols from the client
6292: 15:28:07.346 - No automatic WebSocket ping
6292: 15:28:07.346 - Adding Policy File listener on: 0.0.0.0: 843 with a listen backlog of: 150 and serving Policy File: "D:\BattleRoyalServer\PhotonBase\deploy\Policy\assets\socket-policy.xml"
6292: 15:28:07.346 - TCP inactivity timeout: 1000ms
6292: 15:28:07.346 - Adding Policy File listener on: 0.0.0.0: 943 with a listen backlog of: 150 and serving Policy File: "D:\BattleRoyalServer\PhotonBase\deploy\Policy\assets\socket-policy-silverlight.xml"
6292: 15:28:07.346 - TCP inactivity timeout: 1000ms
6292: 15:28:07.434 - Service is running...
936: 20:16:08.952 - Restarting application: "MasterServer" due to file changes
936: 20:16:08.952 - Application: "MasterServer" restart request (abort existing connections)
936: 20:16:09.185 - Taking reference on default app domain
936: 20:16:09.272 - Application: "MasterServer" started in app domain: 5
936: 20:16:09.433 - RequestApplicationStop: 2
936: 20:16:09.443 - Application: "MasterServer" stopped in app domain: 2 (abort existing connections)
936: 20:16:09.443 - Application: "MasterServer" restart complete.
10388: 20:16:09.456 - CManagedHost::OnDefaultAction() - OPR_AppDomainUnload - eUnloadAppDomain
5524: 20:16:09.463 - Unloading Domain: ApplicationName = 'MasterServer', DomainId='2'
10388: 20:16:09.463 - CManagedHost::OnDomainUnload() - 2
