9128: 15:49:06.260 - ---
9128: 15:49:06.260 - Service: "Photon Socket Server" starting
9128: 15:49:06.260 - Config File: D:\BattleRoyalServer\PhotonBase\deploy\bin_Win64\PhotonServer.config
9128: 15:49:06.262 - Will produce at most: 10 crash dumps
9128: 15:49:06.262 - Action: run as exe
9128: 15:49:06.262 - Server Starting...
9128: 15:49:06.262 -    Tick count: 30965371 (wraps in: 49.3519 days)
9128: 15:49:06.262 - Tick count 64: 30965371
9128: 15:49:06.262 - Photon Version: 4.0.28.2962
9128: 15:49:06.262 - PID: 10324
9128: 15:49:06.262 - Config File: D:\BattleRoyalServer\PhotonBase\deploy\bin_Win64\PhotonServer.config
9128: 15:49:06.263 - Will NOT log unimportant exceptions
9128: 15:49:06.270 - Not using performance counters as they are not currently installed. Run the service with /InstallCounters to install them.
9128: 15:49:06.270 - Shutdown timeout enabled: 30000ms
9128: 15:49:06.270 - Starting I/O thread pool with 2 threads
9128: 15:49:06.270 - Using Standard allocator
9128: 15:49:06.270 - Max message size: 512000
9128: 15:49:06.270 - Starting business logic thread pool with the following settings
9128: 15:49:06.270 - InitialThreads: 4 threads
9128: 15:49:06.270 - MinThreads: 4 threads
9128: 15:49:06.270 - Thread pool is fixed size
9128: 15:49:06.271 - Starting ENet thread pool with the following settings
9128: 15:49:06.271 - InitialThreads: 2 threads
9128: 15:49:06.271 - MinThreads: 2 threads
9128: 15:49:06.271 - Thread pool is fixed size
9128: 15:49:06.271 - OnlyDispatchTimers: False
9128: 15:49:06.272 - S2S: flow control: Max pending writes: 50
9128: 15:49:06.272 - S2S: flow control: Max queued buffers: 200
9128: 15:49:06.272 - S2S: flow control: Max pending writes MUX: 500
9128: 15:49:06.272 - S2S: flow control: Max queued buffers MUX: 2000
9128: 15:49:06.272 - S2S: MaxInboundMessageSize: 512000
9128: 15:49:06.272 - S2S: MaxOutboundMessageSize: 512000
9128: 15:49:06.272 - S2S: No inactivity timeout
9128: 15:49:06.274 - WebSocket S2S: MaxInboundMessageSize: 512000
9128: 15:49:06.274 - WebSocket S2S: MaxOutboundMessageSize: 512000
9128: 15:49:06.274 - WebSocket S2S: No inactivity timeout
9128: 15:49:06.275 - Max Reliable Data In Transit (awaiting ACKs) per peer : 51200 bytes
9128: 15:49:06.275 - Per peer bandwidth limit
9128: 15:49:06.275 - Transmit Rate Limit: 256 KB/Sec
9128: 15:49:06.275 - Limit period: 200ms
9128: 15:49:06.275 - Limit per period: 52428 bytes
9128: 15:49:06.275 - Max queued data for transmission per peer: 512000 bytes
9128: 15:49:06.275 - Minimum retransmit timeout: 200
9128: 15:49:06.275 - No Maximum retransmit timeout
9128: 15:49:06.275 - Minimum ENet timeout: 5000ms
9128: 15:49:06.275 - Maximum ENet timeout: 30000ms
9128: 15:49:06.275 - Max Inbound Reliable Data Queued (awaiting resends of earlier sequence numbers) per peer : 163840 bytes
9128: 15:49:06.275 - No RTT ACK adjustment timeout
9128: 15:49:06.275 - Outbound ENet: MaxInboundMessageSize: 512000
9128: 15:49:06.275 - Outbound ENet: MaxOutboundMessageSize: 512000
9128: 15:49:06.277 - GetRuntime - About to load CLR - versions available:
9128: 15:49:06.277 - v2.0.50727
9128: 15:49:06.277 - v4.0.30319
9128: 15:49:06.277 - Configuration requests: "v2.0.50727"
9128: 15:49:06.277 - About to load version: "v2.0.50727"
9128: 15:49:06.334 - About to load runtime: PhotonHostRuntime.PhotonDomainManager from PhotonHostRuntime, Culture=neutral, PublicKeyToken=02C301B61B060C4D
9128: 15:49:06.334 - CLRBaseDirectory set to "D:\BattleRoyalServer\PhotonBase\deploy"
9128: 15:49:06.334 - Optimising event broadcast for 20 or more peers
9128: 15:49:06.335 - Start: About to load CLR - versions available:
9128: 15:49:06.335 - v2.0.50727
9128: 15:49:06.335 - v4.0.30319
9128: 15:49:06.335 - No preference in configuration file, will load latest.
9128: 15:49:06.335 - About to load version: "v4.0.30319"
9128: 15:49:06.337 - Loaded version: "v4.0.30319"
9128: 15:49:06.518 - Photon host runtime loaded
9128: 15:49:08.521 - License is valid.
9128: 15:49:08.521 - Licensed for 100 concurrent connections.
9128: 15:49:08.521 - ENet: Max Reliable Data In Transit (awaiting ACKs) per peer : 51200 bytes
9128: 15:49:08.521 - ENet: Per peer bandwidth limit
9128: 15:49:08.521 - ENet: Transmit Rate Limit: 256 KB/Sec
9128: 15:49:08.521 - ENet: Limit period: 200ms
9128: 15:49:08.521 - ENet: Limit per period: 52428 bytes
9128: 15:49:08.521 - ENet: Max queued data for transmission per peer: 512000 bytes
9128: 15:49:08.521 - ENet: Minimum retransmit timeout: 200
9128: 15:49:08.521 - No Maximum retransmit timeout
9128: 15:49:08.521 - ENet: Minimum timeout: 5000ms
9128: 15:49:08.521 - ENet: Maximum timeout: 30000ms
9128: 15:49:08.521 - ENet: Max Inbound Reliable Data Queued (awaiting resends of earlier sequence numbers) per peer : 163840 bytes
9128: 15:49:08.521 - No RTT ACK adjustment timeout
9128: 15:49:08.521 - About to load application: MasterServer from masterServer
9128: 15:49:08.521 - Auto restart is enabled for application, existing connections will be terminated during restart
9128: 15:49:08.521 - Application will restart 1000ms after the last change detected
9128: 15:49:08.521 - Application will restart if files matching the following are changed: "dll;config"
9128: 15:49:08.521 - Application will NOT restart if files matching the following are changed: "log4net.config"
9128: 15:49:08.843 - Taking reference on default app domain
9128: 15:49:08.937 - Application: "MasterServer" started in app domain: 2
9128: 15:49:08.937 - About to load application: GameServer from gameServer
9128: 15:49:08.937 - Auto restart is enabled for application, existing connections will be terminated during restart
9128: 15:49:08.937 - Application will restart 1000ms after the last change detected
9128: 15:49:08.937 - Application will restart if files matching the following are changed: "dll;config"
9128: 15:49:08.937 - Application will NOT restart if files matching the following are changed: "log4net.config"
9128: 15:49:08.999 - Taking reference on default app domain
9128: 15:49:09.047 - Application: "GameServer" started in app domain: 3
9128: 15:49:09.047 - About to load application: CounterPublisher from CounterPublisher
9128: 15:49:09.047 - Auto restart is enabled for application, existing connections will be terminated during restart
9128: 15:49:09.047 - Application will restart 1000ms after the last change detected
9128: 15:49:09.047 - Application will restart if files matching the following are changed: "dll;config"
9128: 15:49:09.047 - Application will NOT restart if files matching the following are changed: "log4net.config"
9128: 15:49:09.105 - Taking reference on default app domain
9128: 15:49:09.142 - Application: "CounterPublisher" started in app domain: 4
9128: 15:49:09.143 - Adding TCP listener on: 0.0.0.0: 4530 with a listen backlog of: 150
9128: 15:49:09.143 - TCP inactivity timeout: 10000ms
9128: 15:49:09.143 - TCP disconnect timeout: 120000ms
9128: 15:49:09.143 - MaxInboundMessageSize: 512000
9128: 15:49:09.143 - MaxOutboundMessageSize: 512000
9128: 15:49:09.143 - Forcing all applications ids to: "MasterServer"
9128: 15:49:09.143 - Serving policy file requests from: "D:\BattleRoyalServer\PhotonBase\deploy\Policy\assets\socket-policy.xml"
9128: 15:49:09.143 - Adding TCP listener on: 0.0.0.0: 4531 with a listen backlog of: 150
9128: 15:49:09.143 - TCP inactivity timeout: 10000ms
9128: 15:49:09.143 - TCP disconnect timeout: 120000ms
9128: 15:49:09.143 - MaxInboundMessageSize: 512000
9128: 15:49:09.143 - MaxOutboundMessageSize: 512000
9128: 15:49:09.143 - Forcing all applications ids to: "GameServer"
9128: 15:49:09.143 - Serving policy file requests from: "D:\BattleRoyalServer\PhotonBase\deploy\Policy\assets\socket-policy.xml"
9128: 15:49:09.143 - Adding TCP listener on: 0.0.0.0: 4520 with a listen backlog of: 150
9128: 15:49:09.143 - TCP inactivity timeout: 5000ms
9128: 15:49:09.143 - TCP disconnect timeout: 120000ms
9128: 15:49:09.143 - MaxInboundMessageSize: 512000
9128: 15:49:09.143 - MaxOutboundMessageSize: 512000
9128: 15:49:09.143 - Forcing all applications ids to: "MasterServer"
9128: 15:49:09.143 - MaxInboundMessageSize: 512000
9128: 15:49:09.143 - MaxOutboundMessageSize: 512000
9128: 15:49:09.144 - UDP address specified as: "0.0.0.0" adding listener to each available IPv4 address
9128: 15:49:09.145 - Adding UDP listener on: 192.168.0.105: 5055 with a listen backlog of: 500
9128: 15:49:09.145 - Adding UDP listener on: 127.0.0.1: 5055 with a listen backlog of: 500
9128: 15:49:09.145 - Forcing all applications ids to: "GameServer"
9128: 15:49:09.145 - MaxInboundMessageSize: 512000
9128: 15:49:09.145 - MaxOutboundMessageSize: 512000
9128: 15:49:09.145 - UDP address specified as: "0.0.0.0" adding listener to each available IPv4 address
9128: 15:49:09.145 - Adding UDP listener on: 192.168.0.105: 5056 with a listen backlog of: 500
9128: 15:49:09.145 - Adding UDP listener on: 127.0.0.1: 5056 with a listen backlog of: 500
9128: 15:49:09.145 - Adding WebSocket TCP listener on: 0.0.0.0: 9090 with a listen backlog of: 150
9128: 15:49:09.145 - Nagle disabled
9128: 15:49:09.145 - TCP inactivity timeout: 10000ms
9128: 15:49:09.145 - MaxInboundMessageSize: 512000
9128: 15:49:09.145 - MaxOutboundMessageSize: 512000
9128: 15:49:09.145 - Forcing all applications ids to: "MasterServer"
9128: 15:49:09.145 - Will accept ANY sub-protocols from the client
9128: 15:49:09.145 - No automatic WebSocket ping
9128: 15:49:09.145 - Adding WebSocket TCP listener on: 0.0.0.0: 9091 with a listen backlog of: 150
9128: 15:49:09.145 - Nagle disabled
9128: 15:49:09.145 - TCP inactivity timeout: 10000ms
9128: 15:49:09.145 - MaxInboundMessageSize: 512000
9128: 15:49:09.145 - MaxOutboundMessageSize: 512000
9128: 15:49:09.145 - Forcing all applications ids to: "GameServer"
9128: 15:49:09.146 - Will accept ANY sub-protocols from the client
9128: 15:49:09.146 - No automatic WebSocket ping
9128: 15:49:09.146 - Adding Policy File listener on: 0.0.0.0: 843 with a listen backlog of: 150 and serving Policy File: "D:\BattleRoyalServer\PhotonBase\deploy\Policy\assets\socket-policy.xml"
9128: 15:49:09.146 - TCP inactivity timeout: 1000ms
9128: 15:49:09.146 - Adding Policy File listener on: 0.0.0.0: 943 with a listen backlog of: 150 and serving Policy File: "D:\BattleRoyalServer\PhotonBase\deploy\Policy\assets\socket-policy-silverlight.xml"
9128: 15:49:09.146 - TCP inactivity timeout: 1000ms
9128: 15:49:09.213 - Service is running...
9912: 16:49:21.680 - Restarting application: "GameServer" due to file changes
9912: 16:49:21.680 - Application: "GameServer" restart request (abort existing connections)
9912: 16:49:21.753 - Taking reference on default app domain
9912: 16:49:21.784 - Application: "GameServer" started in app domain: 5
9912: 16:49:21.900 - RequestApplicationStop: 3
9912: 16:49:21.903 - Application: "GameServer" stopped in app domain: 3 (abort existing connections)
9912: 16:49:21.903 - Application: "GameServer" restart complete.
10172: 16:49:21.904 - CManagedHost::OnDefaultAction() - OPR_AppDomainUnload - eUnloadAppDomain
932: 16:49:21.911 - Unloading Domain: ApplicationName = 'GameServer', DomainId='3'
10172: 16:49:21.911 - CManagedHost::OnDomainUnload() - 3
9912: 16:49:22.429 - Restarting application: "MasterServer" due to file changes
9912: 16:49:22.429 - Application: "MasterServer" restart request (abort existing connections)
9912: 16:49:22.510 - Taking reference on default app domain
9912: 16:49:22.546 - Application: "MasterServer" started in app domain: 6
9912: 16:49:22.657 - RequestApplicationStop: 2
9912: 16:49:22.662 - Application: "MasterServer" stopped in app domain: 2 (abort existing connections)
9912: 16:49:22.662 - Application: "MasterServer" restart complete.
10172: 16:49:22.662 - CManagedHost::OnDefaultAction() - OPR_AppDomainUnload - eUnloadAppDomain
932: 16:49:22.669 - Unloading Domain: ApplicationName = 'MasterServer', DomainId='2'
10172: 16:49:22.675 - CManagedHost::OnDomainUnload() - 2
9128: 16:49:29.320 - Service is stopped...
9128: 16:49:29.320 - Server shutting down...
9128: 16:49:29.320 - Shutdown monitoring enabled, 30000ms before process abort
9128: 16:49:29.320 - Notifying CLR applications of shutdown...
9128: 16:49:29.320 - RequestApplicationStop: 4
9128: 16:49:29.322 - RequestApplicationStop: 5
9128: 16:49:29.324 - RequestApplicationStop: 6
9128: 16:49:29.326 - RequestStop: defalt app domain
9128: 16:49:29.327 - Shutting down WebSocket Outbound Connection Manager...
9128: 16:49:29.327 - Shutting down TCP Outbound Connection Manager...
9128: 16:49:29.328 - Shutting down ENet Outbound Connection Manager...
9128: 16:49:29.328 - Disconnecting all outbound peers...
9128: 16:49:29.328 - Shutting down ENet host...
9128: 16:49:29.328 - Disconnecting all peers...
9128: 16:49:29.328 - Shutting down socket servers...
9128: 16:49:29.329 - Shutting down ENet thread pool...
9128: 16:49:29.330 - Shutting down TCP inactivity timers...
9128: 16:49:29.330 - WaitingForShutdownToComplete: NativePolicy:0.0.0.0:843
9128: 16:49:29.330 - OnShutdownCompleted: NativePolicy:0.0.0.0:843
9128: 16:49:29.330 - WaitingForShutdownToComplete: NativePolicy:0.0.0.0:943
9128: 16:49:29.330 - OnShutdownCompleted: NativePolicy:0.0.0.0:943
9128: 16:49:29.330 - WaitingForShutdownToComplete: TCP:0.0.0.0:4520
9128: 16:49:29.330 - OnShutdownCompleted: TCP:0.0.0.0:4520
9128: 16:49:29.330 - WaitingForShutdownToComplete: TCP:0.0.0.0:4530
9128: 16:49:29.330 - OnShutdownCompleted: TCP:0.0.0.0:4530
9128: 16:49:29.330 - WaitingForShutdownToComplete: TCP:0.0.0.0:4531
9128: 16:49:29.330 - OnShutdownCompleted: TCP:0.0.0.0:4531
9128: 16:49:29.330 - WaitingForShutdownToComplete: UDP:127.0.0.1:5055
9128: 16:49:29.330 - OnShutdownCompleted: UDP:127.0.0.1:5055
9128: 16:49:29.330 - WaitingForShutdownToComplete: UDP:127.0.0.1:5056
9128: 16:49:29.330 - OnShutdownCompleted: UDP:127.0.0.1:5056
9128: 16:49:29.330 - WaitingForShutdownToComplete: UDP:192.168.0.105:5055
9128: 16:49:29.330 - OnShutdownCompleted: UDP:192.168.0.105:5055
9128: 16:49:29.330 - WaitingForShutdownToComplete: UDP:192.168.0.105:5056
9128: 16:49:29.330 - OnShutdownCompleted: UDP:192.168.0.105:5056
9128: 16:49:29.330 - WaitingForShutdownToComplete: WebSocket:0.0.0.0:9090
9128: 16:49:29.330 - OnShutdownCompleted: WebSocket:0.0.0.0:9090
9128: 16:49:29.330 - WaitingForShutdownToComplete: WebSocket:0.0.0.0:9091
9128: 16:49:29.330 - OnShutdownCompleted: WebSocket:0.0.0.0:9091
9128: 16:49:29.330 - Shutting down CLR applications...
10172: 16:49:29.333 - CManagedHost::OnDefaultAction() - OPR_AppDomainUnload - eUnloadAppDomain
932: 16:49:29.342 - Unloading Domain: ApplicationName = 'CounterPublisher', DomainId='4'
10172: 16:49:29.343 - CManagedHost::OnDomainUnload() - 4
9128: 16:49:29.350 - Shutting down business logic thread pool...
10172: 16:49:29.356 - CManagedHost::OnDefaultAction() - OPR_AppDomainUnload - eUnloadAppDomain
9128: 16:49:29.357 - Shutting down I/O thread pool...
9128: 16:49:29.357 - Destroying servers
9128: 16:49:29.358 - Destroying WebSocket Outbound Connection Manager
9128: 16:49:29.358 - Destroying TCP Outbound Connection Manager
9128: 16:49:29.358 - Destroying TCP inactivity timer
9128: 16:49:29.358 - Destroying ENet timer wheel
9128: 16:49:29.358 - Destroying ENet host
9128: 16:49:29.358 - Destroying ENet outbound host
9128: 16:49:29.358 - Destroying HTTP inactivity timer
9128: 16:49:29.358 - Destroying HTTP host
9128: 16:49:29.358 - Destroying HTTP Chunk host
9128: 16:49:29.358 - Flushing ENET buffer allocator...
9128: 16:49:29.360 - Flushing TCP buffer handle allocator...
9128: 16:49:29.360 - Flushing stream socket allocator...
9128: 16:49:29.360 - Flushing inbound datagram socket allocator...
9128: 16:49:29.364 - Flushing outbound datagram socket allocator...
9128: 16:49:29.364 - Destroying CLR dispatcher
9128: 16:49:29.364 - Destroying CLR applications
9128: 16:49:29.364 - ~CCLRApplicationCollection() - Waiting up to 10 seconds for the CLR to release all of our objects
932: 16:49:29.370 - Unloading Domain: ApplicationName = 'GameServer', DomainId='5'
10172: 16:49:29.370 - CManagedHost::OnDomainUnload() - 5
10172: 16:49:29.375 - CManagedHost::OnDefaultAction() - OPR_AppDomainUnload - eUnloadAppDomain
932: 16:49:29.385 - Unloading Domain: ApplicationName = 'MasterServer', DomainId='6'
10172: 16:49:29.385 - CManagedHost::OnDomainUnload() - 6
9128: 16:49:29.390 - ~CCLRApplicationCollection() - Done. All objects released
9128: 16:49:29.390 - ~CManagedHost() - Release default app domain
9128: 16:49:29.390 - CManagedHost::OnDomainUnload() - 1
9128: 16:49:29.390 - ~CManagedHost() - Waiting up to 10 seconds for CLR shutdown...
9128: 16:49:29.390 - ~CManagedHost
9128: 16:49:29.390 - Destroying ENet thread pool
9128: 16:49:29.390 - Destroying Business logic thread pool
9128: 16:49:29.390 - Destroying I/O thread pool
9128: 16:49:29.390 - Destroying ENet buffer allocator
9128: 16:49:29.390 - Destroying TCP buffer allocator
9128: 16:49:29.390 - Destroying TCP socket allocator
9128: 16:49:29.390 - Destroying ENet inbound socket allocator
9128: 16:49:29.390 - Destroying ENet outbound socket allocator
9128: 16:49:29.390 - Destroying shared datagram flow control data
9128: 16:49:29.390 - Shutdown complete...
9128: 16:49:29.390 - Service shutting down
9128: 16:49:29.392 - Service shut down complete
3044: 16:49:33.885 - ---
3044: 16:49:33.885 - Service: "Photon Socket Server" starting
3044: 16:49:33.885 - Config File: D:\BattleRoyalServer\PhotonBase\deploy\bin_Win64\PhotonServer.config
3044: 16:49:33.886 - Will produce at most: 10 crash dumps
3044: 16:49:33.886 - Action: run as exe
3044: 16:49:33.886 - Server Starting...
3044: 16:49:33.886 -    Tick count: 34593003 (wraps in: 49.3099 days)
3044: 16:49:33.886 - Tick count 64: 34593003
3044: 16:49:33.886 - Photon Version: 4.0.28.2962
3044: 16:49:33.886 - PID: 9464
3044: 16:49:33.886 - Config File: D:\BattleRoyalServer\PhotonBase\deploy\bin_Win64\PhotonServer.config
3044: 16:49:33.887 - Will NOT log unimportant exceptions
3044: 16:49:33.889 - Not using performance counters as they are not currently installed. Run the service with /InstallCounters to install them.
3044: 16:49:33.889 - Shutdown timeout enabled: 30000ms
3044: 16:49:33.889 - Starting I/O thread pool with 2 threads
3044: 16:49:33.889 - Using Standard allocator
3044: 16:49:33.889 - Max message size: 512000
3044: 16:49:33.889 - Starting business logic thread pool with the following settings
3044: 16:49:33.889 - InitialThreads: 4 threads
3044: 16:49:33.889 - MinThreads: 4 threads
3044: 16:49:33.889 - Thread pool is fixed size
3044: 16:49:33.890 - Starting ENet thread pool with the following settings
3044: 16:49:33.890 - InitialThreads: 2 threads
3044: 16:49:33.890 - MinThreads: 2 threads
3044: 16:49:33.890 - Thread pool is fixed size
3044: 16:49:33.890 - OnlyDispatchTimers: False
3044: 16:49:33.890 - S2S: flow control: Max pending writes: 50
3044: 16:49:33.890 - S2S: flow control: Max queued buffers: 200
3044: 16:49:33.890 - S2S: flow control: Max pending writes MUX: 500
3044: 16:49:33.890 - S2S: flow control: Max queued buffers MUX: 2000
3044: 16:49:33.890 - S2S: MaxInboundMessageSize: 512000
3044: 16:49:33.890 - S2S: MaxOutboundMessageSize: 512000
3044: 16:49:33.890 - S2S: No inactivity timeout
3044: 16:49:33.893 - WebSocket S2S: MaxInboundMessageSize: 512000
3044: 16:49:33.893 - WebSocket S2S: MaxOutboundMessageSize: 512000
3044: 16:49:33.893 - WebSocket S2S: No inactivity timeout
3044: 16:49:33.893 - Max Reliable Data In Transit (awaiting ACKs) per peer : 51200 bytes
3044: 16:49:33.893 - Per peer bandwidth limit
3044: 16:49:33.893 - Transmit Rate Limit: 256 KB/Sec
3044: 16:49:33.893 - Limit period: 200ms
3044: 16:49:33.893 - Limit per period: 52428 bytes
3044: 16:49:33.893 - Max queued data for transmission per peer: 512000 bytes
3044: 16:49:33.893 - Minimum retransmit timeout: 200
3044: 16:49:33.893 - No Maximum retransmit timeout
3044: 16:49:33.893 - Minimum ENet timeout: 5000ms
3044: 16:49:33.893 - Maximum ENet timeout: 30000ms
3044: 16:49:33.893 - Max Inbound Reliable Data Queued (awaiting resends of earlier sequence numbers) per peer : 163840 bytes
3044: 16:49:33.893 - No RTT ACK adjustment timeout
3044: 16:49:33.893 - Outbound ENet: MaxInboundMessageSize: 512000
3044: 16:49:33.893 - Outbound ENet: MaxOutboundMessageSize: 512000
3044: 16:49:33.895 - GetRuntime - About to load CLR - versions available:
3044: 16:49:33.895 - v2.0.50727
3044: 16:49:33.895 - v4.0.30319
3044: 16:49:33.895 - Configuration requests: "v2.0.50727"
3044: 16:49:33.895 - About to load version: "v2.0.50727"
3044: 16:49:33.902 - About to load runtime: PhotonHostRuntime.PhotonDomainManager from PhotonHostRuntime, Culture=neutral, PublicKeyToken=02C301B61B060C4D
3044: 16:49:33.902 - CLRBaseDirectory set to "D:\BattleRoyalServer\PhotonBase\deploy"
3044: 16:49:33.902 - Optimising event broadcast for 20 or more peers
3044: 16:49:33.903 - Start: About to load CLR - versions available:
3044: 16:49:33.903 - v2.0.50727
3044: 16:49:33.903 - v4.0.30319
3044: 16:49:33.903 - No preference in configuration file, will load latest.
3044: 16:49:33.903 - About to load version: "v4.0.30319"
3044: 16:49:33.905 - Loaded version: "v4.0.30319"
3044: 16:49:34.048 - Photon host runtime loaded
3044: 16:49:35.998 - License is valid.
3044: 16:49:35.998 - Licensed for 100 concurrent connections.
3044: 16:49:35.998 - ENet: Max Reliable Data In Transit (awaiting ACKs) per peer : 51200 bytes
3044: 16:49:35.998 - ENet: Per peer bandwidth limit
3044: 16:49:35.998 - ENet: Transmit Rate Limit: 256 KB/Sec
3044: 16:49:35.999 - ENet: Limit period: 200ms
3044: 16:49:35.999 - ENet: Limit per period: 52428 bytes
3044: 16:49:35.999 - ENet: Max queued data for transmission per peer: 512000 bytes
3044: 16:49:35.999 - ENet: Minimum retransmit timeout: 200
3044: 16:49:35.999 - No Maximum retransmit timeout
3044: 16:49:35.999 - ENet: Minimum timeout: 5000ms
3044: 16:49:35.999 - ENet: Maximum timeout: 30000ms
3044: 16:49:35.999 - ENet: Max Inbound Reliable Data Queued (awaiting resends of earlier sequence numbers) per peer : 163840 bytes
3044: 16:49:35.999 - No RTT ACK adjustment timeout
3044: 16:49:35.999 - About to load application: MasterServer from masterServer
3044: 16:49:35.999 - Auto restart is enabled for application, existing connections will be terminated during restart
3044: 16:49:35.999 - Application will restart 1000ms after the last change detected
3044: 16:49:35.999 - Application will restart if files matching the following are changed: "dll;config"
3044: 16:49:35.999 - Application will NOT restart if files matching the following are changed: "log4net.config"
3044: 16:49:36.266 - Taking reference on default app domain
3044: 16:49:36.341 - Application: "MasterServer" started in app domain: 2
3044: 16:49:36.341 - About to load application: GameServer from gameServer
3044: 16:49:36.341 - Auto restart is enabled for application, existing connections will be terminated during restart
3044: 16:49:36.341 - Application will restart 1000ms after the last change detected
3044: 16:49:36.341 - Application will restart if files matching the following are changed: "dll;config"
3044: 16:49:36.341 - Application will NOT restart if files matching the following are changed: "log4net.config"
3044: 16:49:36.395 - Taking reference on default app domain
3044: 16:49:36.431 - Application: "GameServer" started in app domain: 3
3044: 16:49:36.431 - About to load application: CounterPublisher from CounterPublisher
3044: 16:49:36.431 - Auto restart is enabled for application, existing connections will be terminated during restart
3044: 16:49:36.431 - Application will restart 1000ms after the last change detected
3044: 16:49:36.431 - Application will restart if files matching the following are changed: "dll;config"
3044: 16:49:36.431 - Application will NOT restart if files matching the following are changed: "log4net.config"
3044: 16:49:36.493 - Taking reference on default app domain
3044: 16:49:36.530 - Application: "CounterPublisher" started in app domain: 4
3044: 16:49:36.530 - Adding TCP listener on: 0.0.0.0: 4530 with a listen backlog of: 150
3044: 16:49:36.530 - TCP inactivity timeout: 10000ms
3044: 16:49:36.530 - TCP disconnect timeout: 120000ms
3044: 16:49:36.530 - MaxInboundMessageSize: 512000
3044: 16:49:36.530 - MaxOutboundMessageSize: 512000
3044: 16:49:36.530 - Forcing all applications ids to: "MasterServer"
3044: 16:49:36.530 - Serving policy file requests from: "D:\BattleRoyalServer\PhotonBase\deploy\Policy\assets\socket-policy.xml"
3044: 16:49:36.530 - Adding TCP listener on: 0.0.0.0: 4531 with a listen backlog of: 150
3044: 16:49:36.530 - TCP inactivity timeout: 10000ms
3044: 16:49:36.530 - TCP disconnect timeout: 120000ms
3044: 16:49:36.530 - MaxInboundMessageSize: 512000
3044: 16:49:36.530 - MaxOutboundMessageSize: 512000
3044: 16:49:36.530 - Forcing all applications ids to: "GameServer"
3044: 16:49:36.531 - Serving policy file requests from: "D:\BattleRoyalServer\PhotonBase\deploy\Policy\assets\socket-policy.xml"
3044: 16:49:36.531 - Adding TCP listener on: 0.0.0.0: 4520 with a listen backlog of: 150
3044: 16:49:36.531 - TCP inactivity timeout: 5000ms
3044: 16:49:36.531 - TCP disconnect timeout: 120000ms
3044: 16:49:36.531 - MaxInboundMessageSize: 512000
3044: 16:49:36.531 - MaxOutboundMessageSize: 512000
3044: 16:49:36.531 - Forcing all applications ids to: "MasterServer"
3044: 16:49:36.531 - MaxInboundMessageSize: 512000
3044: 16:49:36.531 - MaxOutboundMessageSize: 512000
3044: 16:49:36.531 - UDP address specified as: "0.0.0.0" adding listener to each available IPv4 address
3044: 16:49:36.532 - Adding UDP listener on: 192.168.0.105: 5055 with a listen backlog of: 500
3044: 16:49:36.532 - Adding UDP listener on: 127.0.0.1: 5055 with a listen backlog of: 500
3044: 16:49:36.532 - Forcing all applications ids to: "GameServer"
3044: 16:49:36.532 - MaxInboundMessageSize: 512000
3044: 16:49:36.532 - MaxOutboundMessageSize: 512000
3044: 16:49:36.532 - UDP address specified as: "0.0.0.0" adding listener to each available IPv4 address
3044: 16:49:36.532 - Adding UDP listener on: 192.168.0.105: 5056 with a listen backlog of: 500
3044: 16:49:36.532 - Adding UDP listener on: 127.0.0.1: 5056 with a listen backlog of: 500
3044: 16:49:36.532 - Adding WebSocket TCP listener on: 0.0.0.0: 9090 with a listen backlog of: 150
3044: 16:49:36.532 - Nagle disabled
3044: 16:49:36.532 - TCP inactivity timeout: 10000ms
3044: 16:49:36.532 - MaxInboundMessageSize: 512000
3044: 16:49:36.532 - MaxOutboundMessageSize: 512000
3044: 16:49:36.532 - Forcing all applications ids to: "MasterServer"
3044: 16:49:36.532 - Will accept ANY sub-protocols from the client
3044: 16:49:36.532 - No automatic WebSocket ping
3044: 16:49:36.533 - Adding WebSocket TCP listener on: 0.0.0.0: 9091 with a listen backlog of: 150
3044: 16:49:36.533 - Nagle disabled
3044: 16:49:36.533 - TCP inactivity timeout: 10000ms
3044: 16:49:36.533 - MaxInboundMessageSize: 512000
3044: 16:49:36.533 - MaxOutboundMessageSize: 512000
3044: 16:49:36.533 - Forcing all applications ids to: "GameServer"
3044: 16:49:36.533 - Will accept ANY sub-protocols from the client
3044: 16:49:36.533 - No automatic WebSocket ping
3044: 16:49:36.533 - Adding Policy File listener on: 0.0.0.0: 843 with a listen backlog of: 150 and serving Policy File: "D:\BattleRoyalServer\PhotonBase\deploy\Policy\assets\socket-policy.xml"
3044: 16:49:36.533 - TCP inactivity timeout: 1000ms
3044: 16:49:36.533 - Adding Policy File listener on: 0.0.0.0: 943 with a listen backlog of: 150 and serving Policy File: "D:\BattleRoyalServer\PhotonBase\deploy\Policy\assets\socket-policy-silverlight.xml"
3044: 16:49:36.533 - TCP inactivity timeout: 1000ms
3044: 16:49:36.596 - Service is running...
3044: 19:03:48.670 - Service is stopped...
3044: 19:03:48.670 - Server shutting down...
3044: 19:03:48.670 - Shutdown monitoring enabled, 30000ms before process abort
3044: 19:03:48.670 - Notifying CLR applications of shutdown...
3044: 19:03:48.670 - RequestApplicationStop: 4
3044: 19:03:48.674 - RequestApplicationStop: 3
3044: 19:03:48.689 - RequestApplicationStop: 2
3044: 19:03:48.691 - RequestStop: defalt app domain
3044: 19:03:48.691 - Shutting down WebSocket Outbound Connection Manager...
3044: 19:03:48.691 - Shutting down TCP Outbound Connection Manager...
3044: 19:03:48.691 - Shutting down ENet Outbound Connection Manager...
3044: 19:03:48.691 - Disconnecting all outbound peers...
3044: 19:03:48.691 - Shutting down ENet host...
3044: 19:03:48.691 - Disconnecting all peers...
3044: 19:03:48.691 - Shutting down socket servers...
3044: 19:03:48.691 - Shutting down ENet thread pool...
3044: 19:03:48.694 - Shutting down TCP inactivity timers...
3044: 19:03:48.694 - WaitingForShutdownToComplete: NativePolicy:0.0.0.0:843
3044: 19:03:48.694 - OnShutdownCompleted: NativePolicy:0.0.0.0:843
3044: 19:03:48.694 - WaitingForShutdownToComplete: NativePolicy:0.0.0.0:943
3044: 19:03:48.694 - OnShutdownCompleted: NativePolicy:0.0.0.0:943
3044: 19:03:48.694 - WaitingForShutdownToComplete: TCP:0.0.0.0:4520
3044: 19:03:48.694 - OnShutdownCompleted: TCP:0.0.0.0:4520
3044: 19:03:48.694 - WaitingForShutdownToComplete: TCP:0.0.0.0:4530
3044: 19:03:48.694 - OnShutdownCompleted: TCP:0.0.0.0:4530
3044: 19:03:48.694 - WaitingForShutdownToComplete: TCP:0.0.0.0:4531
3044: 19:03:48.694 - OnShutdownCompleted: TCP:0.0.0.0:4531
3044: 19:03:48.694 - WaitingForShutdownToComplete: UDP:127.0.0.1:5055
3044: 19:03:48.694 - OnShutdownCompleted: UDP:127.0.0.1:5055
3044: 19:03:48.694 - WaitingForShutdownToComplete: UDP:127.0.0.1:5056
3044: 19:03:48.694 - OnShutdownCompleted: UDP:127.0.0.1:5056
3044: 19:03:48.694 - WaitingForShutdownToComplete: UDP:192.168.0.105:5055
3044: 19:03:48.694 - OnShutdownCompleted: UDP:192.168.0.105:5055
3044: 19:03:48.694 - WaitingForShutdownToComplete: UDP:192.168.0.105:5056
3044: 19:03:48.694 - OnShutdownCompleted: UDP:192.168.0.105:5056
3044: 19:03:48.694 - WaitingForShutdownToComplete: WebSocket:0.0.0.0:9090
3044: 19:03:48.694 - OnShutdownCompleted: WebSocket:0.0.0.0:9090
3044: 19:03:48.694 - WaitingForShutdownToComplete: WebSocket:0.0.0.0:9091
3044: 19:03:48.694 - OnShutdownCompleted: WebSocket:0.0.0.0:9091
3044: 19:03:48.695 - Shutting down CLR applications...
9272: 19:03:48.697 - CManagedHost::OnDefaultAction() - OPR_AppDomainUnload - eUnloadAppDomain
3044: 19:03:48.703 - Shutting down business logic thread pool...
3044: 19:03:48.704 - Shutting down I/O thread pool...
3044: 19:03:48.704 - Destroying servers
3044: 19:03:48.704 - Destroying WebSocket Outbound Connection Manager
3044: 19:03:48.704 - Destroying TCP Outbound Connection Manager
3044: 19:03:48.704 - Destroying TCP inactivity timer
3044: 19:03:48.704 - Destroying ENet timer wheel
3044: 19:03:48.704 - Destroying ENet host
3044: 19:03:48.704 - Destroying ENet outbound host
3044: 19:03:48.704 - Destroying HTTP inactivity timer
3044: 19:03:48.704 - Destroying HTTP host
3044: 19:03:48.704 - Destroying HTTP Chunk host
3044: 19:03:48.704 - Flushing ENET buffer allocator...
3044: 19:03:48.706 - Flushing TCP buffer handle allocator...
3044: 19:03:48.706 - Flushing stream socket allocator...
3044: 19:03:48.707 - Flushing inbound datagram socket allocator...
3044: 19:03:48.710 - Flushing outbound datagram socket allocator...
3044: 19:03:48.710 - Destroying CLR dispatcher
3044: 19:03:48.710 - Destroying CLR applications
10800: 19:03:48.710 - Unloading Domain: ApplicationName = 'CounterPublisher', DomainId='4'
9272: 19:03:48.711 - CManagedHost::OnDomainUnload() - 4
3044: 19:03:48.711 - ~CCLRApplicationCollection() - Waiting up to 10 seconds for the CLR to release all of our objects
9272: 19:03:48.726 - CManagedHost::OnDefaultAction() - OPR_AppDomainUnload - eUnloadAppDomain
10800: 19:03:48.734 - Unloading Domain: ApplicationName = 'MasterServer', DomainId='2'
9272: 19:03:48.740 - CManagedHost::OnDomainUnload() - 2
9272: 19:03:48.761 - CManagedHost::OnDefaultAction() - OPR_AppDomainUnload - eUnloadAppDomain
10800: 19:03:48.768 - Unloading Domain: ApplicationName = 'GameServer', DomainId='3'
9272: 19:03:48.768 - CManagedHost::OnDomainUnload() - 3
3044: 19:03:48.773 - ~CCLRApplicationCollection() - Done. All objects released
3044: 19:03:48.773 - ~CManagedHost() - Release default app domain
3044: 19:03:48.773 - CManagedHost::OnDomainUnload() - 1
3044: 19:03:48.773 - ~CManagedHost() - Waiting up to 10 seconds for CLR shutdown...
3044: 19:03:48.773 - ~CManagedHost
3044: 19:03:48.773 - Destroying ENet thread pool
3044: 19:03:48.773 - Destroying Business logic thread pool
3044: 19:03:48.773 - Destroying I/O thread pool
3044: 19:03:48.773 - Destroying ENet buffer allocator
3044: 19:03:48.773 - Destroying TCP buffer allocator
3044: 19:03:48.773 - Destroying TCP socket allocator
3044: 19:03:48.773 - Destroying ENet inbound socket allocator
3044: 19:03:48.773 - Destroying ENet outbound socket allocator
3044: 19:03:48.773 - Destroying shared datagram flow control data
3044: 19:03:48.773 - Shutdown complete...
3044: 19:03:48.773 - Service shutting down
3044: 19:03:48.774 - Service shut down complete
