11236: 01:02:51.270 - ---
11236: 01:02:51.270 - Service: "Photon Socket Server" starting
11236: 01:02:51.271 - Config File: D:\BattleRoyalServer\PhotonBase\deploy\bin_Win64\PhotonServer.config
11236: 01:02:51.273 - Will produce at most: 10 crash dumps
11236: 01:02:51.273 - Service shutting down
11236: 01:02:51.274 - Service shut down complete
11364: 01:06:02.794 - ---
11364: 01:06:02.794 - Service: "Photon Socket Server" starting
11364: 01:06:02.794 - Config File: D:\BattleRoyalServer\PhotonBase\deploy\bin_Win64\PhotonServer.config
11364: 01:06:02.795 - Will produce at most: 10 crash dumps
11364: 01:06:02.795 - Service shutting down
11364: 01:06:02.795 - Service shut down complete
8544: 01:09:23.349 - ---
8544: 01:09:23.349 - Service: "Photon Socket Server" starting
8544: 01:09:23.349 - Config File: D:\BattleRoyalServer\PhotonBase\deploy\bin_Win64\PhotonServer.config
8544: 01:09:23.350 - Will produce at most: 10 crash dumps
8544: 01:09:23.350 - Service shutting down
8544: 01:09:23.351 - Service shut down complete
9696: 01:13:17.318 - ---
9696: 01:13:17.318 - Service: "Photon Socket Server" starting
9696: 01:13:17.319 - Config File: D:\BattleRoyalServer\PhotonBase\deploy\bin_Win64\PhotonServer.config
9696: 01:13:17.319 - Will produce at most: 10 crash dumps
9696: 01:13:17.320 - Service shutting down
9696: 01:13:17.320 - Service shut down complete
10868: 09:02:10.923 - ---
10868: 09:02:10.923 - Service: "Photon Socket Server" starting
10868: 09:02:10.923 - Config File: D:\BattleRoyalServer\PhotonBase\deploy\bin_Win64\PhotonServer.config
10868: 09:02:10.924 - Will produce at most: 10 crash dumps
10868: 09:02:10.924 - Service shutting down
10868: 09:02:10.925 - Service shut down complete
2776: 09:05:10.644 - ---
2776: 09:05:10.644 - Service: "Photon Socket Server" starting
2776: 09:05:10.644 - Config File: D:\BattleRoyalServer\PhotonBase\deploy\bin_Win64\PhotonServer.config
2776: 09:05:10.645 - Will produce at most: 10 crash dumps
2776: 09:05:10.645 - Service shutting down
2776: 09:05:10.653 - Service shut down complete
10260: 09:10:16.081 - ---
10260: 09:10:16.081 - Service: "Photon Socket Server" starting
10260: 09:10:16.082 - Config File: D:\BattleRoyalServer\PhotonBase\deploy\bin_Win64\PhotonServer.config
10260: 09:10:16.082 - Will produce at most: 10 crash dumps
10260: 09:10:16.083 - Service shutting down
10260: 09:10:16.087 - Service shut down complete
