8952: 14:52:36.578 - ---
8952: 14:52:36.578 - Service: "Photon Socket Server" starting
8952: 14:52:36.578 - Config File: D:\BattleRoyalServer\PhotonBase\deploy\bin_Win64\PhotonServer.config
8952: 14:52:36.579 - Will produce at most: 10 crash dumps
8952: 14:52:36.579 - Service shutting down
8952: 14:52:36.579 - Service shut down complete
8836: 14:54:22.966 - ---
8836: 14:54:22.966 - Service: "Photon Socket Server" starting
8836: 14:54:22.966 - Config File: D:\BattleRoyalServer\PhotonBase\deploy\bin_Win64\PhotonServer.config
8836: 14:54:22.967 - Will produce at most: 10 crash dumps
8836: 14:54:22.967 - Service shutting down
8836: 14:54:22.968 - Service shut down complete
4420: 14:57:54.460 - ---
4420: 14:57:54.460 - Service: "Photon Socket Server" starting
4420: 14:57:54.461 - Config File: D:\BattleRoyalServer\PhotonBase\deploy\bin_Win64\PhotonServer.config
4420: 14:57:54.462 - Will produce at most: 10 crash dumps
4420: 14:57:54.462 - Service shutting down
4420: 14:57:54.462 - Service shut down complete
9348: 15:02:06.115 - ---
9348: 15:02:06.115 - Service: "Photon Socket Server" starting
9348: 15:02:06.115 - Config File: D:\BattleRoyalServer\PhotonBase\deploy\bin_Win64\PhotonServer.config
9348: 15:02:06.116 - Will produce at most: 10 crash dumps
9348: 15:02:06.116 - Service shutting down
9348: 15:02:06.116 - Service shut down complete
10728: 15:06:11.295 - ---
10728: 15:06:11.295 - Service: "Photon Socket Server" starting
10728: 15:06:11.295 - Config File: D:\BattleRoyalServer\PhotonBase\deploy\bin_Win64\PhotonServer.config
10728: 15:06:11.296 - Will produce at most: 10 crash dumps
10728: 15:06:11.296 - Service shutting down
10728: 15:06:11.296 - Service shut down complete
9556: 15:23:03.004 - ---
9556: 15:23:03.004 - Service: "Photon Socket Server" starting
9556: 15:23:03.004 - Config File: D:\BattleRoyalServer\PhotonBase\deploy\bin_Win64\PhotonServer.config
9556: 15:23:03.005 - Will produce at most: 10 crash dumps
9556: 15:23:03.005 - Service shutting down
9556: 15:23:03.006 - Service shut down complete
7844: 15:56:13.005 - ---
7844: 15:56:13.005 - Service: "Photon Socket Server" starting
7844: 15:56:13.005 - Config File: D:\BattleRoyalServer\PhotonBase\deploy\bin_Win64\PhotonServer.config
7844: 15:56:13.006 - Will produce at most: 10 crash dumps
7844: 15:56:13.006 - Service shutting down
7844: 15:56:13.008 - Service shut down complete
4564: 16:26:56.767 - ---
4564: 16:26:56.767 - Service: "Photon Socket Server" starting
4564: 16:26:56.767 - Config File: D:\BattleRoyalServer\PhotonBase\deploy\bin_Win64\PhotonServer.config
4564: 16:26:56.769 - Will produce at most: 10 crash dumps
4564: 16:26:56.769 - Service shutting down
4564: 16:26:56.769 - Service shut down complete
7728: 17:02:49.575 - ---
7728: 17:02:49.575 - Service: "Photon Socket Server" starting
7728: 17:02:49.575 - Config File: D:\BattleRoyalServer\PhotonBase\deploy\bin_Win64\PhotonServer.config
7728: 17:02:49.577 - Will produce at most: 10 crash dumps
7728: 17:02:49.577 - Service shutting down
7728: 17:02:49.583 - Service shut down complete
11040: 17:46:50.092 - ---
11040: 17:46:50.092 - Service: "Photon Socket Server" starting
11040: 17:46:50.092 - Config File: D:\BattleRoyalServer\PhotonBase\deploy\bin_Win64\PhotonServer.config
11040: 17:46:50.093 - Will produce at most: 10 crash dumps
11040: 17:46:50.093 - Service shutting down
11040: 17:46:50.094 - Service shut down complete
1776: 17:55:46.306 - ---
1776: 17:55:46.306 - Service: "Photon Socket Server" starting
1776: 17:55:46.306 - Config File: D:\BattleRoyalServer\PhotonBase\deploy\bin_Win64\PhotonServer.config
1776: 17:55:46.307 - Will produce at most: 10 crash dumps
1776: 17:55:46.307 - Service shutting down
1776: 17:55:46.307 - Service shut down complete
11632: 17:57:34.360 - ---
11632: 17:57:34.360 - Service: "Photon Socket Server" starting
11632: 17:57:34.360 - Config File: D:\BattleRoyalServer\PhotonBase\deploy\bin_Win64\PhotonServer.config
11632: 17:57:34.361 - Will produce at most: 10 crash dumps
11632: 17:57:34.361 - Service shutting down
11632: 17:57:34.362 - Service shut down complete
13024: 18:36:01.408 - ---
13024: 18:36:01.408 - Service: "Photon Socket Server" starting
13024: 18:36:01.408 - Config File: D:\BattleRoyalServer\PhotonBase\deploy\bin_Win64\PhotonServer.config
13024: 18:36:01.409 - Will produce at most: 10 crash dumps
13024: 18:36:01.409 - Service shutting down
13024: 18:36:01.410 - Service shut down complete
15052: 19:31:35.884 - ---
15052: 19:31:35.884 - Service: "Photon Socket Server" starting
15052: 19:31:35.884 - Config File: D:\BattleRoyalServer\PhotonBase\deploy\bin_Win64\PhotonServer.config
15052: 19:31:35.885 - Will produce at most: 10 crash dumps
15052: 19:31:35.885 - Service shutting down
15052: 19:31:35.886 - Service shut down complete
8644: 19:36:40.255 - ---
8644: 19:36:40.255 - Service: "Photon Socket Server" starting
8644: 19:36:40.255 - Config File: D:\BattleRoyalServer\PhotonBase\deploy\bin_Win64\PhotonServer.config
8644: 19:36:40.256 - Will produce at most: 10 crash dumps
8644: 19:36:40.256 - Service shutting down
8644: 19:36:40.257 - Service shut down complete
11368: 19:41:43.840 - ---
11368: 19:41:43.840 - Service: "Photon Socket Server" starting
11368: 19:41:43.841 - Config File: D:\BattleRoyalServer\PhotonBase\deploy\bin_Win64\PhotonServer.config
11368: 19:41:43.843 - Will produce at most: 10 crash dumps
11368: 19:41:43.843 - Service shutting down
11368: 19:41:43.844 - Service shut down complete
1608: 19:56:32.823 - ---
1608: 19:56:32.823 - Service: "Photon Socket Server" starting
1608: 19:56:32.823 - Config File: D:\BattleRoyalServer\PhotonBase\deploy\bin_Win64\PhotonServer.config
1608: 19:56:32.824 - Will produce at most: 10 crash dumps
1608: 19:56:32.824 - Service shutting down
1608: 19:56:32.825 - Service shut down complete
12152: 20:55:23.565 - ---
12152: 20:55:23.565 - Service: "Photon Socket Server" starting
12152: 20:55:23.566 - Config File: D:\BattleRoyalServer\PhotonBase\deploy\bin_Win64\PhotonServer.config
12152: 20:55:23.566 - Will produce at most: 10 crash dumps
12152: 20:55:23.566 - Service shutting down
12152: 20:55:23.567 - Service shut down complete
12644: 21:22:54.936 - ---
12644: 21:22:54.936 - Service: "Photon Socket Server" starting
12644: 21:22:54.936 - Config File: D:\BattleRoyalServer\PhotonBase\deploy\bin_Win64\PhotonServer.config
12644: 21:22:54.937 - Will produce at most: 10 crash dumps
12644: 21:22:54.937 - Service shutting down
12644: 21:22:54.938 - Service shut down complete
13176: 21:53:13.563 - ---
13176: 21:53:13.563 - Service: "Photon Socket Server" starting
13176: 21:53:13.563 - Config File: D:\BattleRoyalServer\PhotonBase\deploy\bin_Win64\PhotonServer.config
13176: 21:53:13.565 - Will produce at most: 10 crash dumps
13176: 21:53:13.565 - Service shutting down
13176: 21:53:13.566 - Service shut down complete
2496: 22:39:32.562 - ---
2496: 22:39:32.562 - Service: "Photon Socket Server" starting
2496: 22:39:32.562 - Config File: D:\BattleRoyalServer\PhotonBase\deploy\bin_Win64\PhotonServer.config
2496: 22:39:32.563 - Will produce at most: 10 crash dumps
2496: 22:39:32.563 - Service shutting down
2496: 22:39:32.564 - Service shut down complete
