8816: 18:02:28.472 - ---
8816: 18:02:28.472 - Service: "Photon Socket Server" starting
8816: 18:02:28.472 - Config File: D:\BattleRoyalServer\PhotonBase\deploy\bin_Win64\PhotonServer.config
8816: 18:02:28.473 - Will produce at most: 10 crash dumps
8816: 18:02:28.473 - Service shutting down
8816: 18:02:28.474 - Service shut down complete
8420: 18:42:25.837 - ---
8420: 18:42:25.837 - Service: "Photon Socket Server" starting
8420: 18:42:25.837 - Config File: D:\BattleRoyalServer\PhotonBase\deploy\bin_Win64\PhotonServer.config
8420: 18:42:25.838 - Will produce at most: 10 crash dumps
8420: 18:42:25.838 - Service shutting down
8420: 18:42:25.839 - Service shut down complete
10644: 19:50:17.540 - ---
10644: 19:50:17.540 - Service: "Photon Socket Server" starting
10644: 19:50:17.540 - Config File: D:\BattleRoyalServer\PhotonBase\deploy\bin_Win64\PhotonServer.config
10644: 19:50:17.542 - Will produce at most: 10 crash dumps
10644: 19:50:17.542 - Service shutting down
10644: 19:50:17.542 - Service shut down complete
11420: 19:58:38.921 - ---
11420: 19:58:38.921 - Service: "Photon Socket Server" starting
11420: 19:58:38.921 - Config File: D:\BattleRoyalServer\PhotonBase\deploy\bin_Win64\PhotonServer.config
11420: 19:58:38.922 - Will produce at most: 10 crash dumps
11420: 19:58:38.922 - Service shutting down
11420: 19:58:38.922 - Service shut down complete
