616: 08:48:37.686 - ---
616: 08:48:37.686 - Service: "Photon Socket Server" starting
616: 08:48:37.686 - Config File: D:\BattleRoyalServer\PhotonBase\deploy\bin_Win64\PhotonServer.config
616: 08:48:37.687 - Will produce at most: 10 crash dumps
616: 08:48:37.687 - Service shutting down
616: 08:48:37.688 - Service shut down complete
13244: 09:14:32.789 - ---
13244: 09:14:32.789 - Service: "Photon Socket Server" starting
13244: 09:14:32.789 - Config File: D:\BattleRoyalServer\PhotonBase\deploy\bin_Win64\PhotonServer.config
13244: 09:14:32.790 - Will produce at most: 10 crash dumps
13244: 09:14:32.790 - Service shutting down
13244: 09:14:32.790 - Service shut down complete
15104: 09:18:00.340 - ---
15104: 09:18:00.340 - Service: "Photon Socket Server" starting
15104: 09:18:00.341 - Config File: D:\BattleRoyalServer\PhotonBase\deploy\bin_Win64\PhotonServer.config
15104: 09:18:00.343 - Will produce at most: 10 crash dumps
15104: 09:18:00.343 - Service shutting down
15104: 09:18:00.344 - Service shut down complete
14348: 09:23:11.148 - ---
14348: 09:23:11.148 - Service: "Photon Socket Server" starting
14348: 09:23:11.148 - Config File: D:\BattleRoyalServer\PhotonBase\deploy\bin_Win64\PhotonServer.config
14348: 09:23:11.149 - Will produce at most: 10 crash dumps
14348: 09:23:11.149 - Service shutting down
14348: 09:23:11.152 - Service shut down complete
15116: 09:27:37.800 - ---
15116: 09:27:37.800 - Service: "Photon Socket Server" starting
15116: 09:27:37.800 - Config File: D:\BattleRoyalServer\PhotonBase\deploy\bin_Win64\PhotonServer.config
15116: 09:27:37.801 - Will produce at most: 10 crash dumps
15116: 09:27:37.802 - Service shutting down
15116: 09:27:37.804 - Service shut down complete
16076: 09:28:31.701 - ---
16076: 09:28:31.701 - Service: "Photon Socket Server" starting
16076: 09:28:31.701 - Config File: D:\BattleRoyalServer\PhotonBase\deploy\bin_Win64\PhotonServer.config
16076: 09:28:31.702 - Will produce at most: 10 crash dumps
16076: 09:28:31.703 - Service shutting down
16076: 09:28:31.703 - Service shut down complete
1628: 09:30:55.005 - ---
1628: 09:30:55.005 - Service: "Photon Socket Server" starting
1628: 09:30:55.005 - Config File: D:\BattleRoyalServer\PhotonBase\deploy\bin_Win64\PhotonServer.config
1628: 09:30:55.007 - Will produce at most: 10 crash dumps
1628: 09:30:55.007 - Service shutting down
1628: 09:30:55.008 - Service shut down complete
12404: 09:34:11.035 - ---
12404: 09:34:11.035 - Service: "Photon Socket Server" starting
12404: 09:34:11.039 - Config File: D:\BattleRoyalServer\PhotonBase\deploy\bin_Win64\PhotonServer.config
12404: 09:34:11.047 - Will produce at most: 10 crash dumps
12404: 09:34:11.047 - Service shutting down
12404: 09:34:11.057 - Service shut down complete
13644: 09:49:22.341 - ---
13644: 09:49:22.341 - Service: "Photon Socket Server" starting
13644: 09:49:22.341 - Config File: D:\BattleRoyalServer\PhotonBase\deploy\bin_Win64\PhotonServer.config
13644: 09:49:22.342 - Will produce at most: 10 crash dumps
13644: 09:49:22.343 - Service shutting down
13644: 09:49:22.350 - Service shut down complete
12852: 09:51:51.117 - ---
12852: 09:51:51.117 - Service: "Photon Socket Server" starting
12852: 09:51:51.117 - Config File: D:\BattleRoyalServer\PhotonBase\deploy\bin_Win64\PhotonServer.config
12852: 09:51:51.136 - Will produce at most: 10 crash dumps
12852: 09:51:51.136 - Service shutting down
12852: 09:51:51.136 - Service shut down complete
12976: 12:11:07.451 - ---
12976: 12:11:07.451 - Service: "Photon Socket Server" starting
12976: 12:11:07.451 - Config File: D:\BattleRoyalServer\PhotonBase\deploy\bin_Win64\PhotonServer.config
12976: 12:11:07.452 - Will produce at most: 10 crash dumps
12976: 12:11:07.452 - Service shutting down
12976: 12:11:07.453 - Service shut down complete
14516: 12:15:20.381 - ---
14516: 12:15:20.381 - Service: "Photon Socket Server" starting
14516: 12:15:20.381 - Config File: D:\BattleRoyalServer\PhotonBase\deploy\bin_Win64\PhotonServer.config
14516: 12:15:20.383 - Will produce at most: 10 crash dumps
14516: 12:15:20.383 - Service shutting down
14516: 12:15:20.392 - Service shut down complete
5600: 12:58:27.358 - ---
5600: 12:58:27.358 - Service: "Photon Socket Server" starting
5600: 12:58:27.358 - Config File: D:\BattleRoyalServer\PhotonBase\deploy\bin_Win64\PhotonServer.config
5600: 12:58:27.359 - Will produce at most: 10 crash dumps
5600: 12:58:27.359 - Service shutting down
5600: 12:58:27.360 - Service shut down complete
8152: 13:48:21.613 - ---
8152: 13:48:21.613 - Service: "Photon Socket Server" starting
8152: 13:48:21.613 - Config File: D:\BattleRoyalServer\PhotonBase\deploy\bin_Win64\PhotonServer.config
8152: 13:48:21.614 - Will produce at most: 10 crash dumps
8152: 13:48:21.614 - Service shutting down
8152: 13:48:21.615 - Service shut down complete
7412: 13:52:14.546 - ---
7412: 13:52:14.546 - Service: "Photon Socket Server" starting
7412: 13:52:14.546 - Config File: D:\BattleRoyalServer\PhotonBase\deploy\bin_Win64\PhotonServer.config
7412: 13:52:14.547 - Will produce at most: 10 crash dumps
7412: 13:52:14.547 - Service shutting down
7412: 13:52:14.549 - Service shut down complete
11300: 13:55:08.724 - ---
11300: 13:55:08.724 - Service: "Photon Socket Server" starting
11300: 13:55:08.724 - Config File: D:\BattleRoyalServer\PhotonBase\deploy\bin_Win64\PhotonServer.config
11300: 13:55:08.726 - Will produce at most: 10 crash dumps
11300: 13:55:08.726 - Service shutting down
11300: 13:55:08.726 - Service shut down complete
6184: 14:05:30.474 - ---
6184: 14:05:30.475 - Service: "Photon Socket Server" starting
6184: 14:05:30.475 - Config File: D:\BattleRoyalServer\PhotonBase\deploy\bin_Win64\PhotonServer.config
6184: 14:05:30.475 - Will produce at most: 10 crash dumps
6184: 14:05:30.476 - Service shutting down
6184: 14:05:30.477 - Service shut down complete
12696: 14:09:08.299 - ---
12696: 14:09:08.299 - Service: "Photon Socket Server" starting
12696: 14:09:08.300 - Config File: D:\BattleRoyalServer\PhotonBase\deploy\bin_Win64\PhotonServer.config
12696: 14:09:08.300 - Will produce at most: 10 crash dumps
12696: 14:09:08.301 - Service shutting down
12696: 14:09:08.301 - Service shut down complete
3900: 14:26:44.596 - ---
3900: 14:26:44.597 - Service: "Photon Socket Server" starting
3900: 14:26:44.597 - Config File: D:\BattleRoyalServer\PhotonBase\deploy\bin_Win64\PhotonServer.config
3900: 14:26:44.598 - Will produce at most: 10 crash dumps
3900: 14:26:44.598 - Service shutting down
3900: 14:26:44.599 - Service shut down complete
17048: 14:30:44.230 - ---
17048: 14:30:44.230 - Service: "Photon Socket Server" starting
17048: 14:30:44.230 - Config File: D:\BattleRoyalServer\PhotonBase\deploy\bin_Win64\PhotonServer.config
17048: 14:30:44.234 - Will produce at most: 10 crash dumps
17048: 14:30:44.234 - Service shutting down
17048: 14:30:44.235 - Service shut down complete
13284: 14:33:54.509 - ---
13284: 14:33:54.509 - Service: "Photon Socket Server" starting
13284: 14:33:54.510 - Config File: D:\BattleRoyalServer\PhotonBase\deploy\bin_Win64\PhotonServer.config
13284: 14:33:54.511 - Will produce at most: 10 crash dumps
13284: 14:33:54.511 - Service shutting down
13284: 14:33:54.511 - Service shut down complete
17156: 14:40:48.138 - ---
17156: 14:40:48.138 - Service: "Photon Socket Server" starting
17156: 14:40:48.139 - Config File: D:\BattleRoyalServer\PhotonBase\deploy\bin_Win64\PhotonServer.config
17156: 14:40:48.140 - Will produce at most: 10 crash dumps
17156: 14:40:48.140 - Service shutting down
17156: 14:40:48.140 - Service shut down complete
13980: 14:44:09.588 - ---
13980: 14:44:09.588 - Service: "Photon Socket Server" starting
13980: 14:44:09.588 - Config File: D:\BattleRoyalServer\PhotonBase\deploy\bin_Win64\PhotonServer.config
13980: 14:44:09.590 - Will produce at most: 10 crash dumps
13980: 14:44:09.590 - Service shutting down
13980: 14:44:09.603 - Service shut down complete
17012: 14:47:01.559 - ---
17012: 14:47:01.559 - Service: "Photon Socket Server" starting
17012: 14:47:01.559 - Config File: D:\BattleRoyalServer\PhotonBase\deploy\bin_Win64\PhotonServer.config
17012: 14:47:01.561 - Will produce at most: 10 crash dumps
17012: 14:47:01.561 - Service shutting down
17012: 14:47:01.562 - Service shut down complete
7088: 15:03:07.195 - ---
7088: 15:03:07.195 - Service: "Photon Socket Server" starting
7088: 15:03:07.195 - Config File: D:\BattleRoyalServer\PhotonBase\deploy\bin_Win64\PhotonServer.config
7088: 15:03:07.196 - Will produce at most: 10 crash dumps
7088: 15:03:07.196 - Service shutting down
7088: 15:03:07.197 - Service shut down complete
6720: 15:11:42.677 - ---
6720: 15:11:42.678 - Service: "Photon Socket Server" starting
6720: 15:11:42.678 - Config File: D:\BattleRoyalServer\PhotonBase\deploy\bin_Win64\PhotonServer.config
6720: 15:11:42.681 - Will produce at most: 10 crash dumps
6720: 15:11:42.681 - Service shutting down
6720: 15:11:42.682 - Service shut down complete
148: 15:18:15.216 - ---
148: 15:18:15.216 - Service: "Photon Socket Server" starting
148: 15:18:15.216 - Config File: D:\BattleRoyalServer\PhotonBase\deploy\bin_Win64\PhotonServer.config
148: 15:18:15.217 - Will produce at most: 10 crash dumps
148: 15:18:15.217 - Service shutting down
148: 15:18:15.219 - Service shut down complete
16124: 16:53:48.982 - ---
16124: 16:53:48.982 - Service: "Photon Socket Server" starting
16124: 16:53:48.983 - Config File: D:\BattleRoyalServer\PhotonBase\deploy\bin_Win64\PhotonServer.config
16124: 16:53:48.984 - Will produce at most: 10 crash dumps
16124: 16:53:48.984 - Service shutting down
16124: 16:53:48.985 - Service shut down complete
5608: 17:01:16.344 - ---
5608: 17:01:16.344 - Service: "Photon Socket Server" starting
5608: 17:01:16.344 - Config File: D:\BattleRoyalServer\PhotonBase\deploy\bin_Win64\PhotonServer.config
5608: 17:01:16.345 - Will produce at most: 10 crash dumps
5608: 17:01:16.345 - Service shutting down
5608: 17:01:16.347 - Service shut down complete
18048: 17:44:33.209 - ---
18048: 17:44:33.209 - Service: "Photon Socket Server" starting
18048: 17:44:33.209 - Config File: D:\BattleRoyalServer\PhotonBase\deploy\bin_Win64\PhotonServer.config
18048: 17:44:33.211 - Will produce at most: 10 crash dumps
18048: 17:44:33.211 - Service shutting down
18048: 17:44:33.211 - Service shut down complete
14396: 18:03:11.909 - ---
14396: 18:03:11.909 - Service: "Photon Socket Server" starting
14396: 18:03:11.909 - Config File: D:\BattleRoyalServer\PhotonBase\deploy\bin_Win64\PhotonServer.config
14396: 18:03:11.915 - Will produce at most: 10 crash dumps
14396: 18:03:11.915 - Service shutting down
14396: 18:03:11.916 - Service shut down complete
18348: 18:08:23.703 - ---
18348: 18:08:23.703 - Service: "Photon Socket Server" starting
18348: 18:08:23.704 - Config File: D:\BattleRoyalServer\PhotonBase\deploy\bin_Win64\PhotonServer.config
18348: 18:08:23.705 - Will produce at most: 10 crash dumps
18348: 18:08:23.705 - Service shutting down
18348: 18:08:23.706 - Service shut down complete
17500: 19:56:54.046 - ---
17500: 19:56:54.046 - Service: "Photon Socket Server" starting
17500: 19:56:54.046 - Config File: D:\BattleRoyalServer\PhotonBase\deploy\bin_Win64\PhotonServer.config
17500: 19:56:54.047 - Will produce at most: 10 crash dumps
17500: 19:56:54.047 - Service shutting down
17500: 19:56:54.048 - Service shut down complete
13568: 20:01:07.809 - ---
13568: 20:01:07.809 - Service: "Photon Socket Server" starting
13568: 20:01:07.809 - Config File: D:\BattleRoyalServer\PhotonBase\deploy\bin_Win64\PhotonServer.config
13568: 20:01:07.810 - Will produce at most: 10 crash dumps
13568: 20:01:07.810 - Service shutting down
13568: 20:01:07.811 - Service shut down complete
