2021-03-03 21:55:35,563 [1] INFO  Photon.SocketServer.ApplicationBase - Application start: AppId=CounterPublisher; AppPath=D:\BattleRoyalServer\PhotonBase\deploy\CounterPublisher, Type=Photon.CounterPublisher.Application 
2021-03-03 21:55:35,584 [1] INFO  Photon.SocketServer.Diagnostics.CounterPublisher - CounterPublisher started publishing ExitGames.Diagnostics.Monitoring.CounterSamplePublisher to ExitGames.Diagnostics.Monitoring.CounterSampleSender
2021-03-04 14:00:37,332 [1] INFO  Photon.SocketServer.ApplicationBase - Application start: AppId=CounterPublisher; AppPath=D:\BattleRoyalServer\PhotonBase\deploy\CounterPublisher, Type=Photon.CounterPublisher.Application 
2021-03-04 14:00:37,369 [1] INFO  Photon.SocketServer.Diagnostics.CounterPublisher - CounterPublisher started publishing ExitGames.Diagnostics.Monitoring.CounterSamplePublisher to ExitGames.Diagnostics.Monitoring.CounterSampleSender
2021-03-04 14:31:12,946 [1] INFO  Photon.SocketServer.ApplicationBase - Application is stopping: AppId=CounterPublisher
2021-03-04 14:31:12,983 [1] INFO  Photon.SocketServer.ApplicationBase - Application stop: AppId=CounterPublisher
2021-03-04 14:33:47,430 [1] INFO  Photon.SocketServer.ApplicationBase - Application start: AppId=CounterPublisher; AppPath=D:\BattleRoyalServer\PhotonBase\deploy\CounterPublisher, Type=Photon.CounterPublisher.Application 
2021-03-04 14:33:47,465 [1] INFO  Photon.SocketServer.Diagnostics.CounterPublisher - CounterPublisher started publishing ExitGames.Diagnostics.Monitoring.CounterSamplePublisher to ExitGames.Diagnostics.Monitoring.CounterSampleSender
2021-03-04 14:48:46,830 [1] INFO  Photon.SocketServer.ApplicationBase - Application is stopping: AppId=CounterPublisher
2021-03-04 14:48:46,845 [1] INFO  Photon.SocketServer.ApplicationBase - Application stop: AppId=CounterPublisher
2021-03-04 14:49:29,059 [1] INFO  Photon.SocketServer.ApplicationBase - Application start: AppId=CounterPublisher; AppPath=D:\BattleRoyalServer\PhotonBase\deploy\CounterPublisher, Type=Photon.CounterPublisher.Application 
2021-03-04 14:49:29,091 [1] INFO  Photon.SocketServer.Diagnostics.CounterPublisher - CounterPublisher started publishing ExitGames.Diagnostics.Monitoring.CounterSamplePublisher to ExitGames.Diagnostics.Monitoring.CounterSampleSender
2021-03-04 15:21:55,209 [1] INFO  Photon.SocketServer.ApplicationBase - Application is stopping: AppId=CounterPublisher
2021-03-04 15:21:55,242 [1] INFO  Photon.SocketServer.ApplicationBase - Application stop: AppId=CounterPublisher
2021-03-04 15:22:50,274 [1] INFO  Photon.SocketServer.ApplicationBase - Application start: AppId=CounterPublisher; AppPath=D:\BattleRoyalServer\PhotonBase\deploy\CounterPublisher, Type=Photon.CounterPublisher.Application 
2021-03-04 15:22:50,303 [1] INFO  Photon.SocketServer.Diagnostics.CounterPublisher - CounterPublisher started publishing ExitGames.Diagnostics.Monitoring.CounterSamplePublisher to ExitGames.Diagnostics.Monitoring.CounterSampleSender
2021-03-04 15:35:48,715 [1] INFO  Photon.SocketServer.ApplicationBase - Application is stopping: AppId=CounterPublisher
2021-03-04 15:35:48,787 [1] INFO  Photon.SocketServer.ApplicationBase - Application stop: AppId=CounterPublisher
2021-03-04 15:44:26,120 [1] INFO  Photon.SocketServer.ApplicationBase - Application start: AppId=CounterPublisher; AppPath=D:\BattleRoyalServer\PhotonBase\deploy\CounterPublisher, Type=Photon.CounterPublisher.Application 
2021-03-04 15:44:26,151 [1] INFO  Photon.SocketServer.Diagnostics.CounterPublisher - CounterPublisher started publishing ExitGames.Diagnostics.Monitoring.CounterSamplePublisher to ExitGames.Diagnostics.Monitoring.CounterSampleSender
2021-03-04 15:47:13,373 [1] INFO  Photon.SocketServer.ApplicationBase - Application is stopping: AppId=CounterPublisher
2021-03-04 15:47:13,401 [1] INFO  Photon.SocketServer.ApplicationBase - Application stop: AppId=CounterPublisher
2021-03-04 15:47:27,928 [1] INFO  Photon.SocketServer.ApplicationBase - Application start: AppId=CounterPublisher; AppPath=D:\BattleRoyalServer\PhotonBase\deploy\CounterPublisher, Type=Photon.CounterPublisher.Application 
2021-03-04 15:47:27,963 [1] INFO  Photon.SocketServer.Diagnostics.CounterPublisher - CounterPublisher started publishing ExitGames.Diagnostics.Monitoring.CounterSamplePublisher to ExitGames.Diagnostics.Monitoring.CounterSampleSender
2021-03-04 15:49:52,907 [1] INFO  Photon.SocketServer.ApplicationBase - Application is stopping: AppId=CounterPublisher
2021-03-04 15:49:52,936 [1] INFO  Photon.SocketServer.ApplicationBase - Application stop: AppId=CounterPublisher
2021-03-04 15:51:29,234 [1] INFO  Photon.SocketServer.ApplicationBase - Application start: AppId=CounterPublisher; AppPath=D:\BattleRoyalServer\PhotonBase\deploy\CounterPublisher, Type=Photon.CounterPublisher.Application 
2021-03-04 15:51:29,270 [1] INFO  Photon.SocketServer.Diagnostics.CounterPublisher - CounterPublisher started publishing ExitGames.Diagnostics.Monitoring.CounterSamplePublisher to ExitGames.Diagnostics.Monitoring.CounterSampleSender
2021-03-04 15:52:55,117 [1] INFO  Photon.SocketServer.ApplicationBase - Application is stopping: AppId=CounterPublisher
2021-03-04 15:52:55,141 [1] INFO  Photon.SocketServer.ApplicationBase - Application stop: AppId=CounterPublisher
2021-03-04 15:53:24,538 [1] INFO  Photon.SocketServer.ApplicationBase - Application start: AppId=CounterPublisher; AppPath=D:\BattleRoyalServer\PhotonBase\deploy\CounterPublisher, Type=Photon.CounterPublisher.Application 
2021-03-04 15:53:24,568 [1] INFO  Photon.SocketServer.Diagnostics.CounterPublisher - CounterPublisher started publishing ExitGames.Diagnostics.Monitoring.CounterSamplePublisher to ExitGames.Diagnostics.Monitoring.CounterSampleSender
2021-03-04 15:59:30,232 [1] INFO  Photon.SocketServer.ApplicationBase - Application is stopping: AppId=CounterPublisher
2021-03-04 15:59:30,263 [1] INFO  Photon.SocketServer.ApplicationBase - Application stop: AppId=CounterPublisher
2021-03-04 16:00:07,971 [1] INFO  Photon.SocketServer.ApplicationBase - Application start: AppId=CounterPublisher; AppPath=D:\BattleRoyalServer\PhotonBase\deploy\CounterPublisher, Type=Photon.CounterPublisher.Application 
2021-03-04 16:00:08,015 [1] INFO  Photon.SocketServer.Diagnostics.CounterPublisher - CounterPublisher started publishing ExitGames.Diagnostics.Monitoring.CounterSamplePublisher to ExitGames.Diagnostics.Monitoring.CounterSampleSender
2021-03-04 16:02:26,180 [1] INFO  Photon.SocketServer.ApplicationBase - Application is stopping: AppId=CounterPublisher
2021-03-04 16:02:26,215 [1] INFO  Photon.SocketServer.ApplicationBase - Application stop: AppId=CounterPublisher
2021-03-04 16:02:36,510 [1] INFO  Photon.SocketServer.ApplicationBase - Application start: AppId=CounterPublisher; AppPath=D:\BattleRoyalServer\PhotonBase\deploy\CounterPublisher, Type=Photon.CounterPublisher.Application 
2021-03-04 16:02:36,556 [1] INFO  Photon.SocketServer.Diagnostics.CounterPublisher - CounterPublisher started publishing ExitGames.Diagnostics.Monitoring.CounterSamplePublisher to ExitGames.Diagnostics.Monitoring.CounterSampleSender
2021-03-04 16:04:40,102 [1] INFO  Photon.SocketServer.ApplicationBase - Application is stopping: AppId=CounterPublisher
2021-03-04 16:04:40,157 [1] INFO  Photon.SocketServer.ApplicationBase - Application stop: AppId=CounterPublisher
2021-03-04 16:05:09,148 [1] INFO  Photon.SocketServer.ApplicationBase - Application start: AppId=CounterPublisher; AppPath=D:\BattleRoyalServer\PhotonBase\deploy\CounterPublisher, Type=Photon.CounterPublisher.Application 
2021-03-04 16:05:09,188 [1] INFO  Photon.SocketServer.Diagnostics.CounterPublisher - CounterPublisher started publishing ExitGames.Diagnostics.Monitoring.CounterSamplePublisher to ExitGames.Diagnostics.Monitoring.CounterSampleSender
2021-03-04 16:07:10,487 [1] INFO  Photon.SocketServer.ApplicationBase - Application is stopping: AppId=CounterPublisher
2021-03-04 16:07:10,520 [1] INFO  Photon.SocketServer.ApplicationBase - Application stop: AppId=CounterPublisher
2021-03-04 16:07:21,047 [1] INFO  Photon.SocketServer.ApplicationBase - Application start: AppId=CounterPublisher; AppPath=D:\BattleRoyalServer\PhotonBase\deploy\CounterPublisher, Type=Photon.CounterPublisher.Application 
2021-03-04 16:07:21,075 [1] INFO  Photon.SocketServer.Diagnostics.CounterPublisher - CounterPublisher started publishing ExitGames.Diagnostics.Monitoring.CounterSamplePublisher to ExitGames.Diagnostics.Monitoring.CounterSampleSender
2021-03-04 16:12:09,486 [1] INFO  Photon.SocketServer.ApplicationBase - Application is stopping: AppId=CounterPublisher
2021-03-04 16:12:09,508 [1] INFO  Photon.SocketServer.ApplicationBase - Application stop: AppId=CounterPublisher
2021-03-04 16:12:27,741 [1] INFO  Photon.SocketServer.ApplicationBase - Application start: AppId=CounterPublisher; AppPath=D:\BattleRoyalServer\PhotonBase\deploy\CounterPublisher, Type=Photon.CounterPublisher.Application 
2021-03-04 16:12:27,767 [1] INFO  Photon.SocketServer.Diagnostics.CounterPublisher - CounterPublisher started publishing ExitGames.Diagnostics.Monitoring.CounterSamplePublisher to ExitGames.Diagnostics.Monitoring.CounterSampleSender
2021-03-04 16:14:58,776 [1] INFO  Photon.SocketServer.ApplicationBase - Application is stopping: AppId=CounterPublisher
2021-03-04 16:14:58,862 [1] INFO  Photon.SocketServer.ApplicationBase - Application stop: AppId=CounterPublisher
2021-03-04 16:15:18,639 [1] INFO  Photon.SocketServer.ApplicationBase - Application start: AppId=CounterPublisher; AppPath=D:\BattleRoyalServer\PhotonBase\deploy\CounterPublisher, Type=Photon.CounterPublisher.Application 
2021-03-04 16:15:18,674 [1] INFO  Photon.SocketServer.Diagnostics.CounterPublisher - CounterPublisher started publishing ExitGames.Diagnostics.Monitoring.CounterSamplePublisher to ExitGames.Diagnostics.Monitoring.CounterSampleSender
2021-03-04 16:27:03,740 [1] INFO  Photon.SocketServer.ApplicationBase - Application is stopping: AppId=CounterPublisher
2021-03-04 16:27:03,765 [1] INFO  Photon.SocketServer.ApplicationBase - Application stop: AppId=CounterPublisher
2021-03-04 16:47:21,970 [1] INFO  Photon.SocketServer.ApplicationBase - Application start: AppId=CounterPublisher; AppPath=D:\BattleRoyalServer\PhotonBase\deploy\CounterPublisher, Type=Photon.CounterPublisher.Application 
2021-03-04 16:47:22,019 [1] INFO  Photon.SocketServer.Diagnostics.CounterPublisher - CounterPublisher started publishing ExitGames.Diagnostics.Monitoring.CounterSamplePublisher to ExitGames.Diagnostics.Monitoring.CounterSampleSender
2021-03-05 08:42:37,118 [1] INFO  Photon.SocketServer.ApplicationBase - Application start: AppId=CounterPublisher; AppPath=D:\BattleRoyalServer\PhotonBase\deploy\CounterPublisher, Type=Photon.CounterPublisher.Application 
2021-03-05 08:42:37,167 [1] INFO  Photon.SocketServer.Diagnostics.CounterPublisher - CounterPublisher started publishing ExitGames.Diagnostics.Monitoring.CounterSamplePublisher to ExitGames.Diagnostics.Monitoring.CounterSampleSender
2021-03-05 08:48:37,681 [1] INFO  Photon.SocketServer.ApplicationBase - Application is stopping: AppId=CounterPublisher
2021-03-05 08:48:37,902 [1] INFO  Photon.SocketServer.ApplicationBase - Application stop: AppId=CounterPublisher
2021-03-05 08:48:49,326 [1] INFO  Photon.SocketServer.ApplicationBase - Application start: AppId=CounterPublisher; AppPath=D:\BattleRoyalServer\PhotonBase\deploy\CounterPublisher, Type=Photon.CounterPublisher.Application 
2021-03-05 08:48:49,349 [1] INFO  Photon.SocketServer.Diagnostics.CounterPublisher - CounterPublisher started publishing ExitGames.Diagnostics.Monitoring.CounterSamplePublisher to ExitGames.Diagnostics.Monitoring.CounterSampleSender
2021-03-05 09:14:32,882 [1] INFO  Photon.SocketServer.ApplicationBase - Application is stopping: AppId=CounterPublisher
2021-03-05 09:14:32,890 [1] INFO  Photon.SocketServer.ApplicationBase - Application stop: AppId=CounterPublisher
2021-03-05 09:14:42,110 [1] INFO  Photon.SocketServer.ApplicationBase - Application start: AppId=CounterPublisher; AppPath=D:\BattleRoyalServer\PhotonBase\deploy\CounterPublisher, Type=Photon.CounterPublisher.Application 
2021-03-05 09:14:42,134 [1] INFO  Photon.SocketServer.Diagnostics.CounterPublisher - CounterPublisher started publishing ExitGames.Diagnostics.Monitoring.CounterSamplePublisher to ExitGames.Diagnostics.Monitoring.CounterSampleSender
2021-03-05 09:18:00,331 [1] INFO  Photon.SocketServer.ApplicationBase - Application is stopping: AppId=CounterPublisher
2021-03-05 09:18:00,350 [1] INFO  Photon.SocketServer.ApplicationBase - Application stop: AppId=CounterPublisher
2021-03-05 09:18:11,162 [1] INFO  Photon.SocketServer.ApplicationBase - Application start: AppId=CounterPublisher; AppPath=D:\BattleRoyalServer\PhotonBase\deploy\CounterPublisher, Type=Photon.CounterPublisher.Application 
2021-03-05 09:18:11,189 [1] INFO  Photon.SocketServer.Diagnostics.CounterPublisher - CounterPublisher started publishing ExitGames.Diagnostics.Monitoring.CounterSamplePublisher to ExitGames.Diagnostics.Monitoring.CounterSampleSender
2021-03-05 09:23:11,132 [1] INFO  Photon.SocketServer.ApplicationBase - Application is stopping: AppId=CounterPublisher
2021-03-05 09:23:11,159 [1] INFO  Photon.SocketServer.ApplicationBase - Application stop: AppId=CounterPublisher
2021-03-05 09:23:37,581 [1] INFO  Photon.SocketServer.ApplicationBase - Application start: AppId=CounterPublisher; AppPath=D:\BattleRoyalServer\PhotonBase\deploy\CounterPublisher, Type=Photon.CounterPublisher.Application 
2021-03-05 09:23:37,607 [1] INFO  Photon.SocketServer.Diagnostics.CounterPublisher - CounterPublisher started publishing ExitGames.Diagnostics.Monitoring.CounterSamplePublisher to ExitGames.Diagnostics.Monitoring.CounterSampleSender
2021-03-05 09:27:37,789 [1] INFO  Photon.SocketServer.ApplicationBase - Application is stopping: AppId=CounterPublisher
2021-03-05 09:27:37,802 [1] INFO  Photon.SocketServer.ApplicationBase - Application stop: AppId=CounterPublisher
2021-03-05 09:27:51,297 [1] INFO  Photon.SocketServer.ApplicationBase - Application start: AppId=CounterPublisher; AppPath=D:\BattleRoyalServer\PhotonBase\deploy\CounterPublisher, Type=Photon.CounterPublisher.Application 
2021-03-05 09:27:51,325 [1] INFO  Photon.SocketServer.Diagnostics.CounterPublisher - CounterPublisher started publishing ExitGames.Diagnostics.Monitoring.CounterSamplePublisher to ExitGames.Diagnostics.Monitoring.CounterSampleSender
2021-03-05 09:28:31,695 [1] INFO  Photon.SocketServer.ApplicationBase - Application is stopping: AppId=CounterPublisher
2021-03-05 09:28:31,728 [1] INFO  Photon.SocketServer.ApplicationBase - Application stop: AppId=CounterPublisher
2021-03-05 09:29:10,443 [1] INFO  Photon.SocketServer.ApplicationBase - Application start: AppId=CounterPublisher; AppPath=D:\BattleRoyalServer\PhotonBase\deploy\CounterPublisher, Type=Photon.CounterPublisher.Application 
2021-03-05 09:29:10,465 [1] INFO  Photon.SocketServer.Diagnostics.CounterPublisher - CounterPublisher started publishing ExitGames.Diagnostics.Monitoring.CounterSamplePublisher to ExitGames.Diagnostics.Monitoring.CounterSampleSender
2021-03-05 09:30:55,000 [1] INFO  Photon.SocketServer.ApplicationBase - Application is stopping: AppId=CounterPublisher
2021-03-05 09:30:55,019 [1] INFO  Photon.SocketServer.ApplicationBase - Application stop: AppId=CounterPublisher
2021-03-05 09:31:15,668 [1] INFO  Photon.SocketServer.ApplicationBase - Application start: AppId=CounterPublisher; AppPath=D:\BattleRoyalServer\PhotonBase\deploy\CounterPublisher, Type=Photon.CounterPublisher.Application 
2021-03-05 09:31:15,692 [1] INFO  Photon.SocketServer.Diagnostics.CounterPublisher - CounterPublisher started publishing ExitGames.Diagnostics.Monitoring.CounterSamplePublisher to ExitGames.Diagnostics.Monitoring.CounterSampleSender
2021-03-05 09:34:11,035 [1] INFO  Photon.SocketServer.ApplicationBase - Application is stopping: AppId=CounterPublisher
2021-03-05 09:34:11,060 [1] INFO  Photon.SocketServer.ApplicationBase - Application stop: AppId=CounterPublisher
2021-03-05 09:34:19,218 [1] INFO  Photon.SocketServer.ApplicationBase - Application start: AppId=CounterPublisher; AppPath=D:\BattleRoyalServer\PhotonBase\deploy\CounterPublisher, Type=Photon.CounterPublisher.Application 
2021-03-05 09:34:19,241 [1] INFO  Photon.SocketServer.Diagnostics.CounterPublisher - CounterPublisher started publishing ExitGames.Diagnostics.Monitoring.CounterSamplePublisher to ExitGames.Diagnostics.Monitoring.CounterSampleSender
2021-03-05 09:49:22,340 [1] INFO  Photon.SocketServer.ApplicationBase - Application is stopping: AppId=CounterPublisher
2021-03-05 09:49:22,359 [1] INFO  Photon.SocketServer.ApplicationBase - Application stop: AppId=CounterPublisher
2021-03-05 09:49:32,921 [1] INFO  Photon.SocketServer.ApplicationBase - Application start: AppId=CounterPublisher; AppPath=D:\BattleRoyalServer\PhotonBase\deploy\CounterPublisher, Type=Photon.CounterPublisher.Application 
2021-03-05 09:49:32,943 [1] INFO  Photon.SocketServer.Diagnostics.CounterPublisher - CounterPublisher started publishing ExitGames.Diagnostics.Monitoring.CounterSamplePublisher to ExitGames.Diagnostics.Monitoring.CounterSampleSender
2021-03-05 09:51:51,106 [1] INFO  Photon.SocketServer.ApplicationBase - Application is stopping: AppId=CounterPublisher
2021-03-05 09:51:51,139 [1] INFO  Photon.SocketServer.ApplicationBase - Application stop: AppId=CounterPublisher
2021-03-05 09:51:59,853 [1] INFO  Photon.SocketServer.ApplicationBase - Application start: AppId=CounterPublisher; AppPath=D:\BattleRoyalServer\PhotonBase\deploy\CounterPublisher, Type=Photon.CounterPublisher.Application 
2021-03-05 09:51:59,879 [1] INFO  Photon.SocketServer.Diagnostics.CounterPublisher - CounterPublisher started publishing ExitGames.Diagnostics.Monitoring.CounterSamplePublisher to ExitGames.Diagnostics.Monitoring.CounterSampleSender
2021-03-05 12:11:08,098 [1] INFO  Photon.SocketServer.ApplicationBase - Application is stopping: AppId=CounterPublisher
2021-03-05 12:11:08,485 [1] INFO  Photon.SocketServer.ApplicationBase - Application stop: AppId=CounterPublisher
2021-03-05 12:11:22,861 [1] INFO  Photon.SocketServer.ApplicationBase - Application start: AppId=CounterPublisher; AppPath=D:\BattleRoyalServer\PhotonBase\deploy\CounterPublisher, Type=Photon.CounterPublisher.Application 
2021-03-05 12:11:22,887 [1] INFO  Photon.SocketServer.Diagnostics.CounterPublisher - CounterPublisher started publishing ExitGames.Diagnostics.Monitoring.CounterSamplePublisher to ExitGames.Diagnostics.Monitoring.CounterSampleSender
2021-03-05 12:15:20,392 [1] INFO  Photon.SocketServer.ApplicationBase - Application is stopping: AppId=CounterPublisher
2021-03-05 12:15:20,421 [1] INFO  Photon.SocketServer.ApplicationBase - Application stop: AppId=CounterPublisher
2021-03-05 12:15:32,052 [1] INFO  Photon.SocketServer.ApplicationBase - Application start: AppId=CounterPublisher; AppPath=D:\BattleRoyalServer\PhotonBase\deploy\CounterPublisher, Type=Photon.CounterPublisher.Application 
2021-03-05 12:15:32,086 [1] INFO  Photon.SocketServer.Diagnostics.CounterPublisher - CounterPublisher started publishing ExitGames.Diagnostics.Monitoring.CounterSamplePublisher to ExitGames.Diagnostics.Monitoring.CounterSampleSender
2021-03-05 12:58:27,354 [1] INFO  Photon.SocketServer.ApplicationBase - Application is stopping: AppId=CounterPublisher
2021-03-05 12:58:27,376 [1] INFO  Photon.SocketServer.ApplicationBase - Application stop: AppId=CounterPublisher
2021-03-05 12:58:36,145 [1] INFO  Photon.SocketServer.ApplicationBase - Application start: AppId=CounterPublisher; AppPath=D:\BattleRoyalServer\PhotonBase\deploy\CounterPublisher, Type=Photon.CounterPublisher.Application 
2021-03-05 12:58:36,178 [1] INFO  Photon.SocketServer.Diagnostics.CounterPublisher - CounterPublisher started publishing ExitGames.Diagnostics.Monitoring.CounterSamplePublisher to ExitGames.Diagnostics.Monitoring.CounterSampleSender
2021-03-05 13:48:21,608 [1] INFO  Photon.SocketServer.ApplicationBase - Application is stopping: AppId=CounterPublisher
2021-03-05 13:48:21,639 [1] INFO  Photon.SocketServer.ApplicationBase - Application stop: AppId=CounterPublisher
2021-03-05 13:48:45,803 [1] INFO  Photon.SocketServer.ApplicationBase - Application start: AppId=CounterPublisher; AppPath=D:\BattleRoyalServer\PhotonBase\deploy\CounterPublisher, Type=Photon.CounterPublisher.Application 
2021-03-05 13:48:45,829 [1] INFO  Photon.SocketServer.Diagnostics.CounterPublisher - CounterPublisher started publishing ExitGames.Diagnostics.Monitoring.CounterSamplePublisher to ExitGames.Diagnostics.Monitoring.CounterSampleSender
2021-03-05 13:52:14,526 [1] INFO  Photon.SocketServer.ApplicationBase - Application is stopping: AppId=CounterPublisher
2021-03-05 13:52:14,554 [1] INFO  Photon.SocketServer.ApplicationBase - Application stop: AppId=CounterPublisher
2021-03-05 13:52:28,699 [1] INFO  Photon.SocketServer.ApplicationBase - Application start: AppId=CounterPublisher; AppPath=D:\BattleRoyalServer\PhotonBase\deploy\CounterPublisher, Type=Photon.CounterPublisher.Application 
2021-03-05 13:52:28,727 [1] INFO  Photon.SocketServer.Diagnostics.CounterPublisher - CounterPublisher started publishing ExitGames.Diagnostics.Monitoring.CounterSamplePublisher to ExitGames.Diagnostics.Monitoring.CounterSampleSender
2021-03-05 13:55:08,708 [1] INFO  Photon.SocketServer.ApplicationBase - Application is stopping: AppId=CounterPublisher
2021-03-05 13:55:08,729 [1] INFO  Photon.SocketServer.ApplicationBase - Application stop: AppId=CounterPublisher
2021-03-05 13:55:30,892 [1] INFO  Photon.SocketServer.ApplicationBase - Application start: AppId=CounterPublisher; AppPath=D:\BattleRoyalServer\PhotonBase\deploy\CounterPublisher, Type=Photon.CounterPublisher.Application 
2021-03-05 13:55:30,914 [1] INFO  Photon.SocketServer.Diagnostics.CounterPublisher - CounterPublisher started publishing ExitGames.Diagnostics.Monitoring.CounterSamplePublisher to ExitGames.Diagnostics.Monitoring.CounterSampleSender
2021-03-05 14:05:30,491 [1] INFO  Photon.SocketServer.ApplicationBase - Application is stopping: AppId=CounterPublisher
2021-03-05 14:05:30,501 [1] INFO  Photon.SocketServer.ApplicationBase - Application stop: AppId=CounterPublisher
2021-03-05 14:05:41,705 [1] INFO  Photon.SocketServer.ApplicationBase - Application start: AppId=CounterPublisher; AppPath=D:\BattleRoyalServer\PhotonBase\deploy\CounterPublisher, Type=Photon.CounterPublisher.Application 
2021-03-05 14:05:41,730 [1] INFO  Photon.SocketServer.Diagnostics.CounterPublisher - CounterPublisher started publishing ExitGames.Diagnostics.Monitoring.CounterSamplePublisher to ExitGames.Diagnostics.Monitoring.CounterSampleSender
2021-03-05 14:09:08,278 [1] INFO  Photon.SocketServer.ApplicationBase - Application is stopping: AppId=CounterPublisher
2021-03-05 14:09:08,300 [1] INFO  Photon.SocketServer.ApplicationBase - Application stop: AppId=CounterPublisher
2021-03-05 14:09:16,257 [1] INFO  Photon.SocketServer.ApplicationBase - Application start: AppId=CounterPublisher; AppPath=D:\BattleRoyalServer\PhotonBase\deploy\CounterPublisher, Type=Photon.CounterPublisher.Application 
2021-03-05 14:09:16,281 [1] INFO  Photon.SocketServer.Diagnostics.CounterPublisher - CounterPublisher started publishing ExitGames.Diagnostics.Monitoring.CounterSamplePublisher to ExitGames.Diagnostics.Monitoring.CounterSampleSender
2021-03-05 14:26:44,571 [1] INFO  Photon.SocketServer.ApplicationBase - Application is stopping: AppId=CounterPublisher
2021-03-05 14:26:44,595 [1] INFO  Photon.SocketServer.ApplicationBase - Application stop: AppId=CounterPublisher
2021-03-05 14:26:54,009 [1] INFO  Photon.SocketServer.ApplicationBase - Application start: AppId=CounterPublisher; AppPath=D:\BattleRoyalServer\PhotonBase\deploy\CounterPublisher, Type=Photon.CounterPublisher.Application 
2021-03-05 14:26:54,033 [1] INFO  Photon.SocketServer.Diagnostics.CounterPublisher - CounterPublisher started publishing ExitGames.Diagnostics.Monitoring.CounterSamplePublisher to ExitGames.Diagnostics.Monitoring.CounterSampleSender
2021-03-05 14:30:44,186 [1] INFO  Photon.SocketServer.ApplicationBase - Application is stopping: AppId=CounterPublisher
2021-03-05 14:30:44,223 [1] INFO  Photon.SocketServer.ApplicationBase - Application stop: AppId=CounterPublisher
2021-03-05 14:31:08,462 [1] INFO  Photon.SocketServer.ApplicationBase - Application start: AppId=CounterPublisher; AppPath=D:\BattleRoyalServer\PhotonBase\deploy\CounterPublisher, Type=Photon.CounterPublisher.Application 
2021-03-05 14:31:08,487 [1] INFO  Photon.SocketServer.Diagnostics.CounterPublisher - CounterPublisher started publishing ExitGames.Diagnostics.Monitoring.CounterSamplePublisher to ExitGames.Diagnostics.Monitoring.CounterSampleSender
2021-03-05 14:33:54,491 [1] INFO  Photon.SocketServer.ApplicationBase - Application is stopping: AppId=CounterPublisher
2021-03-05 14:33:54,509 [1] INFO  Photon.SocketServer.ApplicationBase - Application stop: AppId=CounterPublisher
2021-03-05 14:34:10,202 [1] INFO  Photon.SocketServer.ApplicationBase - Application start: AppId=CounterPublisher; AppPath=D:\BattleRoyalServer\PhotonBase\deploy\CounterPublisher, Type=Photon.CounterPublisher.Application 
2021-03-05 14:34:10,225 [1] INFO  Photon.SocketServer.Diagnostics.CounterPublisher - CounterPublisher started publishing ExitGames.Diagnostics.Monitoring.CounterSamplePublisher to ExitGames.Diagnostics.Monitoring.CounterSampleSender
2021-03-05 14:40:48,152 [1] INFO  Photon.SocketServer.ApplicationBase - Application is stopping: AppId=CounterPublisher
2021-03-05 14:40:48,167 [1] INFO  Photon.SocketServer.ApplicationBase - Application stop: AppId=CounterPublisher
2021-03-05 14:41:12,247 [1] INFO  Photon.SocketServer.ApplicationBase - Application start: AppId=CounterPublisher; AppPath=D:\BattleRoyalServer\PhotonBase\deploy\CounterPublisher, Type=Photon.CounterPublisher.Application 
2021-03-05 14:41:12,274 [1] INFO  Photon.SocketServer.Diagnostics.CounterPublisher - CounterPublisher started publishing ExitGames.Diagnostics.Monitoring.CounterSamplePublisher to ExitGames.Diagnostics.Monitoring.CounterSampleSender
2021-03-05 14:44:09,565 [1] INFO  Photon.SocketServer.ApplicationBase - Application is stopping: AppId=CounterPublisher
2021-03-05 14:44:09,587 [1] INFO  Photon.SocketServer.ApplicationBase - Application stop: AppId=CounterPublisher
2021-03-05 14:44:18,821 [1] INFO  Photon.SocketServer.ApplicationBase - Application start: AppId=CounterPublisher; AppPath=D:\BattleRoyalServer\PhotonBase\deploy\CounterPublisher, Type=Photon.CounterPublisher.Application 
2021-03-05 14:44:18,845 [1] INFO  Photon.SocketServer.Diagnostics.CounterPublisher - CounterPublisher started publishing ExitGames.Diagnostics.Monitoring.CounterSamplePublisher to ExitGames.Diagnostics.Monitoring.CounterSampleSender
2021-03-05 14:47:01,543 [1] INFO  Photon.SocketServer.ApplicationBase - Application is stopping: AppId=CounterPublisher
2021-03-05 14:47:01,573 [1] INFO  Photon.SocketServer.ApplicationBase - Application stop: AppId=CounterPublisher
2021-03-05 14:47:12,500 [1] INFO  Photon.SocketServer.ApplicationBase - Application start: AppId=CounterPublisher; AppPath=D:\BattleRoyalServer\PhotonBase\deploy\CounterPublisher, Type=Photon.CounterPublisher.Application 
2021-03-05 14:47:12,529 [1] INFO  Photon.SocketServer.Diagnostics.CounterPublisher - CounterPublisher started publishing ExitGames.Diagnostics.Monitoring.CounterSamplePublisher to ExitGames.Diagnostics.Monitoring.CounterSampleSender
2021-03-05 15:03:07,179 [1] INFO  Photon.SocketServer.ApplicationBase - Application is stopping: AppId=CounterPublisher
2021-03-05 15:03:07,198 [1] INFO  Photon.SocketServer.ApplicationBase - Application stop: AppId=CounterPublisher
2021-03-05 15:03:18,137 [1] INFO  Photon.SocketServer.ApplicationBase - Application start: AppId=CounterPublisher; AppPath=D:\BattleRoyalServer\PhotonBase\deploy\CounterPublisher, Type=Photon.CounterPublisher.Application 
2021-03-05 15:03:18,164 [1] INFO  Photon.SocketServer.Diagnostics.CounterPublisher - CounterPublisher started publishing ExitGames.Diagnostics.Monitoring.CounterSamplePublisher to ExitGames.Diagnostics.Monitoring.CounterSampleSender
2021-03-05 15:11:42,629 [1] INFO  Photon.SocketServer.ApplicationBase - Application is stopping: AppId=CounterPublisher
2021-03-05 15:11:42,662 [1] INFO  Photon.SocketServer.ApplicationBase - Application stop: AppId=CounterPublisher
2021-03-05 15:11:52,994 [1] INFO  Photon.SocketServer.ApplicationBase - Application start: AppId=CounterPublisher; AppPath=D:\BattleRoyalServer\PhotonBase\deploy\CounterPublisher, Type=Photon.CounterPublisher.Application 
2021-03-05 15:11:53,026 [1] INFO  Photon.SocketServer.Diagnostics.CounterPublisher - CounterPublisher started publishing ExitGames.Diagnostics.Monitoring.CounterSamplePublisher to ExitGames.Diagnostics.Monitoring.CounterSampleSender
2021-03-05 15:18:15,193 [1] INFO  Photon.SocketServer.ApplicationBase - Application is stopping: AppId=CounterPublisher
2021-03-05 15:18:15,220 [1] INFO  Photon.SocketServer.ApplicationBase - Application stop: AppId=CounterPublisher
2021-03-05 15:18:45,380 [1] INFO  Photon.SocketServer.ApplicationBase - Application start: AppId=CounterPublisher; AppPath=D:\BattleRoyalServer\PhotonBase\deploy\CounterPublisher, Type=Photon.CounterPublisher.Application 
2021-03-05 15:18:45,405 [1] INFO  Photon.SocketServer.Diagnostics.CounterPublisher - CounterPublisher started publishing ExitGames.Diagnostics.Monitoring.CounterSamplePublisher to ExitGames.Diagnostics.Monitoring.CounterSampleSender
2021-03-05 16:53:49,088 [1] INFO  Photon.SocketServer.ApplicationBase - Application is stopping: AppId=CounterPublisher
2021-03-05 16:53:49,205 [1] INFO  Photon.SocketServer.ApplicationBase - Application stop: AppId=CounterPublisher
2021-03-05 16:54:14,977 [1] INFO  Photon.SocketServer.ApplicationBase - Application start: AppId=CounterPublisher; AppPath=D:\BattleRoyalServer\PhotonBase\deploy\CounterPublisher, Type=Photon.CounterPublisher.Application 
2021-03-05 16:54:15,002 [1] INFO  Photon.SocketServer.Diagnostics.CounterPublisher - CounterPublisher started publishing ExitGames.Diagnostics.Monitoring.CounterSamplePublisher to ExitGames.Diagnostics.Monitoring.CounterSampleSender
2021-03-05 17:01:16,443 [1] INFO  Photon.SocketServer.ApplicationBase - Application is stopping: AppId=CounterPublisher
2021-03-05 17:01:16,451 [1] INFO  Photon.SocketServer.ApplicationBase - Application stop: AppId=CounterPublisher
2021-03-05 17:36:12,273 [1] INFO  Photon.SocketServer.ApplicationBase - Application start: AppId=CounterPublisher; AppPath=D:\BattleRoyalServer\PhotonBase\deploy\CounterPublisher, Type=Photon.CounterPublisher.Application 
2021-03-05 17:36:12,300 [1] INFO  Photon.SocketServer.Diagnostics.CounterPublisher - CounterPublisher started publishing ExitGames.Diagnostics.Monitoring.CounterSamplePublisher to ExitGames.Diagnostics.Monitoring.CounterSampleSender
2021-03-05 17:44:33,195 [1] INFO  Photon.SocketServer.ApplicationBase - Application is stopping: AppId=CounterPublisher
2021-03-05 17:44:33,213 [1] INFO  Photon.SocketServer.ApplicationBase - Application stop: AppId=CounterPublisher
2021-03-05 17:44:48,992 [1] INFO  Photon.SocketServer.ApplicationBase - Application start: AppId=CounterPublisher; AppPath=D:\BattleRoyalServer\PhotonBase\deploy\CounterPublisher, Type=Photon.CounterPublisher.Application 
2021-03-05 17:44:49,020 [1] INFO  Photon.SocketServer.Diagnostics.CounterPublisher - CounterPublisher started publishing ExitGames.Diagnostics.Monitoring.CounterSamplePublisher to ExitGames.Diagnostics.Monitoring.CounterSampleSender
2021-03-05 18:03:11,919 [1] INFO  Photon.SocketServer.ApplicationBase - Application is stopping: AppId=CounterPublisher
2021-03-05 18:03:11,934 [1] INFO  Photon.SocketServer.ApplicationBase - Application stop: AppId=CounterPublisher
2021-03-05 18:03:24,100 [1] INFO  Photon.SocketServer.ApplicationBase - Application start: AppId=CounterPublisher; AppPath=D:\BattleRoyalServer\PhotonBase\deploy\CounterPublisher, Type=Photon.CounterPublisher.Application 
2021-03-05 18:03:24,126 [1] INFO  Photon.SocketServer.Diagnostics.CounterPublisher - CounterPublisher started publishing ExitGames.Diagnostics.Monitoring.CounterSamplePublisher to ExitGames.Diagnostics.Monitoring.CounterSampleSender
2021-03-05 18:08:23,701 [1] INFO  Photon.SocketServer.ApplicationBase - Application is stopping: AppId=CounterPublisher
2021-03-05 18:08:23,719 [1] INFO  Photon.SocketServer.ApplicationBase - Application stop: AppId=CounterPublisher
2021-03-05 18:08:35,081 [1] INFO  Photon.SocketServer.ApplicationBase - Application start: AppId=CounterPublisher; AppPath=D:\BattleRoyalServer\PhotonBase\deploy\CounterPublisher, Type=Photon.CounterPublisher.Application 
2021-03-05 18:08:35,110 [1] INFO  Photon.SocketServer.Diagnostics.CounterPublisher - CounterPublisher started publishing ExitGames.Diagnostics.Monitoring.CounterSamplePublisher to ExitGames.Diagnostics.Monitoring.CounterSampleSender
2021-03-05 19:56:54,012 [1] INFO  Photon.SocketServer.ApplicationBase - Application is stopping: AppId=CounterPublisher
2021-03-05 19:56:54,028 [1] INFO  Photon.SocketServer.ApplicationBase - Application stop: AppId=CounterPublisher
2021-03-05 19:57:06,051 [1] INFO  Photon.SocketServer.ApplicationBase - Application start: AppId=CounterPublisher; AppPath=D:\BattleRoyalServer\PhotonBase\deploy\CounterPublisher, Type=Photon.CounterPublisher.Application 
2021-03-05 19:57:06,074 [1] INFO  Photon.SocketServer.Diagnostics.CounterPublisher - CounterPublisher started publishing ExitGames.Diagnostics.Monitoring.CounterSamplePublisher to ExitGames.Diagnostics.Monitoring.CounterSampleSender
2021-03-05 20:01:07,794 [1] INFO  Photon.SocketServer.ApplicationBase - Application is stopping: AppId=CounterPublisher
2021-03-05 20:01:07,813 [1] INFO  Photon.SocketServer.ApplicationBase - Application stop: AppId=CounterPublisher
2021-03-05 20:01:15,389 [1] INFO  Photon.SocketServer.ApplicationBase - Application start: AppId=CounterPublisher; AppPath=D:\BattleRoyalServer\PhotonBase\deploy\CounterPublisher, Type=Photon.CounterPublisher.Application 
2021-03-05 20:01:15,410 [1] INFO  Photon.SocketServer.Diagnostics.CounterPublisher - CounterPublisher started publishing ExitGames.Diagnostics.Monitoring.CounterSamplePublisher to ExitGames.Diagnostics.Monitoring.CounterSampleSender
2021-03-06 15:49:11,146 [1] INFO  Photon.SocketServer.ApplicationBase - Application start: AppId=CounterPublisher; AppPath=D:\BattleRoyalServer\PhotonBase\deploy\CounterPublisher, Type=Photon.CounterPublisher.Application 
2021-03-06 15:49:11,213 [1] INFO  Photon.SocketServer.Diagnostics.CounterPublisher - CounterPublisher started publishing ExitGames.Diagnostics.Monitoring.CounterSamplePublisher to ExitGames.Diagnostics.Monitoring.CounterSampleSender
2021-03-06 16:49:29,322 [1] INFO  Photon.SocketServer.ApplicationBase - Application is stopping: AppId=CounterPublisher
2021-03-06 16:49:29,331 [1] INFO  Photon.SocketServer.ApplicationBase - Application stop: AppId=CounterPublisher
2021-03-06 16:49:41,009 [1] INFO  Photon.SocketServer.ApplicationBase - Application start: AppId=CounterPublisher; AppPath=D:\BattleRoyalServer\PhotonBase\deploy\CounterPublisher, Type=Photon.CounterPublisher.Application 
2021-03-06 16:49:41,053 [1] INFO  Photon.SocketServer.Diagnostics.CounterPublisher - CounterPublisher started publishing ExitGames.Diagnostics.Monitoring.CounterSamplePublisher to ExitGames.Diagnostics.Monitoring.CounterSampleSender
2021-03-06 19:03:48,674 [1] INFO  Photon.SocketServer.ApplicationBase - Application is stopping: AppId=CounterPublisher
2021-03-06 19:03:48,696 [1] INFO  Photon.SocketServer.ApplicationBase - Application stop: AppId=CounterPublisher
2021-03-07 13:20:49,071 [1] INFO  Photon.SocketServer.ApplicationBase - Application start: AppId=CounterPublisher; AppPath=D:\BattleRoyalServer\PhotonBase\deploy\CounterPublisher, Type=Photon.CounterPublisher.Application 
2021-03-07 13:20:49,213 [1] INFO  Photon.SocketServer.Diagnostics.CounterPublisher - CounterPublisher started publishing ExitGames.Diagnostics.Monitoring.CounterSamplePublisher to ExitGames.Diagnostics.Monitoring.CounterSampleSender
2021-03-08 14:32:25,419 [16] WARN  ExitGames.Diagnostics.Monitoring.Protocol.PhotonBinaryWriterBase - SendData: Publishing counter data failed for the 0 time: Ќевозможно выполнить операцию на сокете, т.к. буфер слишком мал или очередь переполнена
2021-03-08 14:32:27,448 [16] WARN  Photon.SocketServer.Diagnostics.CounterPublisher - Failed to publish counter data. Counter publisher will retry publishing infinitely: Ќевозможно выполнить операцию на сокете, т.к. буфер слишком мал или очередь переполнена
2021-03-08 15:07:47,358 [19] WARN  ExitGames.Diagnostics.Monitoring.Protocol.PhotonBinaryWriterBase - SendData: Publishing counter data failed for the 0 time: Ќевозможно выполнить операцию на сокете, т.к. буфер слишком мал или очередь переполнена
2021-03-08 15:07:47,360 [19] WARN  Photon.SocketServer.Diagnostics.CounterPublisher - Failed to publish counter data. Counter publisher will retry publishing infinitely: Ќевозможно выполнить операцию на сокете, т.к. буфер слишком мал или очередь переполнена
2021-05-09 15:28:11,049 [1] INFO  Photon.SocketServer.ApplicationBase - Application start: AppId=CounterPublisher; AppPath=D:\BattleRoyalServer\PhotonBase\deploy\CounterPublisher, Type=Photon.CounterPublisher.Application 
2021-05-09 15:28:11,105 [1] INFO  Photon.SocketServer.Diagnostics.CounterPublisher - CounterPublisher started publishing ExitGames.Diagnostics.Monitoring.CounterSamplePublisher to ExitGames.Diagnostics.Monitoring.CounterSampleSender
2021-05-23 21:02:38,639 [1] INFO  Photon.SocketServer.ApplicationBase - Application start: AppId=CounterPublisher; AppPath=D:\BattleRoyalServer\PhotonBase\deploy\CounterPublisher, Type=Photon.CounterPublisher.Application 
2021-05-23 21:02:38,688 [1] INFO  Photon.SocketServer.Diagnostics.CounterPublisher - CounterPublisher started publishing ExitGames.Diagnostics.Monitoring.CounterSamplePublisher to ExitGames.Diagnostics.Monitoring.CounterSampleSender
2021-05-23 21:19:00,344 [1] INFO  Photon.SocketServer.ApplicationBase - Application is stopping: AppId=CounterPublisher
2021-05-23 21:19:00,382 [1] INFO  Photon.SocketServer.ApplicationBase - Application stop: AppId=CounterPublisher
2021-05-23 21:19:08,296 [1] INFO  Photon.SocketServer.ApplicationBase - Application start: AppId=CounterPublisher; AppPath=D:\BattleRoyalServer\PhotonBase\deploy\CounterPublisher, Type=Photon.CounterPublisher.Application 
2021-05-23 21:19:08,318 [1] INFO  Photon.SocketServer.Diagnostics.CounterPublisher - CounterPublisher started publishing ExitGames.Diagnostics.Monitoring.CounterSamplePublisher to ExitGames.Diagnostics.Monitoring.CounterSampleSender
2021-05-23 21:24:59,722 [1] INFO  Photon.SocketServer.ApplicationBase - Application is stopping: AppId=CounterPublisher
2021-05-23 21:24:59,732 [1] INFO  Photon.SocketServer.ApplicationBase - Application stop: AppId=CounterPublisher
2021-05-23 21:25:08,648 [1] INFO  Photon.SocketServer.ApplicationBase - Application start: AppId=CounterPublisher; AppPath=D:\BattleRoyalServer\PhotonBase\deploy\CounterPublisher, Type=Photon.CounterPublisher.Application 
2021-05-23 21:25:08,671 [1] INFO  Photon.SocketServer.Diagnostics.CounterPublisher - CounterPublisher started publishing ExitGames.Diagnostics.Monitoring.CounterSamplePublisher to ExitGames.Diagnostics.Monitoring.CounterSampleSender
2021-05-23 21:56:57,775 [1] INFO  Photon.SocketServer.ApplicationBase - Application is stopping: AppId=CounterPublisher
2021-05-23 21:56:57,795 [1] INFO  Photon.SocketServer.ApplicationBase - Application stop: AppId=CounterPublisher
2021-05-23 21:57:06,709 [1] INFO  Photon.SocketServer.ApplicationBase - Application start: AppId=CounterPublisher; AppPath=D:\BattleRoyalServer\PhotonBase\deploy\CounterPublisher, Type=Photon.CounterPublisher.Application 
2021-05-23 21:57:06,732 [1] INFO  Photon.SocketServer.Diagnostics.CounterPublisher - CounterPublisher started publishing ExitGames.Diagnostics.Monitoring.CounterSamplePublisher to ExitGames.Diagnostics.Monitoring.CounterSampleSender
2021-05-23 22:05:17,382 [1] INFO  Photon.SocketServer.ApplicationBase - Application is stopping: AppId=CounterPublisher
2021-05-23 22:05:17,412 [1] INFO  Photon.SocketServer.ApplicationBase - Application stop: AppId=CounterPublisher
2021-05-23 22:05:30,167 [1] INFO  Photon.SocketServer.ApplicationBase - Application start: AppId=CounterPublisher; AppPath=D:\BattleRoyalServer\PhotonBase\deploy\CounterPublisher, Type=Photon.CounterPublisher.Application 
2021-05-23 22:05:30,206 [1] INFO  Photon.SocketServer.Diagnostics.CounterPublisher - CounterPublisher started publishing ExitGames.Diagnostics.Monitoring.CounterSamplePublisher to ExitGames.Diagnostics.Monitoring.CounterSampleSender
2021-05-24 01:21:18,476 [1] INFO  Photon.SocketServer.ApplicationBase - Application is stopping: AppId=CounterPublisher
2021-05-24 01:21:18,500 [1] INFO  Photon.SocketServer.ApplicationBase - Application stop: AppId=CounterPublisher
2021-05-24 01:21:29,094 [1] INFO  Photon.SocketServer.ApplicationBase - Application start: AppId=CounterPublisher; AppPath=D:\BattleRoyalServer\PhotonBase\deploy\CounterPublisher, Type=Photon.CounterPublisher.Application 
2021-05-24 01:21:29,118 [1] INFO  Photon.SocketServer.Diagnostics.CounterPublisher - CounterPublisher started publishing ExitGames.Diagnostics.Monitoring.CounterSamplePublisher to ExitGames.Diagnostics.Monitoring.CounterSampleSender
2021-05-24 17:59:46,685 [1] INFO  Photon.SocketServer.ApplicationBase - Application start: AppId=CounterPublisher; AppPath=D:\BattleRoyalServer\PhotonBase\deploy\CounterPublisher, Type=Photon.CounterPublisher.Application 
2021-05-24 17:59:46,740 [1] INFO  Photon.SocketServer.Diagnostics.CounterPublisher - CounterPublisher started publishing ExitGames.Diagnostics.Monitoring.CounterSamplePublisher to ExitGames.Diagnostics.Monitoring.CounterSampleSender
2021-05-25 20:08:27,211 [1] INFO  Photon.SocketServer.ApplicationBase - Application is stopping: AppId=CounterPublisher
2021-05-25 20:08:27,223 [1] INFO  Photon.SocketServer.ApplicationBase - Application stop: AppId=CounterPublisher
2021-05-25 20:08:36,623 [1] INFO  Photon.SocketServer.ApplicationBase - Application start: AppId=CounterPublisher; AppPath=D:\BattleRoyalServer\PhotonBase\deploy\CounterPublisher, Type=Photon.CounterPublisher.Application 
2021-05-25 20:08:36,648 [1] INFO  Photon.SocketServer.Diagnostics.CounterPublisher - CounterPublisher started publishing ExitGames.Diagnostics.Monitoring.CounterSamplePublisher to ExitGames.Diagnostics.Monitoring.CounterSampleSender
2021-05-25 21:11:39,504 [1] INFO  Photon.SocketServer.ApplicationBase - Application is stopping: AppId=CounterPublisher
2021-05-25 21:11:39,543 [1] INFO  Photon.SocketServer.ApplicationBase - Application stop: AppId=CounterPublisher
2021-05-25 21:11:53,542 [1] INFO  Photon.SocketServer.ApplicationBase - Application start: AppId=CounterPublisher; AppPath=D:\BattleRoyalServer\PhotonBase\deploy\CounterPublisher, Type=Photon.CounterPublisher.Application 
2021-05-25 21:11:53,599 [1] INFO  Photon.SocketServer.Diagnostics.CounterPublisher - CounterPublisher started publishing ExitGames.Diagnostics.Monitoring.CounterSamplePublisher to ExitGames.Diagnostics.Monitoring.CounterSampleSender
2021-05-25 21:22:32,772 [1] INFO  Photon.SocketServer.ApplicationBase - Application is stopping: AppId=CounterPublisher
2021-05-25 21:22:32,784 [1] INFO  Photon.SocketServer.ApplicationBase - Application stop: AppId=CounterPublisher
2021-05-25 21:22:43,053 [1] INFO  Photon.SocketServer.ApplicationBase - Application start: AppId=CounterPublisher; AppPath=D:\BattleRoyalServer\PhotonBase\deploy\CounterPublisher, Type=Photon.CounterPublisher.Application 
2021-05-25 21:22:43,080 [1] INFO  Photon.SocketServer.Diagnostics.CounterPublisher - CounterPublisher started publishing ExitGames.Diagnostics.Monitoring.CounterSamplePublisher to ExitGames.Diagnostics.Monitoring.CounterSampleSender
2021-05-25 21:32:02,284 [1] INFO  Photon.SocketServer.ApplicationBase - Application is stopping: AppId=CounterPublisher
2021-05-25 21:32:02,293 [1] INFO  Photon.SocketServer.ApplicationBase - Application stop: AppId=CounterPublisher
2021-05-25 21:32:10,354 [1] INFO  Photon.SocketServer.ApplicationBase - Application start: AppId=CounterPublisher; AppPath=D:\BattleRoyalServer\PhotonBase\deploy\CounterPublisher, Type=Photon.CounterPublisher.Application 
2021-05-25 21:32:10,379 [1] INFO  Photon.SocketServer.Diagnostics.CounterPublisher - CounterPublisher started publishing ExitGames.Diagnostics.Monitoring.CounterSamplePublisher to ExitGames.Diagnostics.Monitoring.CounterSampleSender
2021-05-25 22:01:03,221 [1] INFO  Photon.SocketServer.ApplicationBase - Application is stopping: AppId=CounterPublisher
2021-05-25 22:01:03,242 [1] INFO  Photon.SocketServer.ApplicationBase - Application stop: AppId=CounterPublisher
2021-05-25 22:01:11,673 [1] INFO  Photon.SocketServer.ApplicationBase - Application start: AppId=CounterPublisher; AppPath=D:\BattleRoyalServer\PhotonBase\deploy\CounterPublisher, Type=Photon.CounterPublisher.Application 
2021-05-25 22:01:11,696 [1] INFO  Photon.SocketServer.Diagnostics.CounterPublisher - CounterPublisher started publishing ExitGames.Diagnostics.Monitoring.CounterSamplePublisher to ExitGames.Diagnostics.Monitoring.CounterSampleSender
2021-05-25 22:11:51,677 [1] INFO  Photon.SocketServer.ApplicationBase - Application is stopping: AppId=CounterPublisher
2021-05-25 22:11:51,695 [1] INFO  Photon.SocketServer.ApplicationBase - Application stop: AppId=CounterPublisher
2021-05-25 22:12:00,297 [1] INFO  Photon.SocketServer.ApplicationBase - Application start: AppId=CounterPublisher; AppPath=D:\BattleRoyalServer\PhotonBase\deploy\CounterPublisher, Type=Photon.CounterPublisher.Application 
2021-05-25 22:12:00,319 [1] INFO  Photon.SocketServer.Diagnostics.CounterPublisher - CounterPublisher started publishing ExitGames.Diagnostics.Monitoring.CounterSamplePublisher to ExitGames.Diagnostics.Monitoring.CounterSampleSender
2021-05-25 22:15:40,686 [1] INFO  Photon.SocketServer.ApplicationBase - Application is stopping: AppId=CounterPublisher
2021-05-25 22:15:40,713 [1] INFO  Photon.SocketServer.ApplicationBase - Application stop: AppId=CounterPublisher
2021-05-25 22:15:50,628 [1] INFO  Photon.SocketServer.ApplicationBase - Application start: AppId=CounterPublisher; AppPath=D:\BattleRoyalServer\PhotonBase\deploy\CounterPublisher, Type=Photon.CounterPublisher.Application 
2021-05-25 22:15:50,650 [1] INFO  Photon.SocketServer.Diagnostics.CounterPublisher - CounterPublisher started publishing ExitGames.Diagnostics.Monitoring.CounterSamplePublisher to ExitGames.Diagnostics.Monitoring.CounterSampleSender
2021-05-25 22:17:28,930 [1] INFO  Photon.SocketServer.ApplicationBase - Application is stopping: AppId=CounterPublisher
2021-05-25 22:17:28,988 [1] INFO  Photon.SocketServer.ApplicationBase - Application stop: AppId=CounterPublisher
2021-05-25 22:17:39,440 [1] INFO  Photon.SocketServer.ApplicationBase - Application start: AppId=CounterPublisher; AppPath=D:\BattleRoyalServer\PhotonBase\deploy\CounterPublisher, Type=Photon.CounterPublisher.Application 
2021-05-25 22:17:39,473 [1] INFO  Photon.SocketServer.Diagnostics.CounterPublisher - CounterPublisher started publishing ExitGames.Diagnostics.Monitoring.CounterSamplePublisher to ExitGames.Diagnostics.Monitoring.CounterSampleSender
2021-05-25 23:49:09,272 [1] INFO  Photon.SocketServer.ApplicationBase - Application is stopping: AppId=CounterPublisher
2021-05-25 23:49:09,296 [1] INFO  Photon.SocketServer.ApplicationBase - Application stop: AppId=CounterPublisher
2021-05-25 23:49:17,762 [1] INFO  Photon.SocketServer.ApplicationBase - Application start: AppId=CounterPublisher; AppPath=D:\BattleRoyalServer\PhotonBase\deploy\CounterPublisher, Type=Photon.CounterPublisher.Application 
2021-05-25 23:49:17,793 [1] INFO  Photon.SocketServer.Diagnostics.CounterPublisher - CounterPublisher started publishing ExitGames.Diagnostics.Monitoring.CounterSamplePublisher to ExitGames.Diagnostics.Monitoring.CounterSampleSender
2021-05-26 00:12:13,805 [1] INFO  Photon.SocketServer.ApplicationBase - Application is stopping: AppId=CounterPublisher
2021-05-26 00:12:13,815 [1] INFO  Photon.SocketServer.ApplicationBase - Application stop: AppId=CounterPublisher
2021-05-26 00:12:23,185 [1] INFO  Photon.SocketServer.ApplicationBase - Application start: AppId=CounterPublisher; AppPath=D:\BattleRoyalServer\PhotonBase\deploy\CounterPublisher, Type=Photon.CounterPublisher.Application 
2021-05-26 00:12:23,212 [1] INFO  Photon.SocketServer.Diagnostics.CounterPublisher - CounterPublisher started publishing ExitGames.Diagnostics.Monitoring.CounterSamplePublisher to ExitGames.Diagnostics.Monitoring.CounterSampleSender
2021-05-26 00:12:37,240 [1] INFO  Photon.SocketServer.ApplicationBase - Application is stopping: AppId=CounterPublisher
2021-05-26 00:12:37,264 [1] INFO  Photon.SocketServer.ApplicationBase - Application stop: AppId=CounterPublisher
2021-05-26 00:12:44,920 [1] INFO  Photon.SocketServer.ApplicationBase - Application start: AppId=CounterPublisher; AppPath=D:\BattleRoyalServer\PhotonBase\deploy\CounterPublisher, Type=Photon.CounterPublisher.Application 
2021-05-26 00:12:44,944 [1] INFO  Photon.SocketServer.Diagnostics.CounterPublisher - CounterPublisher started publishing ExitGames.Diagnostics.Monitoring.CounterSamplePublisher to ExitGames.Diagnostics.Monitoring.CounterSampleSender
2021-05-26 00:14:17,045 [1] INFO  Photon.SocketServer.ApplicationBase - Application is stopping: AppId=CounterPublisher
2021-05-26 00:14:17,056 [1] INFO  Photon.SocketServer.ApplicationBase - Application stop: AppId=CounterPublisher
2021-05-26 00:14:25,301 [1] INFO  Photon.SocketServer.ApplicationBase - Application start: AppId=CounterPublisher; AppPath=D:\BattleRoyalServer\PhotonBase\deploy\CounterPublisher, Type=Photon.CounterPublisher.Application 
2021-05-26 00:14:25,327 [1] INFO  Photon.SocketServer.Diagnostics.CounterPublisher - CounterPublisher started publishing ExitGames.Diagnostics.Monitoring.CounterSamplePublisher to ExitGames.Diagnostics.Monitoring.CounterSampleSender
2021-05-26 00:17:34,430 [1] INFO  Photon.SocketServer.ApplicationBase - Application is stopping: AppId=CounterPublisher
2021-05-26 00:17:34,460 [1] INFO  Photon.SocketServer.ApplicationBase - Application stop: AppId=CounterPublisher
2021-05-26 00:17:44,849 [1] INFO  Photon.SocketServer.ApplicationBase - Application start: AppId=CounterPublisher; AppPath=D:\BattleRoyalServer\PhotonBase\deploy\CounterPublisher, Type=Photon.CounterPublisher.Application 
2021-05-26 00:17:44,877 [1] INFO  Photon.SocketServer.Diagnostics.CounterPublisher - CounterPublisher started publishing ExitGames.Diagnostics.Monitoring.CounterSamplePublisher to ExitGames.Diagnostics.Monitoring.CounterSampleSender
2021-05-26 00:20:11,668 [1] INFO  Photon.SocketServer.ApplicationBase - Application is stopping: AppId=CounterPublisher
2021-05-26 00:20:11,691 [1] INFO  Photon.SocketServer.ApplicationBase - Application stop: AppId=CounterPublisher
2021-05-26 00:20:21,098 [1] INFO  Photon.SocketServer.ApplicationBase - Application start: AppId=CounterPublisher; AppPath=D:\BattleRoyalServer\PhotonBase\deploy\CounterPublisher, Type=Photon.CounterPublisher.Application 
2021-05-26 00:20:21,126 [1] INFO  Photon.SocketServer.Diagnostics.CounterPublisher - CounterPublisher started publishing ExitGames.Diagnostics.Monitoring.CounterSamplePublisher to ExitGames.Diagnostics.Monitoring.CounterSampleSender
2021-05-26 00:21:52,568 [1] INFO  Photon.SocketServer.ApplicationBase - Application is stopping: AppId=CounterPublisher
2021-05-26 00:21:52,590 [1] INFO  Photon.SocketServer.ApplicationBase - Application stop: AppId=CounterPublisher
2021-05-26 00:22:01,530 [1] INFO  Photon.SocketServer.ApplicationBase - Application start: AppId=CounterPublisher; AppPath=D:\BattleRoyalServer\PhotonBase\deploy\CounterPublisher, Type=Photon.CounterPublisher.Application 
2021-05-26 00:22:01,561 [1] INFO  Photon.SocketServer.Diagnostics.CounterPublisher - CounterPublisher started publishing ExitGames.Diagnostics.Monitoring.CounterSamplePublisher to ExitGames.Diagnostics.Monitoring.CounterSampleSender
2021-05-26 00:35:56,753 [1] INFO  Photon.SocketServer.ApplicationBase - Application is stopping: AppId=CounterPublisher
2021-05-26 00:35:56,770 [1] INFO  Photon.SocketServer.ApplicationBase - Application stop: AppId=CounterPublisher
2021-05-26 00:36:05,638 [1] INFO  Photon.SocketServer.ApplicationBase - Application start: AppId=CounterPublisher; AppPath=D:\BattleRoyalServer\PhotonBase\deploy\CounterPublisher, Type=Photon.CounterPublisher.Application 
2021-05-26 00:36:05,659 [1] INFO  Photon.SocketServer.Diagnostics.CounterPublisher - CounterPublisher started publishing ExitGames.Diagnostics.Monitoring.CounterSamplePublisher to ExitGames.Diagnostics.Monitoring.CounterSampleSender
2021-05-26 00:39:28,226 [1] INFO  Photon.SocketServer.ApplicationBase - Application is stopping: AppId=CounterPublisher
2021-05-26 00:39:28,243 [1] INFO  Photon.SocketServer.ApplicationBase - Application stop: AppId=CounterPublisher
2021-05-26 00:39:36,554 [1] INFO  Photon.SocketServer.ApplicationBase - Application start: AppId=CounterPublisher; AppPath=D:\BattleRoyalServer\PhotonBase\deploy\CounterPublisher, Type=Photon.CounterPublisher.Application 
2021-05-26 00:39:36,581 [1] INFO  Photon.SocketServer.Diagnostics.CounterPublisher - CounterPublisher started publishing ExitGames.Diagnostics.Monitoring.CounterSamplePublisher to ExitGames.Diagnostics.Monitoring.CounterSampleSender
2021-05-26 00:47:42,934 [1] INFO  Photon.SocketServer.ApplicationBase - Application is stopping: AppId=CounterPublisher
2021-05-26 00:47:42,944 [1] INFO  Photon.SocketServer.ApplicationBase - Application stop: AppId=CounterPublisher
2021-05-26 00:47:51,277 [1] INFO  Photon.SocketServer.ApplicationBase - Application start: AppId=CounterPublisher; AppPath=D:\BattleRoyalServer\PhotonBase\deploy\CounterPublisher, Type=Photon.CounterPublisher.Application 
2021-05-26 00:47:51,307 [1] INFO  Photon.SocketServer.Diagnostics.CounterPublisher - CounterPublisher started publishing ExitGames.Diagnostics.Monitoring.CounterSamplePublisher to ExitGames.Diagnostics.Monitoring.CounterSampleSender
2021-05-26 00:53:59,600 [1] INFO  Photon.SocketServer.ApplicationBase - Application is stopping: AppId=CounterPublisher
2021-05-26 00:53:59,640 [1] INFO  Photon.SocketServer.ApplicationBase - Application stop: AppId=CounterPublisher
2021-05-26 00:54:11,732 [1] INFO  Photon.SocketServer.ApplicationBase - Application start: AppId=CounterPublisher; AppPath=D:\BattleRoyalServer\PhotonBase\deploy\CounterPublisher, Type=Photon.CounterPublisher.Application 
2021-05-26 00:54:11,772 [1] INFO  Photon.SocketServer.Diagnostics.CounterPublisher - CounterPublisher started publishing ExitGames.Diagnostics.Monitoring.CounterSamplePublisher to ExitGames.Diagnostics.Monitoring.CounterSampleSender
2021-05-26 01:55:06,882 [1] INFO  Photon.SocketServer.ApplicationBase - Application is stopping: AppId=CounterPublisher
2021-05-26 01:55:06,890 [1] INFO  Photon.SocketServer.ApplicationBase - Application stop: AppId=CounterPublisher
2021-05-26 01:55:15,591 [1] INFO  Photon.SocketServer.ApplicationBase - Application start: AppId=CounterPublisher; AppPath=D:\BattleRoyalServer\PhotonBase\deploy\CounterPublisher, Type=Photon.CounterPublisher.Application 
2021-05-26 01:55:15,613 [1] INFO  Photon.SocketServer.Diagnostics.CounterPublisher - CounterPublisher started publishing ExitGames.Diagnostics.Monitoring.CounterSamplePublisher to ExitGames.Diagnostics.Monitoring.CounterSampleSender
2021-05-26 01:58:04,361 [1] INFO  Photon.SocketServer.ApplicationBase - Application is stopping: AppId=CounterPublisher
2021-05-26 01:58:04,386 [1] INFO  Photon.SocketServer.ApplicationBase - Application stop: AppId=CounterPublisher
2021-05-26 01:58:12,802 [1] INFO  Photon.SocketServer.ApplicationBase - Application start: AppId=CounterPublisher; AppPath=D:\BattleRoyalServer\PhotonBase\deploy\CounterPublisher, Type=Photon.CounterPublisher.Application 
2021-05-26 01:58:12,824 [1] INFO  Photon.SocketServer.Diagnostics.CounterPublisher - CounterPublisher started publishing ExitGames.Diagnostics.Monitoring.CounterSamplePublisher to ExitGames.Diagnostics.Monitoring.CounterSampleSender
2021-05-26 02:00:27,906 [1] INFO  Photon.SocketServer.ApplicationBase - Application is stopping: AppId=CounterPublisher
2021-05-26 02:00:27,927 [1] INFO  Photon.SocketServer.ApplicationBase - Application stop: AppId=CounterPublisher
2021-05-26 02:00:37,659 [1] INFO  Photon.SocketServer.ApplicationBase - Application start: AppId=CounterPublisher; AppPath=D:\BattleRoyalServer\PhotonBase\deploy\CounterPublisher, Type=Photon.CounterPublisher.Application 
2021-05-26 02:00:37,685 [1] INFO  Photon.SocketServer.Diagnostics.CounterPublisher - CounterPublisher started publishing ExitGames.Diagnostics.Monitoring.CounterSamplePublisher to ExitGames.Diagnostics.Monitoring.CounterSampleSender
2021-05-26 02:03:19,598 [1] INFO  Photon.SocketServer.ApplicationBase - Application is stopping: AppId=CounterPublisher
2021-05-26 02:03:19,622 [1] INFO  Photon.SocketServer.ApplicationBase - Application stop: AppId=CounterPublisher
2021-05-26 02:03:28,906 [1] INFO  Photon.SocketServer.ApplicationBase - Application start: AppId=CounterPublisher; AppPath=D:\BattleRoyalServer\PhotonBase\deploy\CounterPublisher, Type=Photon.CounterPublisher.Application 
2021-05-26 02:03:28,934 [1] INFO  Photon.SocketServer.Diagnostics.CounterPublisher - CounterPublisher started publishing ExitGames.Diagnostics.Monitoring.CounterSamplePublisher to ExitGames.Diagnostics.Monitoring.CounterSampleSender
2021-05-26 02:16:17,529 [1] INFO  Photon.SocketServer.ApplicationBase - Application is stopping: AppId=CounterPublisher
2021-05-26 02:16:17,538 [1] INFO  Photon.SocketServer.ApplicationBase - Application stop: AppId=CounterPublisher
2021-05-26 02:16:26,906 [1] INFO  Photon.SocketServer.ApplicationBase - Application start: AppId=CounterPublisher; AppPath=D:\BattleRoyalServer\PhotonBase\deploy\CounterPublisher, Type=Photon.CounterPublisher.Application 
2021-05-26 02:16:26,930 [1] INFO  Photon.SocketServer.Diagnostics.CounterPublisher - CounterPublisher started publishing ExitGames.Diagnostics.Monitoring.CounterSamplePublisher to ExitGames.Diagnostics.Monitoring.CounterSampleSender
2021-05-26 02:27:51,587 [1] INFO  Photon.SocketServer.ApplicationBase - Application is stopping: AppId=CounterPublisher
2021-05-26 02:27:51,606 [1] INFO  Photon.SocketServer.ApplicationBase - Application stop: AppId=CounterPublisher
2021-05-26 02:27:59,736 [1] INFO  Photon.SocketServer.ApplicationBase - Application start: AppId=CounterPublisher; AppPath=D:\BattleRoyalServer\PhotonBase\deploy\CounterPublisher, Type=Photon.CounterPublisher.Application 
2021-05-26 02:27:59,764 [1] INFO  Photon.SocketServer.Diagnostics.CounterPublisher - CounterPublisher started publishing ExitGames.Diagnostics.Monitoring.CounterSamplePublisher to ExitGames.Diagnostics.Monitoring.CounterSampleSender
2021-05-26 17:56:59,028 [1] INFO  Photon.SocketServer.ApplicationBase - Application start: AppId=CounterPublisher; AppPath=D:\BattleRoyalServer\PhotonBase\deploy\CounterPublisher, Type=Photon.CounterPublisher.Application 
2021-05-26 17:56:59,058 [1] INFO  Photon.SocketServer.Diagnostics.CounterPublisher - CounterPublisher started publishing ExitGames.Diagnostics.Monitoring.CounterSamplePublisher to ExitGames.Diagnostics.Monitoring.CounterSampleSender
2021-05-26 22:18:43,312 [1] INFO  Photon.SocketServer.ApplicationBase - Application is stopping: AppId=CounterPublisher
2021-05-26 22:18:43,333 [1] INFO  Photon.SocketServer.ApplicationBase - Application stop: AppId=CounterPublisher
2021-05-26 22:18:53,121 [1] INFO  Photon.SocketServer.ApplicationBase - Application start: AppId=CounterPublisher; AppPath=D:\BattleRoyalServer\PhotonBase\deploy\CounterPublisher, Type=Photon.CounterPublisher.Application 
2021-05-26 22:18:53,147 [1] INFO  Photon.SocketServer.Diagnostics.CounterPublisher - CounterPublisher started publishing ExitGames.Diagnostics.Monitoring.CounterSamplePublisher to ExitGames.Diagnostics.Monitoring.CounterSampleSender
2021-05-26 22:26:28,299 [1] INFO  Photon.SocketServer.ApplicationBase - Application is stopping: AppId=CounterPublisher
2021-05-26 22:26:28,320 [1] INFO  Photon.SocketServer.ApplicationBase - Application stop: AppId=CounterPublisher
2021-05-26 22:26:41,705 [1] INFO  Photon.SocketServer.ApplicationBase - Application start: AppId=CounterPublisher; AppPath=D:\BattleRoyalServer\PhotonBase\deploy\CounterPublisher, Type=Photon.CounterPublisher.Application 
2021-05-26 22:26:41,727 [1] INFO  Photon.SocketServer.Diagnostics.CounterPublisher - CounterPublisher started publishing ExitGames.Diagnostics.Monitoring.CounterSamplePublisher to ExitGames.Diagnostics.Monitoring.CounterSampleSender
2021-05-27 01:02:51,264 [1] INFO  Photon.SocketServer.ApplicationBase - Application is stopping: AppId=CounterPublisher
2021-05-27 01:02:51,279 [1] INFO  Photon.SocketServer.ApplicationBase - Application stop: AppId=CounterPublisher
2021-05-27 01:03:02,340 [1] INFO  Photon.SocketServer.ApplicationBase - Application start: AppId=CounterPublisher; AppPath=D:\BattleRoyalServer\PhotonBase\deploy\CounterPublisher, Type=Photon.CounterPublisher.Application 
2021-05-27 01:03:02,366 [1] INFO  Photon.SocketServer.Diagnostics.CounterPublisher - CounterPublisher started publishing ExitGames.Diagnostics.Monitoring.CounterSamplePublisher to ExitGames.Diagnostics.Monitoring.CounterSampleSender
2021-05-27 01:06:02,778 [1] INFO  Photon.SocketServer.ApplicationBase - Application is stopping: AppId=CounterPublisher
2021-05-27 01:06:02,793 [1] INFO  Photon.SocketServer.ApplicationBase - Application stop: AppId=CounterPublisher
2021-05-27 01:06:36,172 [1] INFO  Photon.SocketServer.ApplicationBase - Application start: AppId=CounterPublisher; AppPath=D:\BattleRoyalServer\PhotonBase\deploy\CounterPublisher, Type=Photon.CounterPublisher.Application 
2021-05-27 01:06:36,195 [1] INFO  Photon.SocketServer.Diagnostics.CounterPublisher - CounterPublisher started publishing ExitGames.Diagnostics.Monitoring.CounterSamplePublisher to ExitGames.Diagnostics.Monitoring.CounterSampleSender
2021-05-27 01:09:23,361 [1] INFO  Photon.SocketServer.ApplicationBase - Application is stopping: AppId=CounterPublisher
2021-05-27 01:09:23,385 [1] INFO  Photon.SocketServer.ApplicationBase - Application stop: AppId=CounterPublisher
2021-05-27 01:09:31,554 [1] INFO  Photon.SocketServer.ApplicationBase - Application start: AppId=CounterPublisher; AppPath=D:\BattleRoyalServer\PhotonBase\deploy\CounterPublisher, Type=Photon.CounterPublisher.Application 
2021-05-27 01:09:31,577 [1] INFO  Photon.SocketServer.Diagnostics.CounterPublisher - CounterPublisher started publishing ExitGames.Diagnostics.Monitoring.CounterSamplePublisher to ExitGames.Diagnostics.Monitoring.CounterSampleSender
2021-05-27 01:13:17,301 [1] INFO  Photon.SocketServer.ApplicationBase - Application is stopping: AppId=CounterPublisher
2021-05-27 01:13:17,319 [1] INFO  Photon.SocketServer.ApplicationBase - Application stop: AppId=CounterPublisher
2021-05-27 01:13:29,300 [1] INFO  Photon.SocketServer.ApplicationBase - Application start: AppId=CounterPublisher; AppPath=D:\BattleRoyalServer\PhotonBase\deploy\CounterPublisher, Type=Photon.CounterPublisher.Application 
2021-05-27 01:13:29,326 [1] INFO  Photon.SocketServer.Diagnostics.CounterPublisher - CounterPublisher started publishing ExitGames.Diagnostics.Monitoring.CounterSamplePublisher to ExitGames.Diagnostics.Monitoring.CounterSampleSender
2021-05-27 08:38:04,030 [1] INFO  Photon.SocketServer.ApplicationBase - Application start: AppId=CounterPublisher; AppPath=D:\BattleRoyalServer\PhotonBase\deploy\CounterPublisher, Type=Photon.CounterPublisher.Application 
2021-05-27 08:38:04,069 [1] INFO  Photon.SocketServer.Diagnostics.CounterPublisher - CounterPublisher started publishing ExitGames.Diagnostics.Monitoring.CounterSamplePublisher to ExitGames.Diagnostics.Monitoring.CounterSampleSender
2021-05-27 09:02:11,076 [1] INFO  Photon.SocketServer.ApplicationBase - Application is stopping: AppId=CounterPublisher
2021-05-27 09:02:11,084 [1] INFO  Photon.SocketServer.ApplicationBase - Application stop: AppId=CounterPublisher
2021-05-27 09:02:19,084 [1] INFO  Photon.SocketServer.ApplicationBase - Application start: AppId=CounterPublisher; AppPath=D:\BattleRoyalServer\PhotonBase\deploy\CounterPublisher, Type=Photon.CounterPublisher.Application 
2021-05-27 09:02:19,108 [1] INFO  Photon.SocketServer.Diagnostics.CounterPublisher - CounterPublisher started publishing ExitGames.Diagnostics.Monitoring.CounterSamplePublisher to ExitGames.Diagnostics.Monitoring.CounterSampleSender
2021-05-27 09:05:10,620 [1] INFO  Photon.SocketServer.ApplicationBase - Application is stopping: AppId=CounterPublisher
2021-05-27 09:05:10,642 [1] INFO  Photon.SocketServer.ApplicationBase - Application stop: AppId=CounterPublisher
2021-05-27 09:05:20,760 [1] INFO  Photon.SocketServer.ApplicationBase - Application start: AppId=CounterPublisher; AppPath=D:\BattleRoyalServer\PhotonBase\deploy\CounterPublisher, Type=Photon.CounterPublisher.Application 
2021-05-27 09:05:20,786 [1] INFO  Photon.SocketServer.Diagnostics.CounterPublisher - CounterPublisher started publishing ExitGames.Diagnostics.Monitoring.CounterSamplePublisher to ExitGames.Diagnostics.Monitoring.CounterSampleSender
2021-05-27 09:10:16,066 [1] INFO  Photon.SocketServer.ApplicationBase - Application is stopping: AppId=CounterPublisher
2021-05-27 09:10:16,083 [1] INFO  Photon.SocketServer.ApplicationBase - Application stop: AppId=CounterPublisher
2021-05-27 09:10:29,173 [1] INFO  Photon.SocketServer.ApplicationBase - Application start: AppId=CounterPublisher; AppPath=D:\BattleRoyalServer\PhotonBase\deploy\CounterPublisher, Type=Photon.CounterPublisher.Application 
2021-05-27 09:10:29,214 [1] INFO  Photon.SocketServer.Diagnostics.CounterPublisher - CounterPublisher started publishing ExitGames.Diagnostics.Monitoring.CounterSamplePublisher to ExitGames.Diagnostics.Monitoring.CounterSampleSender
2021-05-28 17:57:43,908 [1] INFO  Photon.SocketServer.ApplicationBase - Application start: AppId=CounterPublisher; AppPath=D:\BattleRoyalServer\PhotonBase\deploy\CounterPublisher, Type=Photon.CounterPublisher.Application 
2021-05-28 17:57:43,960 [1] INFO  Photon.SocketServer.Diagnostics.CounterPublisher - CounterPublisher started publishing ExitGames.Diagnostics.Monitoring.CounterSamplePublisher to ExitGames.Diagnostics.Monitoring.CounterSampleSender
2021-05-28 18:02:28,478 [1] INFO  Photon.SocketServer.ApplicationBase - Application is stopping: AppId=CounterPublisher
2021-05-28 18:02:28,506 [1] INFO  Photon.SocketServer.ApplicationBase - Application stop: AppId=CounterPublisher
2021-05-28 18:02:41,486 [1] INFO  Photon.SocketServer.ApplicationBase - Application start: AppId=CounterPublisher; AppPath=D:\BattleRoyalServer\PhotonBase\deploy\CounterPublisher, Type=Photon.CounterPublisher.Application 
2021-05-28 18:02:41,510 [1] INFO  Photon.SocketServer.Diagnostics.CounterPublisher - CounterPublisher started publishing ExitGames.Diagnostics.Monitoring.CounterSamplePublisher to ExitGames.Diagnostics.Monitoring.CounterSampleSender
2021-05-28 18:42:25,972 [1] INFO  Photon.SocketServer.ApplicationBase - Application is stopping: AppId=CounterPublisher
2021-05-28 18:42:25,985 [1] INFO  Photon.SocketServer.ApplicationBase - Application stop: AppId=CounterPublisher
2021-05-28 18:42:34,138 [1] INFO  Photon.SocketServer.ApplicationBase - Application start: AppId=CounterPublisher; AppPath=D:\BattleRoyalServer\PhotonBase\deploy\CounterPublisher, Type=Photon.CounterPublisher.Application 
2021-05-28 18:42:34,160 [1] INFO  Photon.SocketServer.Diagnostics.CounterPublisher - CounterPublisher started publishing ExitGames.Diagnostics.Monitoring.CounterSamplePublisher to ExitGames.Diagnostics.Monitoring.CounterSampleSender
2021-05-28 19:50:17,515 [1] INFO  Photon.SocketServer.ApplicationBase - Application is stopping: AppId=CounterPublisher
2021-05-28 19:50:17,532 [1] INFO  Photon.SocketServer.ApplicationBase - Application stop: AppId=CounterPublisher
2021-05-28 19:50:26,384 [1] INFO  Photon.SocketServer.ApplicationBase - Application start: AppId=CounterPublisher; AppPath=D:\BattleRoyalServer\PhotonBase\deploy\CounterPublisher, Type=Photon.CounterPublisher.Application 
2021-05-28 19:50:26,410 [1] INFO  Photon.SocketServer.Diagnostics.CounterPublisher - CounterPublisher started publishing ExitGames.Diagnostics.Monitoring.CounterSamplePublisher to ExitGames.Diagnostics.Monitoring.CounterSampleSender
2021-05-28 19:58:38,932 [1] INFO  Photon.SocketServer.ApplicationBase - Application is stopping: AppId=CounterPublisher
2021-05-28 19:58:38,949 [1] INFO  Photon.SocketServer.ApplicationBase - Application stop: AppId=CounterPublisher
2021-05-28 19:58:48,694 [1] INFO  Photon.SocketServer.ApplicationBase - Application start: AppId=CounterPublisher; AppPath=D:\BattleRoyalServer\PhotonBase\deploy\CounterPublisher, Type=Photon.CounterPublisher.Application 
2021-05-28 19:58:48,716 [1] INFO  Photon.SocketServer.Diagnostics.CounterPublisher - CounterPublisher started publishing ExitGames.Diagnostics.Monitoring.CounterSamplePublisher to ExitGames.Diagnostics.Monitoring.CounterSampleSender
2021-05-30 18:23:49,747 [1] INFO  Photon.SocketServer.ApplicationBase - Application start: AppId=CounterPublisher; AppPath=D:\BattleRoyalServer\PhotonBase\deploy\CounterPublisher, Type=Photon.CounterPublisher.Application 
2021-05-30 18:23:49,805 [1] INFO  Photon.SocketServer.Diagnostics.CounterPublisher - CounterPublisher started publishing ExitGames.Diagnostics.Monitoring.CounterSamplePublisher to ExitGames.Diagnostics.Monitoring.CounterSampleSender
2021-05-31 14:49:56,629 [1] INFO  Photon.SocketServer.ApplicationBase - Application start: AppId=CounterPublisher; AppPath=D:\BattleRoyalServer\PhotonBase\deploy\CounterPublisher, Type=Photon.CounterPublisher.Application 
2021-05-31 14:49:56,667 [1] INFO  Photon.SocketServer.Diagnostics.CounterPublisher - CounterPublisher started publishing ExitGames.Diagnostics.Monitoring.CounterSamplePublisher to ExitGames.Diagnostics.Monitoring.CounterSampleSender
2021-05-31 14:52:36,566 [1] INFO  Photon.SocketServer.ApplicationBase - Application is stopping: AppId=CounterPublisher
2021-05-31 14:52:36,598 [1] INFO  Photon.SocketServer.ApplicationBase - Application stop: AppId=CounterPublisher
2021-05-31 14:52:46,930 [1] INFO  Photon.SocketServer.ApplicationBase - Application start: AppId=CounterPublisher; AppPath=D:\BattleRoyalServer\PhotonBase\deploy\CounterPublisher, Type=Photon.CounterPublisher.Application 
2021-05-31 14:52:46,952 [1] INFO  Photon.SocketServer.Diagnostics.CounterPublisher - CounterPublisher started publishing ExitGames.Diagnostics.Monitoring.CounterSamplePublisher to ExitGames.Diagnostics.Monitoring.CounterSampleSender
2021-05-31 14:54:22,995 [1] INFO  Photon.SocketServer.ApplicationBase - Application is stopping: AppId=CounterPublisher
2021-05-31 14:54:23,008 [1] INFO  Photon.SocketServer.ApplicationBase - Application stop: AppId=CounterPublisher
2021-05-31 14:54:30,308 [1] INFO  Photon.SocketServer.ApplicationBase - Application start: AppId=CounterPublisher; AppPath=D:\BattleRoyalServer\PhotonBase\deploy\CounterPublisher, Type=Photon.CounterPublisher.Application 
2021-05-31 14:54:30,334 [1] INFO  Photon.SocketServer.Diagnostics.CounterPublisher - CounterPublisher started publishing ExitGames.Diagnostics.Monitoring.CounterSamplePublisher to ExitGames.Diagnostics.Monitoring.CounterSampleSender
2021-05-31 14:57:54,488 [1] INFO  Photon.SocketServer.ApplicationBase - Application is stopping: AppId=CounterPublisher
2021-05-31 14:57:54,508 [1] INFO  Photon.SocketServer.ApplicationBase - Application stop: AppId=CounterPublisher
2021-05-31 14:58:04,152 [1] INFO  Photon.SocketServer.ApplicationBase - Application start: AppId=CounterPublisher; AppPath=D:\BattleRoyalServer\PhotonBase\deploy\CounterPublisher, Type=Photon.CounterPublisher.Application 
2021-05-31 14:58:04,183 [1] INFO  Photon.SocketServer.Diagnostics.CounterPublisher - CounterPublisher started publishing ExitGames.Diagnostics.Monitoring.CounterSamplePublisher to ExitGames.Diagnostics.Monitoring.CounterSampleSender
2021-05-31 15:02:06,100 [1] INFO  Photon.SocketServer.ApplicationBase - Application is stopping: AppId=CounterPublisher
2021-05-31 15:02:06,125 [1] INFO  Photon.SocketServer.ApplicationBase - Application stop: AppId=CounterPublisher
2021-05-31 15:02:14,862 [1] INFO  Photon.SocketServer.ApplicationBase - Application start: AppId=CounterPublisher; AppPath=D:\BattleRoyalServer\PhotonBase\deploy\CounterPublisher, Type=Photon.CounterPublisher.Application 
2021-05-31 15:02:14,884 [1] INFO  Photon.SocketServer.Diagnostics.CounterPublisher - CounterPublisher started publishing ExitGames.Diagnostics.Monitoring.CounterSamplePublisher to ExitGames.Diagnostics.Monitoring.CounterSampleSender
2021-05-31 15:06:11,323 [1] INFO  Photon.SocketServer.ApplicationBase - Application is stopping: AppId=CounterPublisher
2021-05-31 15:06:11,331 [1] INFO  Photon.SocketServer.ApplicationBase - Application stop: AppId=CounterPublisher
2021-05-31 15:06:22,087 [1] INFO  Photon.SocketServer.ApplicationBase - Application start: AppId=CounterPublisher; AppPath=D:\BattleRoyalServer\PhotonBase\deploy\CounterPublisher, Type=Photon.CounterPublisher.Application 
2021-05-31 15:06:22,113 [1] INFO  Photon.SocketServer.Diagnostics.CounterPublisher - CounterPublisher started publishing ExitGames.Diagnostics.Monitoring.CounterSamplePublisher to ExitGames.Diagnostics.Monitoring.CounterSampleSender
2021-05-31 15:23:03,050 [1] INFO  Photon.SocketServer.ApplicationBase - Application is stopping: AppId=CounterPublisher
2021-05-31 15:23:03,101 [1] INFO  Photon.SocketServer.ApplicationBase - Application stop: AppId=CounterPublisher
2021-05-31 15:23:12,630 [1] INFO  Photon.SocketServer.ApplicationBase - Application start: AppId=CounterPublisher; AppPath=D:\BattleRoyalServer\PhotonBase\deploy\CounterPublisher, Type=Photon.CounterPublisher.Application 
2021-05-31 15:23:12,658 [1] INFO  Photon.SocketServer.Diagnostics.CounterPublisher - CounterPublisher started publishing ExitGames.Diagnostics.Monitoring.CounterSamplePublisher to ExitGames.Diagnostics.Monitoring.CounterSampleSender
2021-05-31 15:56:12,996 [1] INFO  Photon.SocketServer.ApplicationBase - Application is stopping: AppId=CounterPublisher
2021-05-31 15:56:13,014 [1] INFO  Photon.SocketServer.ApplicationBase - Application stop: AppId=CounterPublisher
2021-05-31 15:56:21,555 [1] INFO  Photon.SocketServer.ApplicationBase - Application start: AppId=CounterPublisher; AppPath=D:\BattleRoyalServer\PhotonBase\deploy\CounterPublisher, Type=Photon.CounterPublisher.Application 
2021-05-31 15:56:21,582 [1] INFO  Photon.SocketServer.Diagnostics.CounterPublisher - CounterPublisher started publishing ExitGames.Diagnostics.Monitoring.CounterSamplePublisher to ExitGames.Diagnostics.Monitoring.CounterSampleSender
2021-05-31 16:26:56,768 [1] INFO  Photon.SocketServer.ApplicationBase - Application is stopping: AppId=CounterPublisher
2021-05-31 16:26:56,780 [1] INFO  Photon.SocketServer.ApplicationBase - Application stop: AppId=CounterPublisher
2021-05-31 16:27:06,581 [1] INFO  Photon.SocketServer.ApplicationBase - Application start: AppId=CounterPublisher; AppPath=D:\BattleRoyalServer\PhotonBase\deploy\CounterPublisher, Type=Photon.CounterPublisher.Application 
2021-05-31 16:27:06,603 [1] INFO  Photon.SocketServer.Diagnostics.CounterPublisher - CounterPublisher started publishing ExitGames.Diagnostics.Monitoring.CounterSamplePublisher to ExitGames.Diagnostics.Monitoring.CounterSampleSender
2021-05-31 17:02:49,578 [1] INFO  Photon.SocketServer.ApplicationBase - Application is stopping: AppId=CounterPublisher
2021-05-31 17:02:49,598 [1] INFO  Photon.SocketServer.ApplicationBase - Application stop: AppId=CounterPublisher
2021-05-31 17:03:02,240 [1] INFO  Photon.SocketServer.ApplicationBase - Application start: AppId=CounterPublisher; AppPath=D:\BattleRoyalServer\PhotonBase\deploy\CounterPublisher, Type=Photon.CounterPublisher.Application 
2021-05-31 17:03:02,265 [1] INFO  Photon.SocketServer.Diagnostics.CounterPublisher - CounterPublisher started publishing ExitGames.Diagnostics.Monitoring.CounterSamplePublisher to ExitGames.Diagnostics.Monitoring.CounterSampleSender
2021-05-31 17:46:50,081 [1] INFO  Photon.SocketServer.ApplicationBase - Application is stopping: AppId=CounterPublisher
2021-05-31 17:46:50,104 [1] INFO  Photon.SocketServer.ApplicationBase - Application stop: AppId=CounterPublisher
2021-05-31 17:46:57,870 [1] INFO  Photon.SocketServer.ApplicationBase - Application start: AppId=CounterPublisher; AppPath=D:\BattleRoyalServer\PhotonBase\deploy\CounterPublisher, Type=Photon.CounterPublisher.Application 
2021-05-31 17:46:57,892 [1] INFO  Photon.SocketServer.Diagnostics.CounterPublisher - CounterPublisher started publishing ExitGames.Diagnostics.Monitoring.CounterSamplePublisher to ExitGames.Diagnostics.Monitoring.CounterSampleSender
2021-05-31 17:55:46,334 [1] INFO  Photon.SocketServer.ApplicationBase - Application is stopping: AppId=CounterPublisher
2021-05-31 17:55:46,350 [1] INFO  Photon.SocketServer.ApplicationBase - Application stop: AppId=CounterPublisher
2021-05-31 17:55:55,052 [1] INFO  Photon.SocketServer.ApplicationBase - Application start: AppId=CounterPublisher; AppPath=D:\BattleRoyalServer\PhotonBase\deploy\CounterPublisher, Type=Photon.CounterPublisher.Application 
2021-05-31 17:55:55,076 [1] INFO  Photon.SocketServer.Diagnostics.CounterPublisher - CounterPublisher started publishing ExitGames.Diagnostics.Monitoring.CounterSamplePublisher to ExitGames.Diagnostics.Monitoring.CounterSampleSender
2021-05-31 17:57:34,341 [1] INFO  Photon.SocketServer.ApplicationBase - Application is stopping: AppId=CounterPublisher
2021-05-31 17:57:34,359 [1] INFO  Photon.SocketServer.ApplicationBase - Application stop: AppId=CounterPublisher
2021-05-31 17:57:42,294 [1] INFO  Photon.SocketServer.ApplicationBase - Application start: AppId=CounterPublisher; AppPath=D:\BattleRoyalServer\PhotonBase\deploy\CounterPublisher, Type=Photon.CounterPublisher.Application 
2021-05-31 17:57:42,319 [1] INFO  Photon.SocketServer.Diagnostics.CounterPublisher - CounterPublisher started publishing ExitGames.Diagnostics.Monitoring.CounterSamplePublisher to ExitGames.Diagnostics.Monitoring.CounterSampleSender
2021-05-31 18:36:01,425 [1] INFO  Photon.SocketServer.ApplicationBase - Application is stopping: AppId=CounterPublisher
2021-05-31 18:36:01,441 [1] INFO  Photon.SocketServer.ApplicationBase - Application stop: AppId=CounterPublisher
2021-05-31 18:36:11,260 [1] INFO  Photon.SocketServer.ApplicationBase - Application start: AppId=CounterPublisher; AppPath=D:\BattleRoyalServer\PhotonBase\deploy\CounterPublisher, Type=Photon.CounterPublisher.Application 
2021-05-31 18:36:11,293 [1] INFO  Photon.SocketServer.Diagnostics.CounterPublisher - CounterPublisher started publishing ExitGames.Diagnostics.Monitoring.CounterSamplePublisher to ExitGames.Diagnostics.Monitoring.CounterSampleSender
2021-05-31 19:31:35,863 [1] INFO  Photon.SocketServer.ApplicationBase - Application is stopping: AppId=CounterPublisher
2021-05-31 19:31:35,890 [1] INFO  Photon.SocketServer.ApplicationBase - Application stop: AppId=CounterPublisher
2021-05-31 19:34:55,909 [1] INFO  Photon.SocketServer.ApplicationBase - Application start: AppId=CounterPublisher; AppPath=D:\BattleRoyalServer\PhotonBase\deploy\CounterPublisher, Type=Photon.CounterPublisher.Application 
2021-05-31 19:34:55,938 [1] INFO  Photon.SocketServer.Diagnostics.CounterPublisher - CounterPublisher started publishing ExitGames.Diagnostics.Monitoring.CounterSamplePublisher to ExitGames.Diagnostics.Monitoring.CounterSampleSender
2021-05-31 19:36:40,239 [1] INFO  Photon.SocketServer.ApplicationBase - Application is stopping: AppId=CounterPublisher
2021-05-31 19:36:40,252 [1] INFO  Photon.SocketServer.ApplicationBase - Application stop: AppId=CounterPublisher
2021-05-31 19:36:48,602 [1] INFO  Photon.SocketServer.ApplicationBase - Application start: AppId=CounterPublisher; AppPath=D:\BattleRoyalServer\PhotonBase\deploy\CounterPublisher, Type=Photon.CounterPublisher.Application 
2021-05-31 19:36:48,624 [1] INFO  Photon.SocketServer.Diagnostics.CounterPublisher - CounterPublisher started publishing ExitGames.Diagnostics.Monitoring.CounterSamplePublisher to ExitGames.Diagnostics.Monitoring.CounterSampleSender
2021-05-31 19:41:43,830 [1] INFO  Photon.SocketServer.ApplicationBase - Application is stopping: AppId=CounterPublisher
2021-05-31 19:41:43,846 [1] INFO  Photon.SocketServer.ApplicationBase - Application stop: AppId=CounterPublisher
2021-05-31 19:41:55,296 [1] INFO  Photon.SocketServer.ApplicationBase - Application start: AppId=CounterPublisher; AppPath=D:\BattleRoyalServer\PhotonBase\deploy\CounterPublisher, Type=Photon.CounterPublisher.Application 
2021-05-31 19:41:55,324 [1] INFO  Photon.SocketServer.Diagnostics.CounterPublisher - CounterPublisher started publishing ExitGames.Diagnostics.Monitoring.CounterSamplePublisher to ExitGames.Diagnostics.Monitoring.CounterSampleSender
2021-05-31 19:56:32,817 [1] INFO  Photon.SocketServer.ApplicationBase - Application is stopping: AppId=CounterPublisher
2021-05-31 19:56:32,836 [1] INFO  Photon.SocketServer.ApplicationBase - Application stop: AppId=CounterPublisher
2021-05-31 19:56:45,536 [1] INFO  Photon.SocketServer.ApplicationBase - Application start: AppId=CounterPublisher; AppPath=D:\BattleRoyalServer\PhotonBase\deploy\CounterPublisher, Type=Photon.CounterPublisher.Application 
2021-05-31 19:56:45,563 [1] INFO  Photon.SocketServer.Diagnostics.CounterPublisher - CounterPublisher started publishing ExitGames.Diagnostics.Monitoring.CounterSamplePublisher to ExitGames.Diagnostics.Monitoring.CounterSampleSender
2021-05-31 20:55:23,544 [1] INFO  Photon.SocketServer.ApplicationBase - Application is stopping: AppId=CounterPublisher
2021-05-31 20:55:23,565 [1] INFO  Photon.SocketServer.ApplicationBase - Application stop: AppId=CounterPublisher
2021-05-31 20:55:33,936 [1] INFO  Photon.SocketServer.ApplicationBase - Application start: AppId=CounterPublisher; AppPath=D:\BattleRoyalServer\PhotonBase\deploy\CounterPublisher, Type=Photon.CounterPublisher.Application 
2021-05-31 20:55:33,965 [1] INFO  Photon.SocketServer.Diagnostics.CounterPublisher - CounterPublisher started publishing ExitGames.Diagnostics.Monitoring.CounterSamplePublisher to ExitGames.Diagnostics.Monitoring.CounterSampleSender
2021-05-31 21:22:54,926 [1] INFO  Photon.SocketServer.ApplicationBase - Application is stopping: AppId=CounterPublisher
2021-05-31 21:22:54,944 [1] INFO  Photon.SocketServer.ApplicationBase - Application stop: AppId=CounterPublisher
2021-05-31 21:23:05,084 [1] INFO  Photon.SocketServer.ApplicationBase - Application start: AppId=CounterPublisher; AppPath=D:\BattleRoyalServer\PhotonBase\deploy\CounterPublisher, Type=Photon.CounterPublisher.Application 
2021-05-31 21:23:05,111 [1] INFO  Photon.SocketServer.Diagnostics.CounterPublisher - CounterPublisher started publishing ExitGames.Diagnostics.Monitoring.CounterSamplePublisher to ExitGames.Diagnostics.Monitoring.CounterSampleSender
2021-05-31 21:53:13,542 [1] INFO  Photon.SocketServer.ApplicationBase - Application is stopping: AppId=CounterPublisher
2021-05-31 21:53:13,568 [1] INFO  Photon.SocketServer.ApplicationBase - Application stop: AppId=CounterPublisher
2021-05-31 22:32:47,599 [1] INFO  Photon.SocketServer.ApplicationBase - Application start: AppId=CounterPublisher; AppPath=D:\BattleRoyalServer\PhotonBase\deploy\CounterPublisher, Type=Photon.CounterPublisher.Application 
2021-05-31 22:32:47,621 [1] INFO  Photon.SocketServer.Diagnostics.CounterPublisher - CounterPublisher started publishing ExitGames.Diagnostics.Monitoring.CounterSamplePublisher to ExitGames.Diagnostics.Monitoring.CounterSampleSender
2021-05-31 22:39:32,585 [1] INFO  Photon.SocketServer.ApplicationBase - Application is stopping: AppId=CounterPublisher
2021-05-31 22:39:32,594 [1] INFO  Photon.SocketServer.ApplicationBase - Application stop: AppId=CounterPublisher
2021-05-31 22:39:40,948 [1] INFO  Photon.SocketServer.ApplicationBase - Application start: AppId=CounterPublisher; AppPath=D:\BattleRoyalServer\PhotonBase\deploy\CounterPublisher, Type=Photon.CounterPublisher.Application 
2021-05-31 22:39:40,971 [1] INFO  Photon.SocketServer.Diagnostics.CounterPublisher - CounterPublisher started publishing ExitGames.Diagnostics.Monitoring.CounterSamplePublisher to ExitGames.Diagnostics.Monitoring.CounterSampleSender
